<?xml version="1.0" encoding="UTF-8"?>
<coverage generated="1612196751983" clover="3.2.0">
  <project timestamp="1612196751983" name="All files">
    <metrics statements="714" coveredstatements="652" conditionals="596" coveredconditionals="455" methods="165" coveredmethods="147" elements="1475" coveredelements="1254" complexity="0" loc="714" ncloc="714" packages="40" files="55" classes="55"/>
    <package name="components.Accordion">
      <metrics statements="10" coveredstatements="9" conditionals="0" coveredconditionals="0" methods="2" coveredmethods="1"/>
      <file name="Accordion.tsx" path="/home/senior/projects/linda-platform/packages/ui/src/components/Accordion/Accordion.tsx">
        <metrics statements="10" coveredstatements="9" conditionals="0" coveredconditionals="0" methods="2" coveredmethods="1"/>
        <line num="1" count="2" type="stmt"/>
        <line num="7" count="2" type="stmt"/>
        <line num="8" count="2" type="stmt"/>
        <line num="9" count="2" type="stmt"/>
        <line num="16" count="2" type="stmt"/>
        <line num="17" count="2" type="stmt"/>
        <line num="18" count="1" type="stmt"/>
        <line num="20" count="1" type="stmt"/>
        <line num="24" count="0" type="stmt"/>
        <line num="32" count="2" type="stmt"/>
      </file>
    </package>
    <package name="components.Accordion.AccordionContent">
      <metrics statements="6" coveredstatements="6" conditionals="6" coveredconditionals="5" methods="2" coveredmethods="2"/>
      <file name="AccordionContent.tsx" path="/home/senior/projects/linda-platform/packages/ui/src/components/Accordion/AccordionContent/AccordionContent.tsx">
        <metrics statements="6" coveredstatements="6" conditionals="6" coveredconditionals="5" methods="2" coveredmethods="2"/>
        <line num="2" count="2" type="stmt"/>
        <line num="8" count="2" type="cond" truecount="2" falsecount="0"/>
        <line num="14" count="2" type="cond" truecount="2" falsecount="0"/>
        <line num="15" count="1" type="stmt"/>
        <line num="20" count="1" type="cond" truecount="1" falsecount="1"/>
        <line num="23" count="2" type="stmt"/>
      </file>
    </package>
    <package name="components.Accordion.AccordionLabel">
      <metrics statements="8" coveredstatements="8" conditionals="6" coveredconditionals="5" methods="3" coveredmethods="3"/>
      <file name="AccordionLabel.tsx" path="/home/senior/projects/linda-platform/packages/ui/src/components/Accordion/AccordionLabel/AccordionLabel.tsx">
        <metrics statements="8" coveredstatements="8" conditionals="6" coveredconditionals="5" methods="3" coveredmethods="3"/>
        <line num="2" count="2" type="stmt"/>
        <line num="3" count="2" type="stmt"/>
        <line num="9" count="2" type="cond" truecount="2" falsecount="0"/>
        <line num="15" count="2" type="cond" truecount="2" falsecount="0"/>
        <line num="16" count="1" type="stmt"/>
        <line num="23" count="1" type="stmt"/>
        <line num="34" count="1" type="cond" truecount="1" falsecount="1"/>
        <line num="37" count="2" type="stmt"/>
      </file>
    </package>
    <package name="components.Accordion.AccordionWrapper">
      <metrics statements="6" coveredstatements="6" conditionals="2" coveredconditionals="2" methods="3" coveredmethods="3"/>
      <file name="AccordionWrapper.tsx" path="/home/senior/projects/linda-platform/packages/ui/src/components/Accordion/AccordionWrapper/AccordionWrapper.tsx">
        <metrics statements="6" coveredstatements="6" conditionals="2" coveredconditionals="2" methods="3" coveredmethods="3"/>
        <line num="2" count="2" type="stmt"/>
        <line num="8" count="2" type="cond" truecount="2" falsecount="0"/>
        <line num="9" count="1" type="stmt"/>
        <line num="10" count="1" type="stmt"/>
        <line num="12" count="1" type="stmt"/>
        <line num="18" count="2" type="stmt"/>
      </file>
    </package>
    <package name="components.Alert">
      <metrics statements="58" coveredstatements="55" conditionals="44" coveredconditionals="39" methods="17" coveredmethods="16"/>
      <file name="Alert.tsx" path="/home/senior/projects/linda-platform/packages/ui/src/components/Alert/Alert.tsx">
        <metrics statements="14" coveredstatements="11" conditionals="8" coveredconditionals="5" methods="2" coveredmethods="1"/>
        <line num="1" count="2" type="stmt"/>
        <line num="2" count="2" type="stmt"/>
        <line num="3" count="2" type="stmt"/>
        <line num="4" count="2" type="stmt"/>
        <line num="5" count="2" type="stmt"/>
        <line num="13" count="2" type="stmt"/>
        <line num="14" count="20" type="stmt"/>
        <line num="15" count="80" type="stmt"/>
        <line num="17" count="20" type="stmt"/>
        <line num="18" count="0" type="stmt"/>
        <line num="19" count="0" type="cond" truecount="0" falsecount="2"/>
        <line num="20" count="0" type="stmt"/>
        <line num="24" count="20" type="stmt"/>
        <line num="40" count="2" type="stmt"/>
      </file>
      <file name="AlertStyledComponent.tsx" path="/home/senior/projects/linda-platform/packages/ui/src/components/Alert/AlertStyledComponent.tsx">
        <metrics statements="22" coveredstatements="22" conditionals="18" coveredconditionals="17" methods="7" coveredmethods="7"/>
        <line num="2" count="2" type="stmt"/>
        <line num="3" count="2" type="stmt"/>
        <line num="12" count="2" type="cond" truecount="2" falsecount="0"/>
        <line num="13" count="4" type="stmt"/>
        <line num="16" count="2" type="cond" truecount="2" falsecount="0"/>
        <line num="17" count="4" type="stmt"/>
        <line num="20" count="2" type="cond" truecount="2" falsecount="0"/>
        <line num="21" count="4" type="stmt"/>
        <line num="24" count="2" type="cond" truecount="2" falsecount="0"/>
        <line num="25" count="4" type="stmt"/>
        <line num="28" count="2" type="cond" truecount="2" falsecount="0"/>
        <line num="29" count="4" type="stmt"/>
        <line num="32" count="2" type="cond" truecount="2" falsecount="0"/>
        <line num="37" count="20" type="stmt"/>
        <line num="47" count="20" type="stmt"/>
        <line num="48" count="20" type="stmt"/>
        <line num="50" count="4" type="stmt"/>
        <line num="52" count="4" type="stmt"/>
        <line num="54" count="4" type="stmt"/>
        <line num="56" count="4" type="stmt"/>
        <line num="59" count="4" type="stmt"/>
        <line num="69" count="2" type="stmt"/>
      </file>
      <file name="CloseButton.tsx" path="/home/senior/projects/linda-platform/packages/ui/src/components/Alert/CloseButton.tsx">
        <metrics statements="22" coveredstatements="22" conditionals="18" coveredconditionals="17" methods="8" coveredmethods="8"/>
        <line num="2" count="2" type="stmt"/>
        <line num="9" count="2" type="cond" truecount="2" falsecount="0"/>
        <line num="10" count="2" type="stmt"/>
        <line num="13" count="2" type="cond" truecount="2" falsecount="0"/>
        <line num="14" count="2" type="stmt"/>
        <line num="17" count="2" type="cond" truecount="2" falsecount="0"/>
        <line num="18" count="2" type="stmt"/>
        <line num="21" count="2" type="cond" truecount="2" falsecount="0"/>
        <line num="22" count="2" type="stmt"/>
        <line num="25" count="2" type="cond" truecount="2" falsecount="0"/>
        <line num="26" count="2" type="stmt"/>
        <line num="29" count="2" type="cond" truecount="2" falsecount="0"/>
        <line num="31" count="10" type="stmt"/>
        <line num="34" count="10" type="stmt"/>
        <line num="42" count="10" type="stmt"/>
        <line num="43" count="10" type="stmt"/>
        <line num="45" count="2" type="stmt"/>
        <line num="47" count="2" type="stmt"/>
        <line num="49" count="2" type="stmt"/>
        <line num="51" count="2" type="stmt"/>
        <line num="54" count="2" type="stmt"/>
        <line num="59" count="2" type="stmt"/>
      </file>
    </package>
    <package name="components.Button">
      <metrics statements="59" coveredstatements="59" conditionals="59" coveredconditionals="59" methods="12" coveredmethods="12"/>
      <file name="Button.tsx" path="/home/senior/projects/linda-platform/packages/ui/src/components/Button/Button.tsx">
        <metrics statements="59" coveredstatements="59" conditionals="59" coveredconditionals="59" methods="12" coveredmethods="12"/>
        <line num="2" count="8" type="stmt"/>
        <line num="3" count="8" type="stmt"/>
        <line num="16" count="8" type="cond" truecount="2" falsecount="0"/>
        <line num="22" count="8" type="cond" truecount="2" falsecount="0"/>
        <line num="28" count="8" type="cond" truecount="2" falsecount="0"/>
        <line num="34" count="8" type="cond" truecount="2" falsecount="0"/>
        <line num="37" count="16" type="stmt"/>
        <line num="38" count="16" type="cond" truecount="2" falsecount="0"/>
        <line num="39" count="2" type="stmt"/>
        <line num="42" count="14" type="stmt"/>
        <line num="44" count="1" type="stmt"/>
        <line num="46" count="1" type="stmt"/>
        <line num="48" count="1" type="stmt"/>
        <line num="51" count="11" type="stmt"/>
        <line num="55" count="16" type="stmt"/>
        <line num="56" count="16" type="cond" truecount="2" falsecount="0"/>
        <line num="59" count="8" type="cond" truecount="2" falsecount="0"/>
        <line num="61" count="20" type="stmt"/>
        <line num="62" count="20" type="cond" truecount="2" falsecount="0"/>
        <line num="65" count="8" type="cond" truecount="2" falsecount="0"/>
        <line num="66" count="30" type="stmt"/>
        <line num="67" count="30" type="cond" truecount="2" falsecount="0"/>
        <line num="68" count="2" type="stmt"/>
        <line num="71" count="28" type="stmt"/>
        <line num="73" count="1" type="stmt"/>
        <line num="75" count="1" type="stmt"/>
        <line num="77" count="1" type="stmt"/>
        <line num="80" count="25" type="stmt"/>
        <line num="83" count="30" type="stmt"/>
        <line num="84" count="30" type="cond" truecount="2" falsecount="0"/>
        <line num="87" count="8" type="cond" truecount="2" falsecount="0"/>
        <line num="88" count="2" type="stmt"/>
        <line num="91" count="8" type="cond" truecount="2" falsecount="0"/>
        <line num="92" count="2" type="stmt"/>
        <line num="95" count="8" type="cond" truecount="2" falsecount="0"/>
        <line num="96" count="2" type="stmt"/>
        <line num="99" count="8" type="cond" truecount="2" falsecount="0"/>
        <line num="100" count="2" type="stmt"/>
        <line num="103" count="8" type="cond" truecount="2" falsecount="0"/>
        <line num="107" count="66" type="stmt"/>
        <line num="108" count="66" type="stmt"/>
        <line num="110" count="6" type="stmt"/>
        <line num="112" count="14" type="stmt"/>
        <line num="115" count="46" type="stmt"/>
        <line num="119" count="66" type="stmt"/>
        <line num="120" count="66" type="stmt"/>
        <line num="122" count="16" type="stmt"/>
        <line num="124" count="20" type="stmt"/>
        <line num="127" count="30" type="stmt"/>
        <line num="131" count="66" type="stmt"/>
        <line num="132" count="66" type="cond" truecount="4" falsecount="0"/>
        <line num="133" count="30" type="stmt"/>
        <line num="136" count="36" type="stmt"/>
        <line num="138" count="2" type="stmt"/>
        <line num="140" count="2" type="stmt"/>
        <line num="142" count="2" type="stmt"/>
        <line num="144" count="2" type="stmt"/>
        <line num="146" count="28" type="stmt"/>
        <line num="151" count="8" type="stmt"/>
      </file>
    </package>
    <package name="components.ButtonGroup">
      <metrics statements="5" coveredstatements="5" conditionals="2" coveredconditionals="2" methods="2" coveredmethods="2"/>
      <file name="ButtonGroup.tsx" path="/home/senior/projects/linda-platform/packages/ui/src/components/ButtonGroup/ButtonGroup.tsx">
        <metrics statements="5" coveredstatements="5" conditionals="2" coveredconditionals="2" methods="2" coveredmethods="2"/>
        <line num="2" count="5" type="stmt"/>
        <line num="6" count="5" type="cond" truecount="2" falsecount="0"/>
        <line num="26" count="9" type="stmt"/>
        <line num="30" count="9" type="stmt"/>
        <line num="35" count="5" type="stmt"/>
      </file>
    </package>
    <package name="components.Checkbox">
      <metrics statements="33" coveredstatements="32" conditionals="16" coveredconditionals="16" methods="11" coveredmethods="10"/>
      <file name="Checkbox.tsx" path="/home/senior/projects/linda-platform/packages/ui/src/components/Checkbox/Checkbox.tsx">
        <metrics statements="12" coveredstatements="11" conditionals="2" coveredconditionals="2" methods="2" coveredmethods="1"/>
        <line num="1" count="2" type="stmt"/>
        <line num="2" count="2" type="stmt"/>
        <line num="3" count="2" type="stmt"/>
        <line num="4" count="2" type="stmt"/>
        <line num="5" count="2" type="stmt"/>
        <line num="6" count="2" type="stmt"/>
        <line num="17" count="2" type="stmt"/>
        <line num="18" count="50" type="stmt"/>
        <line num="20" count="10" type="stmt"/>
        <line num="33" count="2" type="stmt"/>
        <line num="34" count="0" type="stmt"/>
        <line num="37" count="2" type="stmt"/>
      </file>
      <file name="CheckboxContainer.tsx" path="/home/senior/projects/linda-platform/packages/ui/src/components/Checkbox/CheckboxContainer.tsx">
        <metrics statements="6" coveredstatements="6" conditionals="4" coveredconditionals="4" methods="1" coveredmethods="1"/>
        <line num="2" count="2" type="stmt"/>
        <line num="3" count="2" type="stmt"/>
        <line num="9" count="2" type="cond" truecount="2" falsecount="0"/>
        <line num="11" count="10" type="stmt"/>
        <line num="12" count="10" type="cond" truecount="2" falsecount="0"/>
        <line num="18" count="2" type="stmt"/>
      </file>
      <file name="HiddenCheckbox.tsx" path="/home/senior/projects/linda-platform/packages/ui/src/components/Checkbox/HiddenCheckbox.tsx">
        <metrics statements="3" coveredstatements="3" conditionals="2" coveredconditionals="2" methods="0" coveredmethods="0"/>
        <line num="2" count="2" type="stmt"/>
        <line num="6" count="2" type="cond" truecount="2" falsecount="0"/>
        <line num="17" count="2" type="stmt"/>
      </file>
      <file name="VisibleCheckbox.tsx" path="/home/senior/projects/linda-platform/packages/ui/src/components/Checkbox/VisibleCheckbox.tsx">
        <metrics statements="12" coveredstatements="12" conditionals="8" coveredconditionals="8" methods="8" coveredmethods="8"/>
        <line num="2" count="2" type="stmt"/>
        <line num="9" count="2" type="cond" truecount="2" falsecount="0"/>
        <line num="10" count="4" type="stmt"/>
        <line num="11" count="4" type="stmt"/>
        <line num="12" count="4" type="stmt"/>
        <line num="15" count="2" type="cond" truecount="2" falsecount="0"/>
        <line num="17" count="10" type="stmt"/>
        <line num="18" count="10" type="stmt"/>
        <line num="20" count="10" type="stmt"/>
        <line num="28" count="10" type="cond" truecount="2" falsecount="0"/>
        <line num="31" count="10" type="cond" truecount="2" falsecount="0"/>
        <line num="35" count="2" type="stmt"/>
      </file>
    </package>
    <package name="components.Dropdown">
      <metrics statements="30" coveredstatements="21" conditionals="12" coveredconditionals="3" methods="8" coveredmethods="5"/>
      <file name="Dropdown.tsx" path="/home/senior/projects/linda-platform/packages/ui/src/components/Dropdown/Dropdown.tsx">
        <metrics statements="24" coveredstatements="15" conditionals="10" coveredconditionals="1" methods="5" coveredmethods="2"/>
        <line num="1" count="3" type="stmt"/>
        <line num="10" count="3" type="stmt"/>
        <line num="11" count="3" type="stmt"/>
        <line num="12" count="3" type="stmt"/>
        <line num="23" count="3" type="stmt"/>
        <line num="24" count="4" type="stmt"/>
        <line num="25" count="4" type="stmt"/>
        <line num="26" count="20" type="stmt"/>
        <line num="28" count="4" type="stmt"/>
        <line num="29" count="0" type="cond" truecount="0" falsecount="2"/>
        <line num="30" count="0" type="stmt"/>
        <line num="33" count="0" type="stmt"/>
        <line num="36" count="4" type="stmt"/>
        <line num="37" count="0" type="cond" truecount="0" falsecount="2"/>
        <line num="38" count="0" type="stmt"/>
        <line num="40" count="0" type="stmt"/>
        <line num="44" count="4" type="stmt"/>
        <line num="45" count="0" type="cond" truecount="0" falsecount="4"/>
        <line num="46" count="0" type="stmt"/>
        <line num="50" count="4" type="stmt"/>
        <line num="51" count="4" type="cond" truecount="1" falsecount="1"/>
        <line num="52" count="0" type="stmt"/>
        <line num="56" count="4" type="stmt"/>
        <line num="75" count="3" type="stmt"/>
      </file>
      <file name="DropdownMenuItem.tsx" path="/home/senior/projects/linda-platform/packages/ui/src/components/Dropdown/DropdownMenuItem.tsx">
        <metrics statements="6" coveredstatements="6" conditionals="2" coveredconditionals="2" methods="3" coveredmethods="3"/>
        <line num="1" count="3" type="stmt"/>
        <line num="3" count="3" type="cond" truecount="2" falsecount="0"/>
        <line num="4" count="8" type="stmt"/>
        <line num="5" count="8" type="stmt"/>
        <line num="14" count="8" type="stmt"/>
        <line num="18" count="3" type="stmt"/>
      </file>
    </package>
    <package name="components.Dropdown.Button">
      <metrics statements="13" coveredstatements="13" conditionals="2" coveredconditionals="1" methods="1" coveredmethods="1"/>
      <file name="DropdownButton.tsx" path="/home/senior/projects/linda-platform/packages/ui/src/components/Dropdown/Button/DropdownButton.tsx">
        <metrics statements="13" coveredstatements="13" conditionals="2" coveredconditionals="1" methods="1" coveredmethods="1"/>
        <line num="1" count="3" type="stmt"/>
        <line num="2" count="3" type="stmt"/>
        <line num="3" count="3" type="stmt"/>
        <line num="4" count="3" type="stmt"/>
        <line num="5" count="3" type="stmt"/>
        <line num="13" count="3" type="stmt"/>
        <line num="14" count="4" type="stmt"/>
        <line num="15" count="4" type="stmt"/>
        <line num="16" count="4" type="stmt"/>
        <line num="17" count="4" type="stmt"/>
        <line num="18" count="4" type="stmt"/>
        <line num="19" count="4" type="stmt"/>
        <line num="34" count="3" type="stmt"/>
      </file>
    </package>
    <package name="components.Dropdown.Menu">
      <metrics statements="6" coveredstatements="6" conditionals="6" coveredconditionals="5" methods="2" coveredmethods="2"/>
      <file name="DropdownMenu.tsx" path="/home/senior/projects/linda-platform/packages/ui/src/components/Dropdown/Menu/DropdownMenu.tsx">
        <metrics statements="6" coveredstatements="6" conditionals="6" coveredconditionals="5" methods="2" coveredmethods="2"/>
        <line num="2" count="3" type="stmt"/>
        <line num="10" count="3" type="cond" truecount="2" falsecount="0"/>
        <line num="15" count="3" type="cond" truecount="2" falsecount="0"/>
        <line num="16" count="4" type="stmt"/>
        <line num="25" count="4" type="cond" truecount="1" falsecount="1"/>
        <line num="28" count="3" type="stmt"/>
      </file>
    </package>
    <package name="components.Dropdown.Wrapper">
      <metrics statements="3" coveredstatements="3" conditionals="2" coveredconditionals="2" methods="0" coveredmethods="0"/>
      <file name="DropdownWrapper.tsx" path="/home/senior/projects/linda-platform/packages/ui/src/components/Dropdown/Wrapper/DropdownWrapper.tsx">
        <metrics statements="3" coveredstatements="3" conditionals="2" coveredconditionals="2" methods="0" coveredmethods="0"/>
        <line num="2" count="3" type="stmt"/>
        <line num="4" count="3" type="cond" truecount="2" falsecount="0"/>
        <line num="11" count="3" type="stmt"/>
      </file>
    </package>
    <package name="components.Grid">
      <metrics statements="93" coveredstatements="89" conditionals="233" coveredconditionals="167" methods="16" coveredmethods="16"/>
      <file name="Col.tsx" path="/home/senior/projects/linda-platform/packages/ui/src/components/Grid/Col.tsx">
        <metrics statements="43" coveredstatements="39" conditionals="207" coveredconditionals="141" methods="5" coveredmethods="5"/>
        <line num="2" count="2" type="stmt"/>
        <line num="3" count="2" type="stmt"/>
        <line num="4" count="2" type="stmt"/>
        <line num="6" count="2" type="stmt"/>
        <line num="7" count="2" type="stmt"/>
        <line num="9" count="2" type="stmt"/>
        <line num="28" count="2" type="cond" truecount="2" falsecount="0"/>
        <line num="32" count="5" type="stmt"/>
        <line num="34" count="5" type="stmt"/>
        <line num="36" count="5" type="stmt"/>
        <line num="38" count="25" type="stmt"/>
        <line num="40" count="25" type="cond" truecount="2" falsecount="0"/>
        <line num="41" count="12" type="stmt"/>
        <line num="42" count="4" type="stmt"/>
        <line num="45" count="4" type="stmt"/>
        <line num="47" count="0" type="stmt"/>
        <line num="56" count="0" type="stmt"/>
        <line num="58" count="2" type="stmt"/>
        <line num="66" count="2" type="stmt"/>
        <line num="68" count="2" type="stmt"/>
        <line num="80" count="4" type="stmt"/>
        <line num="82" count="0" type="stmt"/>
        <line num="85" count="0" type="stmt"/>
        <line num="87" count="1" type="stmt"/>
        <line num="90" count="1" type="stmt"/>
        <line num="92" count="1" type="stmt"/>
        <line num="95" count="1" type="stmt"/>
        <line num="100" count="4" type="cond" truecount="4" falsecount="0"/>
        <line num="101" count="2" type="stmt"/>
        <line num="110" count="4" type="stmt"/>
        <line num="113" count="21" type="stmt"/>
        <line num="125" count="2" type="stmt"/>
        <line num="126" count="30" type="stmt"/>
        <line num="128" count="5" type="stmt"/>
        <line num="161" count="5" type="stmt"/>
        <line num="162" count="5" type="stmt"/>
        <line num="163" count="5" type="stmt"/>
        <line num="165" count="5" type="stmt"/>
        <line num="169" count="5" type="stmt"/>
        <line num="170" count="5" type="stmt"/>
        <line num="171" count="5" type="stmt"/>
        <line num="173" count="5" type="stmt"/>
        <line num="180" count="2" type="stmt"/>
      </file>
      <file name="Container.tsx" path="/home/senior/projects/linda-platform/packages/ui/src/components/Grid/Container.tsx">
        <metrics statements="31" coveredstatements="31" conditionals="16" coveredconditionals="16" methods="5" coveredmethods="5"/>
        <line num="2" count="2" type="stmt"/>
        <line num="3" count="2" type="stmt"/>
        <line num="4" count="2" type="stmt"/>
        <line num="6" count="2" type="stmt"/>
        <line num="7" count="2" type="stmt"/>
        <line num="13" count="2" type="cond" truecount="2" falsecount="0"/>
        <line num="15" count="7" type="stmt"/>
        <line num="16" count="7" type="stmt"/>
        <line num="17" count="7" type="stmt"/>
        <line num="18" count="7" type="stmt"/>
        <line num="21" count="7" type="cond" truecount="2" falsecount="0"/>
        <line num="22" count="1" type="stmt"/>
        <line num="25" count="6" type="stmt"/>
        <line num="27" count="6" type="stmt"/>
        <line num="29" count="36" type="cond" truecount="2" falsecount="0"/>
        <line num="30" count="5" type="stmt"/>
        <line num="33" count="36" type="stmt"/>
        <line num="35" count="36" type="cond" truecount="2" falsecount="0"/>
        <line num="36" count="24" type="stmt"/>
        <line num="45" count="12" type="stmt"/>
        <line num="51" count="7" type="stmt"/>
        <line num="52" count="7" type="stmt"/>
        <line num="64" count="7" type="stmt"/>
        <line num="65" count="7" type="stmt"/>
        <line num="66" count="7" type="stmt"/>
        <line num="68" count="7" type="stmt"/>
        <line num="72" count="7" type="stmt"/>
        <line num="73" count="7" type="stmt"/>
        <line num="74" count="7" type="stmt"/>
        <line num="76" count="7" type="stmt"/>
        <line num="83" count="2" type="stmt"/>
      </file>
      <file name="Row.tsx" path="/home/senior/projects/linda-platform/packages/ui/src/components/Grid/Row.tsx">
        <metrics statements="19" coveredstatements="19" conditionals="10" coveredconditionals="10" methods="6" coveredmethods="6"/>
        <line num="2" count="2" type="stmt"/>
        <line num="3" count="2" type="stmt"/>
        <line num="4" count="2" type="stmt"/>
        <line num="17" count="2" type="cond" truecount="2" falsecount="0"/>
        <line num="28" count="2" type="cond" truecount="2" falsecount="0"/>
        <line num="29" count="6" type="stmt"/>
        <line num="32" count="8" type="stmt"/>
        <line num="33" count="8" type="stmt"/>
        <line num="44" count="8" type="stmt"/>
        <line num="45" count="8" type="stmt"/>
        <line num="46" count="8" type="stmt"/>
        <line num="48" count="8" type="stmt"/>
        <line num="52" count="8" type="stmt"/>
        <line num="53" count="8" type="stmt"/>
        <line num="54" count="8" type="stmt"/>
        <line num="56" count="8" type="stmt"/>
        <line num="59" count="8" type="cond" truecount="2" falsecount="0"/>
        <line num="60" count="8" type="cond" truecount="2" falsecount="0"/>
        <line num="63" count="2" type="stmt"/>
      </file>
    </package>
    <package name="components.ImageGallery">
      <metrics statements="45" coveredstatements="34" conditionals="20" coveredconditionals="9" methods="12" coveredmethods="8"/>
      <file name="ImageGallery.tsx" path="/home/senior/projects/linda-platform/packages/ui/src/components/ImageGallery/ImageGallery.tsx">
        <metrics statements="45" coveredstatements="34" conditionals="20" coveredconditionals="9" methods="12" coveredmethods="8"/>
        <line num="1" count="2" type="stmt"/>
        <line num="7" count="2" type="stmt"/>
        <line num="8" count="2" type="stmt"/>
        <line num="9" count="2" type="stmt"/>
        <line num="10" count="2" type="stmt"/>
        <line num="12" count="2" type="stmt"/>
        <line num="13" count="2" type="stmt"/>
        <line num="26" count="2" type="stmt"/>
        <line num="27" count="4" type="stmt"/>
        <line num="29" count="2" type="stmt"/>
        <line num="30" count="2" type="stmt"/>
        <line num="31" count="2" type="stmt"/>
        <line num="33" count="2" type="stmt"/>
        <line num="34" count="3" type="stmt"/>
        <line num="37" count="2" type="stmt"/>
        <line num="38" count="1" type="stmt"/>
        <line num="42" count="1" type="cond" truecount="1" falsecount="1"/>
        <line num="45" count="2" type="stmt"/>
        <line num="46" count="1" type="stmt"/>
        <line num="48" count="1" type="cond" truecount="1" falsecount="1"/>
        <line num="49" count="0" type="stmt"/>
        <line num="50" count="1" type="cond" truecount="1" falsecount="1"/>
        <line num="51" count="0" type="stmt"/>
        <line num="54" count="1" type="cond" truecount="1" falsecount="1"/>
        <line num="55" count="0" type="stmt"/>
        <line num="58" count="1" type="stmt"/>
        <line num="59" count="1" type="stmt"/>
        <line num="61" count="1" type="stmt"/>
        <line num="64" count="2" type="stmt"/>
        <line num="65" count="1" type="stmt"/>
        <line num="68" count="2" type="stmt"/>
        <line num="69" count="0" type="stmt"/>
        <line num="72" count="2" type="stmt"/>
        <line num="73" count="0" type="cond" truecount="0" falsecount="2"/>
        <line num="74" count="0" type="stmt"/>
        <line num="76" count="0" type="stmt"/>
        <line num="80" count="2" type="stmt"/>
        <line num="81" count="0" type="cond" truecount="0" falsecount="2"/>
        <line num="82" count="0" type="stmt"/>
        <line num="84" count="0" type="stmt"/>
        <line num="88" count="2" type="stmt"/>
        <line num="97" count="6" type="stmt"/>
        <line num="101" count="0" type="stmt"/>
        <line num="110" count="2" type="stmt"/>
        <line num="114" count="2" type="stmt"/>
      </file>
    </package>
    <package name="components.ImageGallery.CurrentImage">
      <metrics statements="9" coveredstatements="9" conditionals="0" coveredconditionals="0" methods="1" coveredmethods="1"/>
      <file name="CurrentImage.tsx" path="/home/senior/projects/linda-platform/packages/ui/src/components/ImageGallery/CurrentImage/CurrentImage.tsx">
        <metrics statements="9" coveredstatements="9" conditionals="0" coveredconditionals="0" methods="1" coveredmethods="1"/>
        <line num="1" count="2" type="stmt"/>
        <line num="2" count="2" type="stmt"/>
        <line num="3" count="2" type="stmt"/>
        <line num="4" count="2" type="stmt"/>
        <line num="5" count="2" type="stmt"/>
        <line num="14" count="2" type="stmt"/>
        <line num="15" count="4" type="stmt"/>
        <line num="17" count="1" type="stmt"/>
        <line num="34" count="2" type="stmt"/>
      </file>
    </package>
    <package name="components.Jumbotron">
      <metrics statements="12" coveredstatements="11" conditionals="9" coveredconditionals="7" methods="3" coveredmethods="3"/>
      <file name="Jumbotron.tsx" path="/home/senior/projects/linda-platform/packages/ui/src/components/Jumbotron/Jumbotron.tsx">
        <metrics statements="12" coveredstatements="11" conditionals="9" coveredconditionals="7" methods="3" coveredmethods="3"/>
        <line num="2" count="2" type="stmt"/>
        <line num="3" count="2" type="stmt"/>
        <line num="11" count="2" type="cond" truecount="2" falsecount="0"/>
        <line num="15" count="2" type="cond" truecount="2" falsecount="0"/>
        <line num="19" count="2" type="cond" truecount="2" falsecount="0"/>
        <line num="20" count="1" type="stmt"/>
        <line num="22" count="1" type="stmt"/>
        <line num="26" count="1" type="stmt"/>
        <line num="27" count="1" type="stmt"/>
        <line num="29" count="0" type="stmt"/>
        <line num="32" count="1" type="stmt"/>
        <line num="37" count="2" type="stmt"/>
      </file>
    </package>
    <package name="components.Label">
      <metrics statements="4" coveredstatements="4" conditionals="2" coveredconditionals="2" methods="0" coveredmethods="0"/>
      <file name="Label.tsx" path="/home/senior/projects/linda-platform/packages/ui/src/components/Label/Label.tsx">
        <metrics statements="4" coveredstatements="4" conditionals="2" coveredconditionals="2" methods="0" coveredmethods="0"/>
        <line num="2" count="1" type="stmt"/>
        <line num="3" count="1" type="stmt"/>
        <line num="7" count="1" type="cond" truecount="2" falsecount="0"/>
        <line num="11" count="1" type="stmt"/>
      </file>
    </package>
    <package name="components.List">
      <metrics statements="12" coveredstatements="12" conditionals="8" coveredconditionals="8" methods="5" coveredmethods="5"/>
      <file name="List.tsx" path="/home/senior/projects/linda-platform/packages/ui/src/components/List/List.tsx">
        <metrics statements="3" coveredstatements="3" conditionals="2" coveredconditionals="2" methods="0" coveredmethods="0"/>
        <line num="2" count="2" type="stmt"/>
        <line num="6" count="2" type="cond" truecount="2" falsecount="0"/>
        <line num="18" count="2" type="stmt"/>
      </file>
      <file name="ListItem.tsx" path="/home/senior/projects/linda-platform/packages/ui/src/components/List/ListItem.tsx">
        <metrics statements="9" coveredstatements="9" conditionals="6" coveredconditionals="6" methods="5" coveredmethods="5"/>
        <line num="2" count="2" type="stmt"/>
        <line num="8" count="2" type="cond" truecount="2" falsecount="0"/>
        <line num="9" count="1" type="stmt"/>
        <line num="12" count="2" type="cond" truecount="2" falsecount="0"/>
        <line num="13" count="6" type="stmt"/>
        <line num="14" count="6" type="stmt"/>
        <line num="21" count="6" type="stmt"/>
        <line num="24" count="6" type="cond" truecount="2" falsecount="0"/>
        <line num="27" count="2" type="stmt"/>
      </file>
    </package>
    <package name="components.Pagination">
      <metrics statements="40" coveredstatements="27" conditionals="30" coveredconditionals="5" methods="7" coveredmethods="4"/>
      <file name="Pagination.tsx" path="/home/senior/projects/linda-platform/packages/ui/src/components/Pagination/Pagination.tsx">
        <metrics statements="40" coveredstatements="27" conditionals="30" coveredconditionals="5" methods="7" coveredmethods="4"/>
        <line num="1" count="2" type="stmt"/>
        <line num="2" count="2" type="stmt"/>
        <line num="3" count="2" type="stmt"/>
        <line num="4" count="2" type="stmt"/>
        <line num="5" count="2" type="stmt"/>
        <line num="6" count="2" type="stmt"/>
        <line num="7" count="2" type="stmt"/>
        <line num="9" count="2" type="stmt"/>
        <line num="22" count="2" type="stmt"/>
        <line num="23" count="2" type="stmt"/>
        <line num="24" count="2" type="stmt"/>
        <line num="25" count="2" type="stmt"/>
        <line num="26" count="2" type="stmt"/>
        <line num="27" count="2" type="stmt"/>
        <line num="28" count="2" type="stmt"/>
        <line num="30" count="2" type="stmt"/>
        <line num="38" count="36" type="stmt"/>
        <line num="40" count="6" type="stmt"/>
        <line num="41" count="0" type="cond" truecount="0" falsecount="2"/>
        <line num="42" count="0" type="stmt"/>
        <line num="46" count="6" type="stmt"/>
        <line num="47" count="0" type="cond" truecount="0" falsecount="2"/>
        <line num="48" count="0" type="stmt"/>
        <line num="52" count="17" type="stmt"/>
        <line num="53" count="0" type="cond" truecount="0" falsecount="2"/>
        <line num="54" count="0" type="cond" truecount="0" falsecount="2"/>
        <line num="55" count="0" type="stmt"/>
        <line num="56" count="0" type="cond" truecount="0" falsecount="2"/>
        <line num="57" count="0" type="stmt"/>
        <line num="59" count="0" type="stmt"/>
        <line num="64" count="6" type="stmt"/>
        <line num="65" count="6" type="cond" truecount="1" falsecount="1"/>
        <line num="66" count="6" type="stmt"/>
        <line num="69" count="0" type="cond" truecount="0" falsecount="2"/>
        <line num="70" count="0" type="stmt"/>
        <line num="76" count="0" type="stmt"/>
        <line num="79" count="6" type="stmt"/>
        <line num="109" count="17" type="stmt"/>
        <line num="152" count="2" type="stmt"/>
        <line num="158" count="2" type="stmt"/>
      </file>
    </package>
    <package name="components.Pagination.PaginationWrapper">
      <metrics statements="3" coveredstatements="3" conditionals="2" coveredconditionals="2" methods="0" coveredmethods="0"/>
      <file name="PaginationWrapper.tsx" path="/home/senior/projects/linda-platform/packages/ui/src/components/Pagination/PaginationWrapper/PaginationWrapper.tsx">
        <metrics statements="3" coveredstatements="3" conditionals="2" coveredconditionals="2" methods="0" coveredmethods="0"/>
        <line num="1" count="2" type="stmt"/>
        <line num="3" count="2" type="cond" truecount="2" falsecount="0"/>
        <line num="8" count="2" type="stmt"/>
      </file>
    </package>
    <package name="components.Pill">
      <metrics statements="16" coveredstatements="16" conditionals="13" coveredconditionals="13" methods="5" coveredmethods="5"/>
      <file name="Pill.tsx" path="/home/senior/projects/linda-platform/packages/ui/src/components/Pill/Pill.tsx">
        <metrics statements="16" coveredstatements="16" conditionals="13" coveredconditionals="13" methods="5" coveredmethods="5"/>
        <line num="2" count="3" type="stmt"/>
        <line num="3" count="3" type="stmt"/>
        <line num="12" count="3" type="cond" truecount="2" falsecount="0"/>
        <line num="16" count="3" type="cond" truecount="2" falsecount="0"/>
        <line num="20" count="3" type="cond" truecount="2" falsecount="0"/>
        <line num="21" count="4" type="stmt"/>
        <line num="22" count="4" type="stmt"/>
        <line num="25" count="3" type="cond" truecount="2" falsecount="0"/>
        <line num="29" count="8" type="stmt"/>
        <line num="34" count="8" type="cond" truecount="2" falsecount="0"/>
        <line num="36" count="8" type="stmt"/>
        <line num="37" count="8" type="stmt"/>
        <line num="39" count="2" type="stmt"/>
        <line num="42" count="6" type="stmt"/>
        <line num="47" count="3" type="stmt"/>
        <line num="51" count="3" type="stmt"/>
      </file>
    </package>
    <package name="components.RadioSelect">
      <metrics statements="24" coveredstatements="19" conditionals="12" coveredconditionals="9" methods="4" coveredmethods="3"/>
      <file name="RadioItem.tsx" path="/home/senior/projects/linda-platform/packages/ui/src/components/RadioSelect/RadioItem.tsx">
        <metrics statements="7" coveredstatements="7" conditionals="2" coveredconditionals="2" methods="1" coveredmethods="1"/>
        <line num="1" count="2" type="stmt"/>
        <line num="2" count="2" type="stmt"/>
        <line num="3" count="2" type="stmt"/>
        <line num="12" count="2" type="stmt"/>
        <line num="13" count="36" type="stmt"/>
        <line num="15" count="9" type="stmt"/>
        <line num="28" count="2" type="stmt"/>
      </file>
      <file name="RadioSelect.tsx" path="/home/senior/projects/linda-platform/packages/ui/src/components/RadioSelect/RadioSelect.tsx">
        <metrics statements="17" coveredstatements="12" conditionals="10" coveredconditionals="7" methods="3" coveredmethods="2"/>
        <line num="1" count="2" type="stmt"/>
        <line num="9" count="2" type="stmt"/>
        <line num="10" count="2" type="stmt"/>
        <line num="18" count="2" type="stmt"/>
        <line num="19" count="12" type="stmt"/>
        <line num="20" count="3" type="stmt"/>
        <line num="22" count="3" type="stmt"/>
        <line num="23" count="9" type="cond" truecount="3" falsecount="1"/>
        <line num="24" count="0" type="stmt"/>
        <line num="29" count="9" type="stmt"/>
        <line num="31" count="9" type="stmt"/>
        <line num="33" count="0" type="stmt"/>
        <line num="35" count="0" type="stmt"/>
        <line num="37" count="0" type="cond" truecount="0" falsecount="2"/>
        <line num="38" count="0" type="stmt"/>
        <line num="48" count="3" type="stmt"/>
        <line num="51" count="2" type="stmt"/>
      </file>
    </package>
    <package name="components.Table">
      <metrics statements="8" coveredstatements="8" conditionals="6" coveredconditionals="6" methods="3" coveredmethods="3"/>
      <file name="Table.tsx" path="/home/senior/projects/linda-platform/packages/ui/src/components/Table/Table.tsx">
        <metrics statements="8" coveredstatements="8" conditionals="6" coveredconditionals="6" methods="3" coveredmethods="3"/>
        <line num="2" count="2" type="stmt"/>
        <line num="3" count="2" type="stmt"/>
        <line num="9" count="2" type="cond" truecount="2" falsecount="0"/>
        <line num="12" count="1" type="stmt"/>
        <line num="17" count="2" type="cond" truecount="2" falsecount="0"/>
        <line num="20" count="2" type="stmt"/>
        <line num="24" count="2" type="cond" truecount="2" falsecount="0"/>
        <line num="27" count="2" type="stmt"/>
      </file>
    </package>
    <package name="components.Table.TableBody">
      <metrics statements="3" coveredstatements="3" conditionals="2" coveredconditionals="2" methods="0" coveredmethods="0"/>
      <file name="TableBody.tsx" path="/home/senior/projects/linda-platform/packages/ui/src/components/Table/TableBody/TableBody.tsx">
        <metrics statements="3" coveredstatements="3" conditionals="2" coveredconditionals="2" methods="0" coveredmethods="0"/>
        <line num="2" count="2" type="stmt"/>
        <line num="6" count="2" type="cond" truecount="2" falsecount="0"/>
        <line num="8" count="2" type="stmt"/>
      </file>
    </package>
    <package name="components.Table.TableCell">
      <metrics statements="3" coveredstatements="3" conditionals="2" coveredconditionals="2" methods="0" coveredmethods="0"/>
      <file name="TableCell.tsx" path="/home/senior/projects/linda-platform/packages/ui/src/components/Table/TableCell/TableCell.tsx">
        <metrics statements="3" coveredstatements="3" conditionals="2" coveredconditionals="2" methods="0" coveredmethods="0"/>
        <line num="2" count="2" type="stmt"/>
        <line num="6" count="2" type="cond" truecount="2" falsecount="0"/>
        <line num="10" count="2" type="stmt"/>
      </file>
    </package>
    <package name="components.Table.TableHead">
      <metrics statements="3" coveredstatements="3" conditionals="2" coveredconditionals="2" methods="0" coveredmethods="0"/>
      <file name="TableHead.tsx" path="/home/senior/projects/linda-platform/packages/ui/src/components/Table/TableHead/TableHead.tsx">
        <metrics statements="3" coveredstatements="3" conditionals="2" coveredconditionals="2" methods="0" coveredmethods="0"/>
        <line num="2" count="2" type="stmt"/>
        <line num="6" count="2" type="cond" truecount="2" falsecount="0"/>
        <line num="20" count="2" type="stmt"/>
      </file>
    </package>
    <package name="components.Table.TableHeadCell">
      <metrics statements="3" coveredstatements="3" conditionals="2" coveredconditionals="2" methods="0" coveredmethods="0"/>
      <file name="TableHeadCell.tsx" path="/home/senior/projects/linda-platform/packages/ui/src/components/Table/TableHeadCell/TableHeadCell.tsx">
        <metrics statements="3" coveredstatements="3" conditionals="2" coveredconditionals="2" methods="0" coveredmethods="0"/>
        <line num="2" count="2" type="stmt"/>
        <line num="6" count="2" type="cond" truecount="2" falsecount="0"/>
        <line num="10" count="2" type="stmt"/>
      </file>
    </package>
    <package name="components.Table.TableRow">
      <metrics statements="9" coveredstatements="9" conditionals="6" coveredconditionals="6" methods="4" coveredmethods="4"/>
      <file name="TableRow.tsx" path="/home/senior/projects/linda-platform/packages/ui/src/components/Table/TableRow/TableRow.tsx">
        <metrics statements="9" coveredstatements="9" conditionals="6" coveredconditionals="6" methods="4" coveredmethods="4"/>
        <line num="2" count="2" type="stmt"/>
        <line num="8" count="2" type="cond" truecount="2" falsecount="0"/>
        <line num="9" count="2" type="stmt"/>
        <line num="10" count="2" type="stmt"/>
        <line num="11" count="2" type="stmt"/>
        <line num="14" count="2" type="cond" truecount="2" falsecount="0"/>
        <line num="15" count="8" type="stmt"/>
        <line num="17" count="8" type="cond" truecount="2" falsecount="0"/>
        <line num="33" count="2" type="stmt"/>
      </file>
    </package>
    <package name="components.TextInput">
      <metrics statements="9" coveredstatements="9" conditionals="2" coveredconditionals="2" methods="1" coveredmethods="1"/>
      <file name="TextInput.tsx" path="/home/senior/projects/linda-platform/packages/ui/src/components/TextInput/TextInput.tsx">
        <metrics statements="9" coveredstatements="9" conditionals="2" coveredconditionals="2" methods="1" coveredmethods="1"/>
        <line num="1" count="2" type="stmt"/>
        <line num="2" count="2" type="stmt"/>
        <line num="3" count="2" type="stmt"/>
        <line num="15" count="2" type="stmt"/>
        <line num="25" count="2" type="stmt"/>
        <line num="26" count="16" type="stmt"/>
        <line num="27" count="2" type="cond" truecount="2" falsecount="0"/>
        <line num="29" count="2" type="stmt"/>
        <line num="48" count="2" type="stmt"/>
      </file>
    </package>
    <package name="components.TextInput.Input">
      <metrics statements="13" coveredstatements="13" conditionals="2" coveredconditionals="2" methods="9" coveredmethods="9"/>
      <file name="Input.tsx" path="/home/senior/projects/linda-platform/packages/ui/src/components/TextInput/Input/Input.tsx">
        <metrics statements="13" coveredstatements="13" conditionals="2" coveredconditionals="2" methods="9" coveredmethods="9"/>
        <line num="2" count="2" type="stmt"/>
        <line num="3" count="2" type="stmt"/>
        <line num="11" count="2" type="cond" truecount="2" falsecount="0"/>
        <line num="12" count="2" type="stmt"/>
        <line num="13" count="2" type="stmt"/>
        <line num="15" count="2" type="stmt"/>
        <line num="22" count="2" type="stmt"/>
        <line num="23" count="2" type="stmt"/>
        <line num="27" count="2" type="stmt"/>
        <line num="28" count="2" type="stmt"/>
        <line num="29" count="2" type="stmt"/>
        <line num="33" count="2" type="stmt"/>
        <line num="37" count="2" type="stmt"/>
      </file>
    </package>
    <package name="components.TextInput.Label">
      <metrics statements="16" coveredstatements="14" conditionals="17" coveredconditionals="14" methods="2" coveredmethods="2"/>
      <file name="Label.tsx" path="/home/senior/projects/linda-platform/packages/ui/src/components/TextInput/Label/Label.tsx">
        <metrics statements="16" coveredstatements="14" conditionals="17" coveredconditionals="14" methods="2" coveredmethods="2"/>
        <line num="2" count="2" type="stmt"/>
        <line num="3" count="2" type="stmt"/>
        <line num="11" count="2" type="cond" truecount="2" falsecount="0"/>
        <line num="15" count="2" type="cond" truecount="2" falsecount="0"/>
        <line num="19" count="2" type="cond" truecount="2" falsecount="0"/>
        <line num="23" count="2" type="cond" truecount="2" falsecount="0"/>
        <line num="27" count="2" type="cond" truecount="2" falsecount="0"/>
        <line num="28" count="2" type="stmt"/>
        <line num="29" count="2" type="cond" truecount="2" falsecount="0"/>
        <line num="31" count="2" type="stmt"/>
        <line num="32" count="2" type="stmt"/>
        <line num="34" count="0" type="stmt"/>
        <line num="36" count="0" type="stmt"/>
        <line num="38" count="1" type="stmt"/>
        <line num="41" count="1" type="stmt"/>
        <line num="48" count="2" type="stmt"/>
      </file>
    </package>
    <package name="components.Toggle">
      <metrics statements="18" coveredstatements="12" conditionals="12" coveredconditionals="7" methods="3" coveredmethods="2"/>
      <file name="Toggle.tsx" path="/home/senior/projects/linda-platform/packages/ui/src/components/Toggle/Toggle.tsx">
        <metrics statements="18" coveredstatements="12" conditionals="12" coveredconditionals="7" methods="3" coveredmethods="2"/>
        <line num="1" count="1" type="stmt"/>
        <line num="7" count="1" type="stmt"/>
        <line num="8" count="1" type="stmt"/>
        <line num="9" count="1" type="stmt"/>
        <line num="19" count="1" type="stmt"/>
        <line num="20" count="16" type="stmt"/>
        <line num="22" count="4" type="cond" truecount="2" falsecount="0"/>
        <line num="24" count="4" type="stmt"/>
        <line num="25" count="12" type="cond" truecount="3" falsecount="1"/>
        <line num="26" count="0" type="stmt"/>
        <line num="29" count="12" type="stmt"/>
        <line num="35" count="0" type="stmt"/>
        <line num="37" count="0" type="cond" truecount="0" falsecount="2"/>
        <line num="38" count="0" type="stmt"/>
        <line num="41" count="0" type="cond" truecount="0" falsecount="2"/>
        <line num="42" count="0" type="stmt"/>
        <line num="50" count="4" type="stmt"/>
        <line num="53" count="1" type="stmt"/>
      </file>
    </package>
    <package name="components.ToggleSwitch">
      <metrics statements="8" coveredstatements="8" conditionals="0" coveredconditionals="0" methods="1" coveredmethods="1"/>
      <file name="ToggleSwitch.tsx" path="/home/senior/projects/linda-platform/packages/ui/src/components/ToggleSwitch/ToggleSwitch.tsx">
        <metrics statements="8" coveredstatements="8" conditionals="0" coveredconditionals="0" methods="1" coveredmethods="1"/>
        <line num="1" count="2" type="stmt"/>
        <line num="2" count="2" type="stmt"/>
        <line num="3" count="2" type="stmt"/>
        <line num="4" count="2" type="stmt"/>
        <line num="13" count="2" type="stmt"/>
        <line num="14" count="16" type="stmt"/>
        <line num="16" count="4" type="stmt"/>
        <line num="31" count="2" type="stmt"/>
      </file>
    </package>
    <package name="components.Tooltip">
      <metrics statements="22" coveredstatements="21" conditionals="10" coveredconditionals="6" methods="3" coveredmethods="3"/>
      <file name="Tooltip.tsx" path="/home/senior/projects/linda-platform/packages/ui/src/components/Tooltip/Tooltip.tsx">
        <metrics statements="22" coveredstatements="21" conditionals="10" coveredconditionals="6" methods="3" coveredmethods="3"/>
        <line num="1" count="2" type="stmt"/>
        <line num="10" count="2" type="stmt"/>
        <line num="11" count="2" type="stmt"/>
        <line num="12" count="2" type="stmt"/>
        <line num="22" count="2" type="stmt"/>
        <line num="32" count="40" type="stmt"/>
        <line num="34" count="5" type="cond" truecount="1" falsecount="1"/>
        <line num="35" count="0" type="stmt"/>
        <line num="39" count="5" type="cond" truecount="2" falsecount="2"/>
        <line num="41" count="5" type="cond" truecount="2" falsecount="0"/>
        <line num="42" count="4" type="stmt"/>
        <line num="45" count="5" type="stmt"/>
        <line num="62" count="6" type="stmt"/>
        <line num="63" count="6" type="stmt"/>
        <line num="64" count="6" type="stmt"/>
        <line num="65" count="6" type="stmt"/>
        <line num="66" count="6" type="stmt"/>
        <line num="67" count="6" type="stmt"/>
        <line num="81" count="5" type="stmt"/>
        <line num="82" count="5" type="stmt"/>
        <line num="95" count="2" type="stmt"/>
        <line num="100" count="2" type="stmt"/>
      </file>
    </package>
    <package name="modules.Navbar">
      <metrics statements="32" coveredstatements="32" conditionals="18" coveredconditionals="17" methods="6" coveredmethods="6"/>
      <file name="Nav.tsx" path="/home/senior/projects/linda-platform/packages/ui/src/modules/Navbar/Nav.tsx">
        <metrics statements="7" coveredstatements="7" conditionals="4" coveredconditionals="4" methods="1" coveredmethods="1"/>
        <line num="2" count="2" type="stmt"/>
        <line num="3" count="2" type="stmt"/>
        <line num="7" count="2" type="cond" truecount="2" falsecount="0"/>
        <line num="8" count="1" type="stmt"/>
        <line num="9" count="1" type="stmt"/>
        <line num="16" count="2" type="cond" truecount="2" falsecount="0"/>
        <line num="22" count="2" type="stmt"/>
      </file>
      <file name="NavItem.tsx" path="/home/senior/projects/linda-platform/packages/ui/src/modules/Navbar/NavItem.tsx">
        <metrics statements="8" coveredstatements="8" conditionals="4" coveredconditionals="4" methods="1" coveredmethods="1"/>
        <line num="1" count="2" type="stmt"/>
        <line num="2" count="2" type="stmt"/>
        <line num="3" count="2" type="stmt"/>
        <line num="7" count="2" type="cond" truecount="2" falsecount="0"/>
        <line num="8" count="2" type="stmt"/>
        <line num="9" count="2" type="stmt"/>
        <line num="12" count="2" type="cond" truecount="2" falsecount="0"/>
        <line num="20" count="2" type="stmt"/>
      </file>
      <file name="NavTitle.tsx" path="/home/senior/projects/linda-platform/packages/ui/src/modules/Navbar/NavTitle.tsx">
        <metrics statements="8" coveredstatements="8" conditionals="4" coveredconditionals="4" methods="1" coveredmethods="1"/>
        <line num="2" count="2" type="stmt"/>
        <line num="3" count="2" type="stmt"/>
        <line num="4" count="2" type="stmt"/>
        <line num="8" count="2" type="cond" truecount="2" falsecount="0"/>
        <line num="9" count="1" type="stmt"/>
        <line num="10" count="1" type="stmt"/>
        <line num="17" count="2" type="cond" truecount="2" falsecount="0"/>
        <line num="24" count="2" type="stmt"/>
      </file>
      <file name="Navbar.tsx" path="/home/senior/projects/linda-platform/packages/ui/src/modules/Navbar/Navbar.tsx">
        <metrics statements="9" coveredstatements="9" conditionals="6" coveredconditionals="5" methods="3" coveredmethods="3"/>
        <line num="2" count="2" type="stmt"/>
        <line num="3" count="2" type="stmt"/>
        <line num="9" count="2" type="cond" truecount="2" falsecount="0"/>
        <line num="10" count="1" type="stmt"/>
        <line num="11" count="1" type="stmt"/>
        <line num="18" count="2" type="cond" truecount="2" falsecount="0"/>
        <line num="20" count="1" type="stmt"/>
        <line num="21" count="1" type="stmt"/>
        <line num="31" count="2" type="stmt"/>
      </file>
    </package>
    <package name="modules.Sidebar">
      <metrics statements="32" coveredstatements="27" conditionals="13" coveredconditionals="10" methods="7" coveredmethods="4"/>
      <file name="Sidebar.tsx" path="/home/senior/projects/linda-platform/packages/ui/src/modules/Sidebar/Sidebar.tsx">
        <metrics statements="22" coveredstatements="17" conditionals="9" coveredconditionals="6" methods="5" coveredmethods="2"/>
        <line num="1" count="2" type="stmt"/>
        <line num="8" count="2" type="stmt"/>
        <line num="9" count="2" type="stmt"/>
        <line num="10" count="2" type="stmt"/>
        <line num="11" count="2" type="stmt"/>
        <line num="18" count="2" type="stmt"/>
        <line num="19" count="3" type="stmt"/>
        <line num="20" count="1" type="stmt"/>
        <line num="22" count="1" type="stmt"/>
        <line num="23" count="0" type="stmt"/>
        <line num="26" count="1" type="stmt"/>
        <line num="27" count="5" type="cond" truecount="1" falsecount="1"/>
        <line num="31" count="0" type="stmt"/>
        <line num="36" count="5" type="cond" truecount="2" falsecount="0"/>
        <line num="37" count="1" type="stmt"/>
        <line num="40" count="4" type="stmt"/>
        <line num="43" count="0" type="stmt"/>
        <line num="45" count="0" type="cond" truecount="0" falsecount="2"/>
        <line num="46" count="0" type="stmt"/>
        <line num="52" count="1" type="stmt"/>
        <line num="68" count="2" type="stmt"/>
        <line num="72" count="2" type="stmt"/>
      </file>
      <file name="SidebarDivider.tsx" path="/home/senior/projects/linda-platform/packages/ui/src/modules/Sidebar/SidebarDivider.tsx">
        <metrics statements="4" coveredstatements="4" conditionals="2" coveredconditionals="2" methods="1" coveredmethods="1"/>
        <line num="2" count="2" type="stmt"/>
        <line num="6" count="2" type="cond" truecount="2" falsecount="0"/>
        <line num="7" count="1" type="stmt"/>
        <line num="13" count="2" type="stmt"/>
      </file>
      <file name="SidebarItem.tsx" path="/home/senior/projects/linda-platform/packages/ui/src/modules/Sidebar/SidebarItem.tsx">
        <metrics statements="6" coveredstatements="6" conditionals="2" coveredconditionals="2" methods="1" coveredmethods="1"/>
        <line num="1" count="2" type="stmt"/>
        <line num="2" count="2" type="stmt"/>
        <line num="11" count="2" type="stmt"/>
        <line num="12" count="8" type="stmt"/>
        <line num="14" count="4" type="stmt"/>
        <line num="26" count="2" type="stmt"/>
      </file>
    </package>
    <package name="modules.Sidebar.ItemWrapper">
      <metrics statements="13" coveredstatements="13" conditionals="12" coveredconditionals="12" methods="2" coveredmethods="2"/>
      <file name="SidebarItemWrapper.tsx" path="/home/senior/projects/linda-platform/packages/ui/src/modules/Sidebar/ItemWrapper/SidebarItemWrapper.tsx">
        <metrics statements="13" coveredstatements="13" conditionals="12" coveredconditionals="12" methods="2" coveredmethods="2"/>
        <line num="2" count="2" type="stmt"/>
        <line num="10" count="2" type="cond" truecount="2" falsecount="0"/>
        <line num="14" count="2" type="cond" truecount="2" falsecount="0"/>
        <line num="18" count="2" type="cond" truecount="2" falsecount="0"/>
        <line num="23" count="2" type="cond" truecount="2" falsecount="0"/>
        <line num="27" count="4" type="stmt"/>
        <line num="28" count="4" type="stmt"/>
        <line num="30" count="1" type="stmt"/>
        <line num="32" count="1" type="stmt"/>
        <line num="34" count="1" type="stmt"/>
        <line num="36" count="1" type="stmt"/>
        <line num="41" count="4" type="stmt"/>
        <line num="64" count="2" type="stmt"/>
      </file>
    </package>
    <package name="modules.Sidebar.SidebarWrapper">
      <metrics statements="9" coveredstatements="9" conditionals="2" coveredconditionals="2" methods="4" coveredmethods="4"/>
      <file name="SidebarWrapper.tsx" path="/home/senior/projects/linda-platform/packages/ui/src/modules/Sidebar/SidebarWrapper/SidebarWrapper.tsx">
        <metrics statements="9" coveredstatements="9" conditionals="2" coveredconditionals="2" methods="4" coveredmethods="4"/>
        <line num="1" count="2" type="stmt"/>
        <line num="2" count="2" type="stmt"/>
        <line num="4" count="2" type="stmt"/>
        <line num="27" count="2" type="cond" truecount="2" falsecount="0"/>
        <line num="28" count="1" type="stmt"/>
        <line num="30" count="1" type="stmt"/>
        <line num="66" count="1" type="stmt"/>
        <line num="71" count="1" type="stmt"/>
        <line num="74" count="2" type="stmt"/>
      </file>
    </package>
    <package name="modules.Slider">
      <metrics statements="13" coveredstatements="13" conditionals="0" coveredconditionals="0" methods="2" coveredmethods="2"/>
      <file name="Slider.tsx" path="/home/senior/projects/linda-platform/packages/ui/src/modules/Slider/Slider.tsx">
        <metrics statements="13" coveredstatements="13" conditionals="0" coveredconditionals="0" methods="2" coveredmethods="2"/>
        <line num="1" count="1" type="stmt"/>
        <line num="7" count="1" type="stmt"/>
        <line num="8" count="1" type="stmt"/>
        <line num="9" count="1" type="stmt"/>
        <line num="10" count="1" type="stmt"/>
        <line num="11" count="1" type="stmt"/>
        <line num="17" count="1" type="stmt"/>
        <line num="18" count="1" type="stmt"/>
        <line num="20" count="1" type="stmt"/>
        <line num="22" count="1" type="stmt"/>
        <line num="23" count="2" type="stmt"/>
        <line num="28" count="1" type="stmt"/>
        <line num="48" count="1" type="stmt"/>
      </file>
    </package>
    <package name="modules.Toolbar">
      <metrics statements="5" coveredstatements="5" conditionals="2" coveredconditionals="2" methods="2" coveredmethods="2"/>
      <file name="Toolbar.tsx" path="/home/senior/projects/linda-platform/packages/ui/src/modules/Toolbar/Toolbar.tsx">
        <metrics statements="5" coveredstatements="5" conditionals="2" coveredconditionals="2" methods="2" coveredmethods="2"/>
        <line num="1" count="2" type="stmt"/>
        <line num="3" count="2" type="cond" truecount="2" falsecount="0"/>
        <line num="5" count="1" type="stmt"/>
        <line num="19" count="1" type="stmt"/>
        <line num="25" count="2" type="stmt"/>
      </file>
    </package>
  </project>
</coverage>
