{"/home/senior/projects/linda-platform/packages/ui/src/components/Accordion/Accordion.tsx": {"path":"/home/senior/projects/linda-platform/packages/ui/src/components/Accordion/Accordion.tsx","statementMap":{"0":{"start":{"line":1,"column":0},"end":{"line":1,"column":null}},"1":{"start":{"line":7,"column":0},"end":{"line":7,"column":49}},"2":{"start":{"line":8,"column":0},"end":{"line":8,"column":45}},"3":{"start":{"line":9,"column":0},"end":{"line":9,"column":49}},"4":{"start":{"line":16,"column":45},"end":{"line":30,"column":1}},"5":{"start":{"line":17,"column":37},"end":{"line":17,"column":null}},"6":{"start":{"line":17,"column":33},"end":{"line":17,"column":37}},"7":{"start":{"line":18,"column":34},"end":{"line":18,"column":58}},"8":{"start":{"line":18,"column":17},"end":{"line":18,"column":19}},"9":{"start":{"line":18,"column":30},"end":{"line":18,"column":34}},"10":{"start":{"line":20,"column":2},"end":{"line":29,"column":null}},"11":{"start":{"line":24,"column":23},"end":{"line":24,"column":null}},"12":{"start":{"line":32,"column":0},"end":{"line":32,"column":null}}},"fnMap":{"0":{"name":"(anonymous_10)","decl":{"start":{"line":16,"column":45},"end":{"line":16,"column":46}},"loc":{"start":{"line":16,"column":51},"end":{"line":30,"column":1}}},"1":{"name":"(anonymous_11)","decl":{"start":{"line":24,"column":17},"end":{"line":24,"column":23}},"loc":{"start":{"line":24,"column":17},"end":{"line":24,"column":34}}}},"branchMap":{},"s":{"0":2,"1":2,"2":2,"3":2,"4":2,"5":2,"6":1,"7":1,"8":1,"9":1,"10":1,"11":0,"12":2},"f":{"0":1,"1":0},"b":{}}
,"/home/senior/projects/linda-platform/packages/ui/src/components/Accordion/AccordionContent/AccordionContent.tsx": {"path":"/home/senior/projects/linda-platform/packages/ui/src/components/Accordion/AccordionContent/AccordionContent.tsx","statementMap":{"0":{"start":{"line":2,"column":0},"end":{"line":2,"column":58}},"1":{"start":{"line":8,"column":20},"end":{"line":12,"column":null}},"2":{"start":{"line":14,"column":25},"end":{"line":20,"column":null}},"3":{"start":{"line":15,"column":18},"end":{"line":15,"column":19}},"4":{"start":{"line":15,"column":24},"end":{"line":15,"column":null}},"5":{"start":{"line":20,"column":14},"end":{"line":20,"column":15}},"6":{"start":{"line":20,"column":20},"end":{"line":20,"column":null}},"7":{"start":{"line":23,"column":0},"end":{"line":23,"column":null}}},"fnMap":{"0":{"name":"(anonymous_7)","decl":{"start":{"line":15,"column":11},"end":{"line":15,"column":12}},"loc":{"start":{"line":15,"column":19},"end":{"line":15,"column":29}}},"1":{"name":"(anonymous_8)","decl":{"start":{"line":20,"column":4},"end":{"line":20,"column":5}},"loc":{"start":{"line":20,"column":15},"end":{"line":20,"column":21}}}},"branchMap":{"0":{"loc":{"start":{"line":8,"column":23},"end":{"line":8,"column":44}},"type":"binary-expr","locations":[{"start":{"line":8,"column":23},"end":{"line":8,"column":44}},{"start":{"line":8,"column":23},"end":{"line":12,"column":null}}]},"1":{"loc":{"start":{"line":14,"column":35},"end":{"line":14,"column":43}},"type":"binary-expr","locations":[{"start":{"line":14,"column":35},"end":{"line":14,"column":43}},{"start":{"line":14,"column":35},"end":{"line":21,"column":null}}]},"2":{"loc":{"start":{"line":20,"column":32},"end":{"line":20,"column":43}},"type":"cond-expr","locations":[{"start":{"line":20,"column":32},"end":{"line":20,"column":43}},{"start":{"line":20,"column":46},"end":{"line":20,"column":48}}]}},"s":{"0":2,"1":2,"2":2,"3":1,"4":1,"5":1,"6":1,"7":2},"f":{"0":1,"1":1},"b":{"0":[2,2],"1":[2,2],"2":[1,0]}}
,"/home/senior/projects/linda-platform/packages/ui/src/components/Accordion/AccordionLabel/AccordionLabel.tsx": {"path":"/home/senior/projects/linda-platform/packages/ui/src/components/Accordion/AccordionLabel/AccordionLabel.tsx","statementMap":{"0":{"start":{"line":2,"column":0},"end":{"line":2,"column":58}},"1":{"start":{"line":3,"column":0},"end":{"line":3,"column":50}},"2":{"start":{"line":9,"column":20},"end":{"line":13,"column":null}},"3":{"start":{"line":15,"column":23},"end":{"line":34,"column":null}},"4":{"start":{"line":16,"column":18},"end":{"line":16,"column":19}},"5":{"start":{"line":16,"column":24},"end":{"line":16,"column":null}},"6":{"start":{"line":23,"column":20},"end":{"line":23,"column":21}},"7":{"start":{"line":23,"column":26},"end":{"line":23,"column":null}},"8":{"start":{"line":34,"column":14},"end":{"line":34,"column":15}},"9":{"start":{"line":34,"column":20},"end":{"line":34,"column":null}},"10":{"start":{"line":37,"column":0},"end":{"line":37,"column":null}}},"fnMap":{"0":{"name":"(anonymous_7)","decl":{"start":{"line":16,"column":11},"end":{"line":16,"column":12}},"loc":{"start":{"line":16,"column":19},"end":{"line":16,"column":29}}},"1":{"name":"(anonymous_8)","decl":{"start":{"line":23,"column":13},"end":{"line":23,"column":14}},"loc":{"start":{"line":23,"column":21},"end":{"line":23,"column":31}}},"2":{"name":"(anonymous_9)","decl":{"start":{"line":34,"column":4},"end":{"line":34,"column":5}},"loc":{"start":{"line":34,"column":15},"end":{"line":34,"column":21}}}},"branchMap":{"0":{"loc":{"start":{"line":9,"column":23},"end":{"line":9,"column":44}},"type":"binary-expr","locations":[{"start":{"line":9,"column":23},"end":{"line":9,"column":44}},{"start":{"line":9,"column":23},"end":{"line":13,"column":null}}]},"1":{"loc":{"start":{"line":15,"column":33},"end":{"line":15,"column":41}},"type":"binary-expr","locations":[{"start":{"line":15,"column":33},"end":{"line":15,"column":41}},{"start":{"line":15,"column":33},"end":{"line":35,"column":null}}]},"2":{"loc":{"start":{"line":34,"column":32},"end":{"line":34,"column":43}},"type":"cond-expr","locations":[{"start":{"line":34,"column":32},"end":{"line":34,"column":43}},{"start":{"line":34,"column":46},"end":{"line":34,"column":48}}]}},"s":{"0":2,"1":2,"2":2,"3":2,"4":1,"5":1,"6":1,"7":1,"8":1,"9":1,"10":2},"f":{"0":1,"1":1,"2":1},"b":{"0":[2,2],"1":[2,2],"2":[1,0]}}
,"/home/senior/projects/linda-platform/packages/ui/src/components/Accordion/AccordionWrapper/AccordionWrapper.tsx": {"path":"/home/senior/projects/linda-platform/packages/ui/src/components/Accordion/AccordionWrapper/AccordionWrapper.tsx","statementMap":{"0":{"start":{"line":2,"column":0},"end":{"line":2,"column":38}},"1":{"start":{"line":8,"column":25},"end":{"line":12,"column":null}},"2":{"start":{"line":9,"column":29},"end":{"line":9,"column":30}},"3":{"start":{"line":9,"column":35},"end":{"line":9,"column":null}},"4":{"start":{"line":10,"column":32},"end":{"line":10,"column":33}},"5":{"start":{"line":10,"column":38},"end":{"line":10,"column":null}},"6":{"start":{"line":12,"column":18},"end":{"line":12,"column":19}},"7":{"start":{"line":12,"column":24},"end":{"line":12,"column":null}},"8":{"start":{"line":18,"column":0},"end":{"line":18,"column":null}}},"fnMap":{"0":{"name":"(anonymous_2)","decl":{"start":{"line":9,"column":22},"end":{"line":9,"column":23}},"loc":{"start":{"line":9,"column":30},"end":{"line":9,"column":40}}},"1":{"name":"(anonymous_3)","decl":{"start":{"line":10,"column":25},"end":{"line":10,"column":26}},"loc":{"start":{"line":10,"column":33},"end":{"line":10,"column":43}}},"2":{"name":"(anonymous_4)","decl":{"start":{"line":12,"column":11},"end":{"line":12,"column":12}},"loc":{"start":{"line":12,"column":19},"end":{"line":12,"column":29}}}},"branchMap":{"0":{"loc":{"start":{"line":8,"column":35},"end":{"line":8,"column":43}},"type":"binary-expr","locations":[{"start":{"line":8,"column":35},"end":{"line":8,"column":43}},{"start":{"line":8,"column":35},"end":{"line":16,"column":null}}]}},"s":{"0":2,"1":2,"2":1,"3":1,"4":1,"5":1,"6":1,"7":1,"8":2},"f":{"0":1,"1":1,"2":1},"b":{"0":[2,2]}}
,"/home/senior/projects/linda-platform/packages/ui/src/components/Alert/Alert.tsx": {"path":"/home/senior/projects/linda-platform/packages/ui/src/components/Alert/Alert.tsx","statementMap":{"0":{"start":{"line":1,"column":0},"end":{"line":1,"column":72}},"1":{"start":{"line":2,"column":0},"end":{"line":2,"column":56}},"2":{"start":{"line":3,"column":0},"end":{"line":3,"column":62}},"3":{"start":{"line":4,"column":0},"end":{"line":4,"column":73}},"4":{"start":{"line":5,"column":0},"end":{"line":5,"column":39}},"5":{"start":{"line":13,"column":41},"end":{"line":38,"column":1}},"6":{"start":{"line":14,"column":36},"end":{"line":14,"column":51}},"7":{"start":{"line":14,"column":18},"end":{"line":14,"column":20}},"8":{"start":{"line":14,"column":32},"end":{"line":14,"column":36}},"9":{"start":{"line":15,"column":54},"end":{"line":15,"column":null}},"10":{"start":{"line":17,"column":22},"end":{"line":22,"column":3}},"11":{"start":{"line":18,"column":4},"end":{"line":18,"column":null}},"12":{"start":{"line":19,"column":4},"end":{"line":21,"column":null}},"13":{"start":{"line":20,"column":6},"end":{"line":20,"column":null}},"14":{"start":{"line":24,"column":2},"end":{"line":37,"column":null}},"15":{"start":{"line":40,"column":0},"end":{"line":40,"column":null}}},"fnMap":{"0":{"name":"(anonymous_7)","decl":{"start":{"line":13,"column":41},"end":{"line":13,"column":42}},"loc":{"start":{"line":13,"column":47},"end":{"line":38,"column":1}}},"1":{"name":"(anonymous_8)","decl":{"start":{"line":17,"column":22},"end":{"line":17,"column":null}},"loc":{"start":{"line":17,"column":22},"end":{"line":22,"column":3}}}},"branchMap":{"0":{"loc":{"start":{"line":19,"column":4},"end":{"line":21,"column":null}},"type":"if","locations":[{"start":{"line":19,"column":4},"end":{"line":21,"column":null}},{"start":{"line":19,"column":4},"end":{"line":21,"column":null}}]},"1":{"loc":{"start":{"line":27,"column":29},"end":{"line":27,"column":37}},"type":"cond-expr","locations":[{"start":{"line":27,"column":29},"end":{"line":27,"column":37}},{"start":{"line":27,"column":40},"end":{"line":27,"column":42}}]},"2":{"loc":{"start":{"line":28,"column":21},"end":{"line":28,"column":34}},"type":"binary-expr","locations":[{"start":{"line":28,"column":21},"end":{"line":28,"column":34}},{"start":{"line":28,"column":38},"end":{"line":28,"column":43}}]},"3":{"loc":{"start":{"line":32,"column":8},"end":{"line":33,"column":null}},"type":"cond-expr","locations":[{"start":{"line":32,"column":8},"end":{"line":33,"column":null}},{"start":{"line":35,"column":10},"end":{"line":35,"column":14}}]}},"s":{"0":2,"1":2,"2":2,"3":2,"4":2,"5":2,"6":20,"7":20,"8":20,"9":80,"10":20,"11":0,"12":0,"13":0,"14":20,"15":2},"f":{"0":20,"1":0},"b":{"0":[0,0],"1":[0,20],"2":[20,10],"3":[10,10]}}
,"/home/senior/projects/linda-platform/packages/ui/src/components/Alert/AlertStyledComponent.tsx": {"path":"/home/senior/projects/linda-platform/packages/ui/src/components/Alert/AlertStyledComponent.tsx","statementMap":{"0":{"start":{"line":2,"column":0},"end":{"line":2,"column":58}},"1":{"start":{"line":3,"column":0},"end":{"line":3,"column":47}},"2":{"start":{"line":12,"column":21},"end":{"line":13,"column":null}},"3":{"start":{"line":13,"column":29},"end":{"line":13,"column":30}},"4":{"start":{"line":13,"column":35},"end":{"line":13,"column":null}},"5":{"start":{"line":16,"column":18},"end":{"line":17,"column":null}},"6":{"start":{"line":17,"column":29},"end":{"line":17,"column":30}},"7":{"start":{"line":17,"column":35},"end":{"line":17,"column":null}},"8":{"start":{"line":20,"column":21},"end":{"line":21,"column":null}},"9":{"start":{"line":21,"column":29},"end":{"line":21,"column":30}},"10":{"start":{"line":21,"column":35},"end":{"line":21,"column":null}},"11":{"start":{"line":24,"column":21},"end":{"line":25,"column":null}},"12":{"start":{"line":25,"column":29},"end":{"line":25,"column":30}},"13":{"start":{"line":25,"column":35},"end":{"line":25,"column":null}},"14":{"start":{"line":28,"column":19},"end":{"line":29,"column":null}},"15":{"start":{"line":29,"column":29},"end":{"line":29,"column":30}},"16":{"start":{"line":29,"column":35},"end":{"line":29,"column":null}},"17":{"start":{"line":32,"column":29},"end":{"line":61,"column":null}},"18":{"start":{"line":37,"column":18},"end":{"line":37,"column":19}},"19":{"start":{"line":37,"column":24},"end":{"line":37,"column":null}},"20":{"start":{"line":47,"column":13},"end":{"line":47,"column":14}},"21":{"start":{"line":48,"column":4},"end":{"line":60,"column":null}},"22":{"start":{"line":50,"column":8},"end":{"line":50,"column":null}},"23":{"start":{"line":52,"column":8},"end":{"line":52,"column":null}},"24":{"start":{"line":54,"column":8},"end":{"line":54,"column":null}},"25":{"start":{"line":56,"column":8},"end":{"line":56,"column":null}},"26":{"start":{"line":59,"column":8},"end":{"line":59,"column":null}},"27":{"start":{"line":69,"column":0},"end":{"line":69,"column":null}}},"fnMap":{"0":{"name":"(anonymous_7)","decl":{"start":{"line":13,"column":22},"end":{"line":13,"column":23}},"loc":{"start":{"line":13,"column":30},"end":{"line":13,"column":40}}},"1":{"name":"(anonymous_8)","decl":{"start":{"line":17,"column":22},"end":{"line":17,"column":23}},"loc":{"start":{"line":17,"column":30},"end":{"line":17,"column":40}}},"2":{"name":"(anonymous_9)","decl":{"start":{"line":21,"column":22},"end":{"line":21,"column":23}},"loc":{"start":{"line":21,"column":30},"end":{"line":21,"column":40}}},"3":{"name":"(anonymous_10)","decl":{"start":{"line":25,"column":22},"end":{"line":25,"column":23}},"loc":{"start":{"line":25,"column":30},"end":{"line":25,"column":40}}},"4":{"name":"(anonymous_11)","decl":{"start":{"line":29,"column":22},"end":{"line":29,"column":23}},"loc":{"start":{"line":29,"column":30},"end":{"line":29,"column":40}}},"5":{"name":"(anonymous_12)","decl":{"start":{"line":37,"column":11},"end":{"line":37,"column":12}},"loc":{"start":{"line":37,"column":19},"end":{"line":37,"column":29}}},"6":{"name":"(anonymous_13)","decl":{"start":{"line":47,"column":4},"end":{"line":47,"column":5}},"loc":{"start":{"line":47,"column":14},"end":{"line":61,"column":3}}}},"branchMap":{"0":{"loc":{"start":{"line":12,"column":24},"end":{"line":12,"column":45}},"type":"binary-expr","locations":[{"start":{"line":12,"column":24},"end":{"line":12,"column":45}},{"start":{"line":12,"column":24},"end":{"line":14,"column":null}}]},"1":{"loc":{"start":{"line":16,"column":21},"end":{"line":16,"column":42}},"type":"binary-expr","locations":[{"start":{"line":16,"column":21},"end":{"line":16,"column":42}},{"start":{"line":16,"column":21},"end":{"line":18,"column":null}}]},"2":{"loc":{"start":{"line":20,"column":24},"end":{"line":20,"column":45}},"type":"binary-expr","locations":[{"start":{"line":20,"column":24},"end":{"line":20,"column":45}},{"start":{"line":20,"column":24},"end":{"line":22,"column":null}}]},"3":{"loc":{"start":{"line":24,"column":24},"end":{"line":24,"column":45}},"type":"binary-expr","locations":[{"start":{"line":24,"column":24},"end":{"line":24,"column":45}},{"start":{"line":24,"column":24},"end":{"line":26,"column":null}}]},"4":{"loc":{"start":{"line":28,"column":22},"end":{"line":28,"column":43}},"type":"binary-expr","locations":[{"start":{"line":28,"column":22},"end":{"line":28,"column":43}},{"start":{"line":28,"column":22},"end":{"line":30,"column":null}}]},"5":{"loc":{"start":{"line":32,"column":39},"end":{"line":32,"column":47}},"type":"binary-expr","locations":[{"start":{"line":32,"column":39},"end":{"line":32,"column":47}},{"start":{"line":32,"column":39},"end":{"line":67,"column":null}}]},"6":{"loc":{"start":{"line":49,"column":6},"end":{"line":50,"column":null}},"type":"switch","locations":[{"start":{"line":49,"column":6},"end":{"line":50,"column":null}},{"start":{"line":51,"column":6},"end":{"line":52,"column":null}},{"start":{"line":53,"column":6},"end":{"line":54,"column":null}},{"start":{"line":55,"column":6},"end":{"line":56,"column":null}},{"start":{"line":57,"column":6},"end":{"line":57,"column":21}},{"start":{"line":58,"column":6},"end":{"line":59,"column":null}}]}},"s":{"0":2,"1":2,"2":2,"3":4,"4":4,"5":2,"6":4,"7":4,"8":2,"9":4,"10":4,"11":2,"12":4,"13":4,"14":2,"15":4,"16":4,"17":2,"18":20,"19":20,"20":20,"21":20,"22":4,"23":4,"24":4,"25":4,"26":4,"27":2},"f":{"0":4,"1":4,"2":4,"3":4,"4":4,"5":20,"6":20},"b":{"0":[2,2],"1":[2,2],"2":[2,2],"3":[2,2],"4":[2,2],"5":[2,2],"6":[4,4,4,4,0,4]}}
,"/home/senior/projects/linda-platform/packages/ui/src/components/Alert/CloseButton.tsx": {"path":"/home/senior/projects/linda-platform/packages/ui/src/components/Alert/CloseButton.tsx","statementMap":{"0":{"start":{"line":2,"column":0},"end":{"line":2,"column":58}},"1":{"start":{"line":9,"column":21},"end":{"line":10,"column":null}},"2":{"start":{"line":10,"column":18},"end":{"line":10,"column":19}},"3":{"start":{"line":10,"column":24},"end":{"line":10,"column":null}},"4":{"start":{"line":13,"column":18},"end":{"line":14,"column":null}},"5":{"start":{"line":14,"column":18},"end":{"line":14,"column":19}},"6":{"start":{"line":14,"column":24},"end":{"line":14,"column":null}},"7":{"start":{"line":17,"column":21},"end":{"line":18,"column":null}},"8":{"start":{"line":18,"column":18},"end":{"line":18,"column":19}},"9":{"start":{"line":18,"column":24},"end":{"line":18,"column":null}},"10":{"start":{"line":21,"column":21},"end":{"line":22,"column":null}},"11":{"start":{"line":22,"column":18},"end":{"line":22,"column":19}},"12":{"start":{"line":22,"column":24},"end":{"line":22,"column":null}},"13":{"start":{"line":25,"column":19},"end":{"line":26,"column":null}},"14":{"start":{"line":26,"column":18},"end":{"line":26,"column":19}},"15":{"start":{"line":26,"column":24},"end":{"line":26,"column":null}},"16":{"start":{"line":29,"column":20},"end":{"line":56,"column":null}},"17":{"start":{"line":31,"column":29},"end":{"line":31,"column":30}},"18":{"start":{"line":31,"column":35},"end":{"line":31,"column":null}},"19":{"start":{"line":34,"column":18},"end":{"line":34,"column":19}},"20":{"start":{"line":34,"column":24},"end":{"line":34,"column":null}},"21":{"start":{"line":42,"column":13},"end":{"line":42,"column":14}},"22":{"start":{"line":43,"column":4},"end":{"line":55,"column":null}},"23":{"start":{"line":45,"column":8},"end":{"line":45,"column":null}},"24":{"start":{"line":47,"column":8},"end":{"line":47,"column":null}},"25":{"start":{"line":49,"column":8},"end":{"line":49,"column":null}},"26":{"start":{"line":51,"column":8},"end":{"line":51,"column":null}},"27":{"start":{"line":54,"column":8},"end":{"line":54,"column":null}},"28":{"start":{"line":59,"column":0},"end":{"line":59,"column":null}}},"fnMap":{"0":{"name":"(anonymous_7)","decl":{"start":{"line":10,"column":11},"end":{"line":10,"column":12}},"loc":{"start":{"line":10,"column":19},"end":{"line":10,"column":29}}},"1":{"name":"(anonymous_8)","decl":{"start":{"line":14,"column":11},"end":{"line":14,"column":12}},"loc":{"start":{"line":14,"column":19},"end":{"line":14,"column":29}}},"2":{"name":"(anonymous_9)","decl":{"start":{"line":18,"column":11},"end":{"line":18,"column":12}},"loc":{"start":{"line":18,"column":19},"end":{"line":18,"column":29}}},"3":{"name":"(anonymous_10)","decl":{"start":{"line":22,"column":11},"end":{"line":22,"column":12}},"loc":{"start":{"line":22,"column":19},"end":{"line":22,"column":29}}},"4":{"name":"(anonymous_11)","decl":{"start":{"line":26,"column":11},"end":{"line":26,"column":12}},"loc":{"start":{"line":26,"column":19},"end":{"line":26,"column":29}}},"5":{"name":"(anonymous_12)","decl":{"start":{"line":31,"column":22},"end":{"line":31,"column":23}},"loc":{"start":{"line":31,"column":30},"end":{"line":31,"column":40}}},"6":{"name":"(anonymous_13)","decl":{"start":{"line":34,"column":11},"end":{"line":34,"column":12}},"loc":{"start":{"line":34,"column":19},"end":{"line":34,"column":29}}},"7":{"name":"(anonymous_14)","decl":{"start":{"line":42,"column":4},"end":{"line":42,"column":5}},"loc":{"start":{"line":42,"column":14},"end":{"line":56,"column":3}}}},"branchMap":{"0":{"loc":{"start":{"line":9,"column":24},"end":{"line":9,"column":45}},"type":"binary-expr","locations":[{"start":{"line":9,"column":24},"end":{"line":9,"column":45}},{"start":{"line":9,"column":24},"end":{"line":11,"column":null}}]},"1":{"loc":{"start":{"line":13,"column":21},"end":{"line":13,"column":42}},"type":"binary-expr","locations":[{"start":{"line":13,"column":21},"end":{"line":13,"column":42}},{"start":{"line":13,"column":21},"end":{"line":15,"column":null}}]},"2":{"loc":{"start":{"line":17,"column":24},"end":{"line":17,"column":45}},"type":"binary-expr","locations":[{"start":{"line":17,"column":24},"end":{"line":17,"column":45}},{"start":{"line":17,"column":24},"end":{"line":19,"column":null}}]},"3":{"loc":{"start":{"line":21,"column":24},"end":{"line":21,"column":45}},"type":"binary-expr","locations":[{"start":{"line":21,"column":24},"end":{"line":21,"column":45}},{"start":{"line":21,"column":24},"end":{"line":23,"column":null}}]},"4":{"loc":{"start":{"line":25,"column":22},"end":{"line":25,"column":43}},"type":"binary-expr","locations":[{"start":{"line":25,"column":22},"end":{"line":25,"column":43}},{"start":{"line":25,"column":22},"end":{"line":27,"column":null}}]},"5":{"loc":{"start":{"line":29,"column":33},"end":{"line":29,"column":41}},"type":"binary-expr","locations":[{"start":{"line":29,"column":33},"end":{"line":29,"column":41}},{"start":{"line":29,"column":33},"end":{"line":57,"column":null}}]},"6":{"loc":{"start":{"line":44,"column":6},"end":{"line":45,"column":null}},"type":"switch","locations":[{"start":{"line":44,"column":6},"end":{"line":45,"column":null}},{"start":{"line":46,"column":6},"end":{"line":47,"column":null}},{"start":{"line":48,"column":6},"end":{"line":49,"column":null}},{"start":{"line":50,"column":6},"end":{"line":51,"column":null}},{"start":{"line":52,"column":6},"end":{"line":52,"column":21}},{"start":{"line":53,"column":6},"end":{"line":54,"column":null}}]}},"s":{"0":2,"1":2,"2":2,"3":2,"4":2,"5":2,"6":2,"7":2,"8":2,"9":2,"10":2,"11":2,"12":2,"13":2,"14":2,"15":2,"16":2,"17":10,"18":10,"19":10,"20":10,"21":10,"22":10,"23":2,"24":2,"25":2,"26":2,"27":2,"28":2},"f":{"0":2,"1":2,"2":2,"3":2,"4":2,"5":10,"6":10,"7":10},"b":{"0":[2,2],"1":[2,2],"2":[2,2],"3":[2,2],"4":[2,2],"5":[2,2],"6":[2,2,2,2,0,2]}}
,"/home/senior/projects/linda-platform/packages/ui/src/components/Button/Button.tsx": {"path":"/home/senior/projects/linda-platform/packages/ui/src/components/Button/Button.tsx","statementMap":{"0":{"start":{"line":2,"column":0},"end":{"line":2,"column":58}},"1":{"start":{"line":3,"column":0},"end":{"line":3,"column":68}},"2":{"start":{"line":16,"column":16},"end":{"line":19,"column":null}},"3":{"start":{"line":22,"column":16},"end":{"line":25,"column":null}},"4":{"start":{"line":28,"column":16},"end":{"line":31,"column":null}},"5":{"start":{"line":34,"column":22},"end":{"line":56,"column":null}},"6":{"start":{"line":37,"column":18},"end":{"line":37,"column":20}},"7":{"start":{"line":37,"column":25},"end":{"line":37,"column":27}},"8":{"start":{"line":37,"column":32},"end":{"line":37,"column":33}},"9":{"start":{"line":38,"column":6},"end":{"line":40,"column":null}},"10":{"start":{"line":39,"column":8},"end":{"line":39,"column":null}},"11":{"start":{"line":42,"column":6},"end":{"line":52,"column":null}},"12":{"start":{"line":44,"column":10},"end":{"line":44,"column":null}},"13":{"start":{"line":46,"column":10},"end":{"line":46,"column":null}},"14":{"start":{"line":48,"column":10},"end":{"line":48,"column":null}},"15":{"start":{"line":51,"column":10},"end":{"line":51,"column":null}},"16":{"start":{"line":55,"column":23},"end":{"line":55,"column":25}},"17":{"start":{"line":55,"column":30},"end":{"line":55,"column":31}},"18":{"start":{"line":56,"column":4},"end":{"line":56,"column":null}},"19":{"start":{"line":59,"column":18},"end":{"line":62,"column":null}},"20":{"start":{"line":61,"column":23},"end":{"line":61,"column":25}},"21":{"start":{"line":61,"column":30},"end":{"line":61,"column":31}},"22":{"start":{"line":62,"column":4},"end":{"line":62,"column":null}},"23":{"start":{"line":65,"column":21},"end":{"line":84,"column":null}},"24":{"start":{"line":66,"column":34},"end":{"line":66,"column":36}},"25":{"start":{"line":66,"column":41},"end":{"line":66,"column":43}},"26":{"start":{"line":66,"column":48},"end":{"line":66,"column":49}},"27":{"start":{"line":67,"column":4},"end":{"line":69,"column":null}},"28":{"start":{"line":68,"column":6},"end":{"line":68,"column":null}},"29":{"start":{"line":71,"column":4},"end":{"line":81,"column":null}},"30":{"start":{"line":73,"column":8},"end":{"line":73,"column":null}},"31":{"start":{"line":75,"column":8},"end":{"line":75,"column":null}},"32":{"start":{"line":77,"column":8},"end":{"line":77,"column":null}},"33":{"start":{"line":80,"column":8},"end":{"line":80,"column":null}},"34":{"start":{"line":83,"column":23},"end":{"line":83,"column":25}},"35":{"start":{"line":83,"column":30},"end":{"line":83,"column":31}},"36":{"start":{"line":84,"column":4},"end":{"line":84,"column":null}},"37":{"start":{"line":87,"column":18},"end":{"line":88,"column":null}},"38":{"start":{"line":88,"column":18},"end":{"line":88,"column":19}},"39":{"start":{"line":88,"column":24},"end":{"line":88,"column":null}},"40":{"start":{"line":91,"column":18},"end":{"line":92,"column":null}},"41":{"start":{"line":92,"column":18},"end":{"line":92,"column":19}},"42":{"start":{"line":92,"column":24},"end":{"line":92,"column":null}},"43":{"start":{"line":95,"column":19},"end":{"line":96,"column":null}},"44":{"start":{"line":96,"column":18},"end":{"line":96,"column":19}},"45":{"start":{"line":96,"column":24},"end":{"line":96,"column":null}},"46":{"start":{"line":99,"column":21},"end":{"line":100,"column":null}},"47":{"start":{"line":100,"column":18},"end":{"line":100,"column":19}},"48":{"start":{"line":100,"column":24},"end":{"line":100,"column":null}},"49":{"start":{"line":103,"column":15},"end":{"line":148,"column":null}},"50":{"start":{"line":107,"column":10},"end":{"line":107,"column":11}},"51":{"start":{"line":108,"column":4},"end":{"line":116,"column":null}},"52":{"start":{"line":110,"column":8},"end":{"line":110,"column":null}},"53":{"start":{"line":112,"column":8},"end":{"line":112,"column":null}},"54":{"start":{"line":115,"column":8},"end":{"line":115,"column":null}},"55":{"start":{"line":119,"column":13},"end":{"line":119,"column":14}},"56":{"start":{"line":120,"column":4},"end":{"line":128,"column":null}},"57":{"start":{"line":122,"column":8},"end":{"line":122,"column":null}},"58":{"start":{"line":124,"column":8},"end":{"line":124,"column":null}},"59":{"start":{"line":127,"column":8},"end":{"line":127,"column":null}},"60":{"start":{"line":131,"column":11},"end":{"line":131,"column":13}},"61":{"start":{"line":131,"column":20},"end":{"line":131,"column":21}},"62":{"start":{"line":132,"column":4},"end":{"line":134,"column":null}},"63":{"start":{"line":133,"column":6},"end":{"line":133,"column":null}},"64":{"start":{"line":136,"column":4},"end":{"line":147,"column":null}},"65":{"start":{"line":138,"column":8},"end":{"line":138,"column":null}},"66":{"start":{"line":140,"column":8},"end":{"line":140,"column":null}},"67":{"start":{"line":142,"column":8},"end":{"line":142,"column":null}},"68":{"start":{"line":144,"column":8},"end":{"line":144,"column":null}},"69":{"start":{"line":146,"column":8},"end":{"line":146,"column":null}},"70":{"start":{"line":151,"column":0},"end":{"line":151,"column":null}}},"fnMap":{"0":{"name":"(anonymous_7)","decl":{"start":{"line":37,"column":6},"end":{"line":37,"column":7}},"loc":{"start":{"line":37,"column":33},"end":{"line":53,"column":5}}},"1":{"name":"(anonymous_8)","decl":{"start":{"line":55,"column":11},"end":{"line":55,"column":12}},"loc":{"start":{"line":55,"column":31},"end":{"line":56,"column":14}}},"2":{"name":"(anonymous_9)","decl":{"start":{"line":61,"column":11},"end":{"line":61,"column":12}},"loc":{"start":{"line":61,"column":31},"end":{"line":62,"column":14}}},"3":{"name":"(anonymous_10)","decl":{"start":{"line":66,"column":22},"end":{"line":66,"column":23}},"loc":{"start":{"line":66,"column":49},"end":{"line":82,"column":3}}},"4":{"name":"(anonymous_11)","decl":{"start":{"line":83,"column":11},"end":{"line":83,"column":12}},"loc":{"start":{"line":83,"column":31},"end":{"line":84,"column":14}}},"5":{"name":"(anonymous_12)","decl":{"start":{"line":88,"column":11},"end":{"line":88,"column":12}},"loc":{"start":{"line":88,"column":19},"end":{"line":88,"column":29}}},"6":{"name":"(anonymous_13)","decl":{"start":{"line":92,"column":11},"end":{"line":92,"column":12}},"loc":{"start":{"line":92,"column":19},"end":{"line":92,"column":29}}},"7":{"name":"(anonymous_14)","decl":{"start":{"line":96,"column":11},"end":{"line":96,"column":12}},"loc":{"start":{"line":96,"column":19},"end":{"line":96,"column":29}}},"8":{"name":"(anonymous_15)","decl":{"start":{"line":100,"column":11},"end":{"line":100,"column":12}},"loc":{"start":{"line":100,"column":19},"end":{"line":100,"column":29}}},"9":{"name":"(anonymous_16)","decl":{"start":{"line":107,"column":4},"end":{"line":107,"column":5}},"loc":{"start":{"line":107,"column":11},"end":{"line":117,"column":3}}},"10":{"name":"(anonymous_17)","decl":{"start":{"line":119,"column":4},"end":{"line":119,"column":5}},"loc":{"start":{"line":119,"column":14},"end":{"line":129,"column":3}}},"11":{"name":"(anonymous_18)","decl":{"start":{"line":131,"column":4},"end":{"line":131,"column":5}},"loc":{"start":{"line":131,"column":21},"end":{"line":148,"column":3}}}},"branchMap":{"0":{"loc":{"start":{"line":16,"column":19},"end":{"line":16,"column":40}},"type":"binary-expr","locations":[{"start":{"line":16,"column":19},"end":{"line":16,"column":40}},{"start":{"line":16,"column":19},"end":{"line":20,"column":null}}]},"1":{"loc":{"start":{"line":22,"column":19},"end":{"line":22,"column":40}},"type":"binary-expr","locations":[{"start":{"line":22,"column":19},"end":{"line":22,"column":40}},{"start":{"line":22,"column":19},"end":{"line":26,"column":null}}]},"2":{"loc":{"start":{"line":28,"column":19},"end":{"line":28,"column":40}},"type":"binary-expr","locations":[{"start":{"line":28,"column":19},"end":{"line":28,"column":40}},{"start":{"line":28,"column":19},"end":{"line":32,"column":null}}]},"3":{"loc":{"start":{"line":34,"column":25},"end":{"line":34,"column":46}},"type":"binary-expr","locations":[{"start":{"line":34,"column":25},"end":{"line":34,"column":46}},{"start":{"line":34,"column":25},"end":{"line":57,"column":null}}]},"4":{"loc":{"start":{"line":38,"column":6},"end":{"line":40,"column":null}},"type":"if","locations":[{"start":{"line":38,"column":6},"end":{"line":40,"column":null}},{"start":{"line":38,"column":6},"end":{"line":40,"column":null}}]},"5":{"loc":{"start":{"line":43,"column":8},"end":{"line":44,"column":null}},"type":"switch","locations":[{"start":{"line":43,"column":8},"end":{"line":44,"column":null}},{"start":{"line":45,"column":8},"end":{"line":46,"column":null}},{"start":{"line":47,"column":8},"end":{"line":48,"column":null}},{"start":{"line":49,"column":8},"end":{"line":49,"column":20}},{"start":{"line":50,"column":8},"end":{"line":51,"column":null}}]},"6":{"loc":{"start":{"line":56,"column":17},"end":{"line":56,"column":46}},"type":"cond-expr","locations":[{"start":{"line":56,"column":17},"end":{"line":56,"column":46}},{"start":{"line":56,"column":49},"end":{"line":56,"column":70}}]},"7":{"loc":{"start":{"line":59,"column":21},"end":{"line":59,"column":42}},"type":"binary-expr","locations":[{"start":{"line":59,"column":21},"end":{"line":59,"column":42}},{"start":{"line":59,"column":21},"end":{"line":63,"column":null}}]},"8":{"loc":{"start":{"line":62,"column":17},"end":{"line":62,"column":46}},"type":"cond-expr","locations":[{"start":{"line":62,"column":17},"end":{"line":62,"column":46}},{"start":{"line":62,"column":49},"end":{"line":62,"column":70}}]},"9":{"loc":{"start":{"line":65,"column":24},"end":{"line":65,"column":45}},"type":"binary-expr","locations":[{"start":{"line":65,"column":24},"end":{"line":65,"column":45}},{"start":{"line":65,"column":24},"end":{"line":85,"column":null}}]},"10":{"loc":{"start":{"line":67,"column":4},"end":{"line":69,"column":null}},"type":"if","locations":[{"start":{"line":67,"column":4},"end":{"line":69,"column":null}},{"start":{"line":67,"column":4},"end":{"line":69,"column":null}}]},"11":{"loc":{"start":{"line":72,"column":6},"end":{"line":73,"column":null}},"type":"switch","locations":[{"start":{"line":72,"column":6},"end":{"line":73,"column":null}},{"start":{"line":74,"column":6},"end":{"line":75,"column":null}},{"start":{"line":76,"column":6},"end":{"line":77,"column":null}},{"start":{"line":78,"column":6},"end":{"line":78,"column":18}},{"start":{"line":79,"column":6},"end":{"line":80,"column":null}}]},"12":{"loc":{"start":{"line":84,"column":17},"end":{"line":84,"column":46}},"type":"cond-expr","locations":[{"start":{"line":84,"column":17},"end":{"line":84,"column":46}},{"start":{"line":84,"column":49},"end":{"line":84,"column":73}}]},"13":{"loc":{"start":{"line":87,"column":21},"end":{"line":87,"column":42}},"type":"binary-expr","locations":[{"start":{"line":87,"column":21},"end":{"line":87,"column":42}},{"start":{"line":87,"column":21},"end":{"line":89,"column":null}}]},"14":{"loc":{"start":{"line":91,"column":21},"end":{"line":91,"column":42}},"type":"binary-expr","locations":[{"start":{"line":91,"column":21},"end":{"line":91,"column":42}},{"start":{"line":91,"column":21},"end":{"line":93,"column":null}}]},"15":{"loc":{"start":{"line":95,"column":22},"end":{"line":95,"column":43}},"type":"binary-expr","locations":[{"start":{"line":95,"column":22},"end":{"line":95,"column":43}},{"start":{"line":95,"column":22},"end":{"line":97,"column":null}}]},"16":{"loc":{"start":{"line":99,"column":24},"end":{"line":99,"column":45}},"type":"binary-expr","locations":[{"start":{"line":99,"column":24},"end":{"line":99,"column":45}},{"start":{"line":99,"column":24},"end":{"line":101,"column":null}}]},"17":{"loc":{"start":{"line":103,"column":28},"end":{"line":103,"column":36}},"type":"binary-expr","locations":[{"start":{"line":103,"column":28},"end":{"line":103,"column":36}},{"start":{"line":103,"column":28},"end":{"line":149,"column":null}}]},"18":{"loc":{"start":{"line":109,"column":6},"end":{"line":110,"column":null}},"type":"switch","locations":[{"start":{"line":109,"column":6},"end":{"line":110,"column":null}},{"start":{"line":111,"column":6},"end":{"line":112,"column":null}},{"start":{"line":113,"column":6},"end":{"line":113,"column":16}},{"start":{"line":114,"column":6},"end":{"line":115,"column":null}}]},"19":{"loc":{"start":{"line":121,"column":6},"end":{"line":122,"column":null}},"type":"switch","locations":[{"start":{"line":121,"column":6},"end":{"line":122,"column":null}},{"start":{"line":123,"column":6},"end":{"line":124,"column":null}},{"start":{"line":125,"column":6},"end":{"line":125,"column":21}},{"start":{"line":126,"column":6},"end":{"line":127,"column":null}}]},"20":{"loc":{"start":{"line":132,"column":4},"end":{"line":134,"column":null}},"type":"if","locations":[{"start":{"line":132,"column":4},"end":{"line":134,"column":null}},{"start":{"line":132,"column":4},"end":{"line":134,"column":null}}]},"21":{"loc":{"start":{"line":132,"column":8},"end":{"line":132,"column":16}},"type":"binary-expr","locations":[{"start":{"line":132,"column":8},"end":{"line":132,"column":16}},{"start":{"line":132,"column":20},"end":{"line":132,"column":41}}]},"22":{"loc":{"start":{"line":137,"column":6},"end":{"line":138,"column":null}},"type":"switch","locations":[{"start":{"line":137,"column":6},"end":{"line":138,"column":null}},{"start":{"line":139,"column":6},"end":{"line":140,"column":null}},{"start":{"line":141,"column":6},"end":{"line":142,"column":null}},{"start":{"line":143,"column":6},"end":{"line":144,"column":null}},{"start":{"line":145,"column":6},"end":{"line":146,"column":null}}]}},"s":{"0":8,"1":8,"2":8,"3":8,"4":8,"5":8,"6":16,"7":16,"8":16,"9":16,"10":2,"11":14,"12":1,"13":1,"14":1,"15":11,"16":16,"17":16,"18":16,"19":8,"20":20,"21":20,"22":20,"23":8,"24":30,"25":30,"26":30,"27":30,"28":2,"29":28,"30":1,"31":1,"32":1,"33":25,"34":30,"35":30,"36":30,"37":8,"38":2,"39":2,"40":8,"41":2,"42":2,"43":8,"44":2,"45":2,"46":8,"47":2,"48":2,"49":8,"50":66,"51":66,"52":6,"53":14,"54":46,"55":66,"56":66,"57":16,"58":20,"59":30,"60":66,"61":66,"62":66,"63":30,"64":36,"65":2,"66":2,"67":2,"68":2,"69":28,"70":8},"f":{"0":16,"1":16,"2":20,"3":30,"4":30,"5":2,"6":2,"7":2,"8":2,"9":66,"10":66,"11":66},"b":{"0":[8,8],"1":[8,8],"2":[8,8],"3":[8,8],"4":[2,14],"5":[1,1,1,1,11],"6":[2,14],"7":[8,8],"8":[2,18],"9":[8,8],"10":[2,28],"11":[1,1,1,1,25],"12":[2,28],"13":[8,8],"14":[8,8],"15":[8,8],"16":[8,8],"17":[8,8],"18":[6,14,12,46],"19":[16,20,12,30],"20":[30,36],"21":[66,48],"22":[2,2,2,2,28]}}
,"/home/senior/projects/linda-platform/packages/ui/src/components/ButtonGroup/ButtonGroup.tsx": {"path":"/home/senior/projects/linda-platform/packages/ui/src/components/ButtonGroup/ButtonGroup.tsx","statementMap":{"0":{"start":{"line":2,"column":0},"end":{"line":2,"column":38}},"1":{"start":{"line":6,"column":20},"end":{"line":30,"column":null}},"2":{"start":{"line":26,"column":29},"end":{"line":26,"column":30}},"3":{"start":{"line":26,"column":35},"end":{"line":26,"column":null}},"4":{"start":{"line":30,"column":28},"end":{"line":30,"column":29}},"5":{"start":{"line":30,"column":34},"end":{"line":30,"column":null}},"6":{"start":{"line":35,"column":0},"end":{"line":35,"column":null}}},"fnMap":{"0":{"name":"(anonymous_2)","decl":{"start":{"line":26,"column":22},"end":{"line":26,"column":23}},"loc":{"start":{"line":26,"column":30},"end":{"line":26,"column":40}}},"1":{"name":"(anonymous_3)","decl":{"start":{"line":30,"column":21},"end":{"line":30,"column":22}},"loc":{"start":{"line":30,"column":29},"end":{"line":30,"column":39}}}},"branchMap":{"0":{"loc":{"start":{"line":6,"column":30},"end":{"line":6,"column":38}},"type":"binary-expr","locations":[{"start":{"line":6,"column":30},"end":{"line":6,"column":38}},{"start":{"line":6,"column":30},"end":{"line":33,"column":null}}]}},"s":{"0":5,"1":5,"2":9,"3":9,"4":9,"5":9,"6":5},"f":{"0":9,"1":9},"b":{"0":[5,5]}}
,"/home/senior/projects/linda-platform/packages/ui/src/components/Checkbox/Checkbox.tsx": {"path":"/home/senior/projects/linda-platform/packages/ui/src/components/Checkbox/Checkbox.tsx","statementMap":{"0":{"start":{"line":1,"column":0},"end":{"line":1,"column":73}},"1":{"start":{"line":2,"column":0},"end":{"line":2,"column":77}},"2":{"start":{"line":3,"column":0},"end":{"line":3,"column":62}},"3":{"start":{"line":4,"column":0},"end":{"line":4,"column":51}},"4":{"start":{"line":5,"column":0},"end":{"line":5,"column":45}},"5":{"start":{"line":6,"column":0},"end":{"line":6,"column":47}},"6":{"start":{"line":17,"column":44},"end":{"line":31,"column":1}},"7":{"start":{"line":18,"column":66},"end":{"line":18,"column":null}},"8":{"start":{"line":18,"column":62},"end":{"line":18,"column":66}},"9":{"start":{"line":20,"column":2},"end":{"line":30,"column":null}},"10":{"start":{"line":33,"column":0},"end":{"line":35,"column":null}},"11":{"start":{"line":34,"column":18},"end":{"line":34,"column":null}},"12":{"start":{"line":37,"column":0},"end":{"line":37,"column":null}}},"fnMap":{"0":{"name":"(anonymous_4)","decl":{"start":{"line":17,"column":44},"end":{"line":17,"column":45}},"loc":{"start":{"line":17,"column":50},"end":{"line":31,"column":1}}},"1":{"name":"(anonymous_5)","decl":{"start":{"line":34,"column":12},"end":{"line":34,"column":18}},"loc":{"start":{"line":34,"column":12},"end":{"line":34,"column":27}}}},"branchMap":{"0":{"loc":{"start":{"line":25,"column":39},"end":{"line":25,"column":52}},"type":"cond-expr","locations":[{"start":{"line":25,"column":39},"end":{"line":25,"column":52}},{"start":{"line":25,"column":55},"end":{"line":25,"column":68}}]}},"s":{"0":2,"1":2,"2":2,"3":2,"4":2,"5":2,"6":2,"7":50,"8":10,"9":10,"10":2,"11":0,"12":2},"f":{"0":10,"1":0},"b":{"0":[4,6]}}
,"/home/senior/projects/linda-platform/packages/ui/src/components/Checkbox/CheckboxContainer.tsx": {"path":"/home/senior/projects/linda-platform/packages/ui/src/components/Checkbox/CheckboxContainer.tsx","statementMap":{"0":{"start":{"line":2,"column":0},"end":{"line":2,"column":38}},"1":{"start":{"line":3,"column":0},"end":{"line":3,"column":47}},"2":{"start":{"line":9,"column":26},"end":{"line":15,"column":null}},"3":{"start":{"line":11,"column":21},"end":{"line":11,"column":23}},"4":{"start":{"line":11,"column":28},"end":{"line":11,"column":29}},"5":{"start":{"line":12,"column":4},"end":{"line":12,"column":null}},"6":{"start":{"line":18,"column":0},"end":{"line":18,"column":null}}},"fnMap":{"0":{"name":"(anonymous_2)","decl":{"start":{"line":11,"column":11},"end":{"line":11,"column":12}},"loc":{"start":{"line":11,"column":29},"end":{"line":12,"column":12}}}},"branchMap":{"0":{"loc":{"start":{"line":9,"column":38},"end":{"line":9,"column":46}},"type":"binary-expr","locations":[{"start":{"line":9,"column":38},"end":{"line":9,"column":46}},{"start":{"line":9,"column":38},"end":{"line":16,"column":null}}]},"1":{"loc":{"start":{"line":12,"column":15},"end":{"line":12,"column":44}},"type":"cond-expr","locations":[{"start":{"line":12,"column":15},"end":{"line":12,"column":44}},{"start":{"line":12,"column":47},"end":{"line":12,"column":70}}]}},"s":{"0":2,"1":2,"2":2,"3":10,"4":10,"5":10,"6":2},"f":{"0":10},"b":{"0":[2,2],"1":[4,6]}}
,"/home/senior/projects/linda-platform/packages/ui/src/components/Checkbox/HiddenCheckbox.tsx": {"path":"/home/senior/projects/linda-platform/packages/ui/src/components/Checkbox/HiddenCheckbox.tsx","statementMap":{"0":{"start":{"line":2,"column":0},"end":{"line":2,"column":38}},"1":{"start":{"line":6,"column":23},"end":{"line":15,"column":null}},"2":{"start":{"line":17,"column":0},"end":{"line":17,"column":null}}},"fnMap":{},"branchMap":{"0":{"loc":{"start":{"line":6,"column":61},"end":{"line":6,"column":69}},"type":"binary-expr","locations":[{"start":{"line":6,"column":61},"end":{"line":6,"column":69}},{"start":{"line":6,"column":61},"end":{"line":15,"column":null}}]}},"s":{"0":2,"1":2,"2":2},"f":{},"b":{"0":[2,2]}}
,"/home/senior/projects/linda-platform/packages/ui/src/components/Checkbox/VisibleCheckbox.tsx": {"path":"/home/senior/projects/linda-platform/packages/ui/src/components/Checkbox/VisibleCheckbox.tsx","statementMap":{"0":{"start":{"line":2,"column":0},"end":{"line":2,"column":58}},"1":{"start":{"line":9,"column":22},"end":{"line":12,"column":null}},"2":{"start":{"line":10,"column":23},"end":{"line":10,"column":24}},"3":{"start":{"line":10,"column":29},"end":{"line":10,"column":null}},"4":{"start":{"line":11,"column":25},"end":{"line":11,"column":26}},"5":{"start":{"line":11,"column":31},"end":{"line":11,"column":null}},"6":{"start":{"line":12,"column":18},"end":{"line":12,"column":19}},"7":{"start":{"line":12,"column":24},"end":{"line":12,"column":null}},"8":{"start":{"line":15,"column":24},"end":{"line":31,"column":null}},"9":{"start":{"line":17,"column":23},"end":{"line":17,"column":24}},"10":{"start":{"line":17,"column":29},"end":{"line":17,"column":null}},"11":{"start":{"line":18,"column":32},"end":{"line":18,"column":33}},"12":{"start":{"line":18,"column":38},"end":{"line":18,"column":null}},"13":{"start":{"line":20,"column":18},"end":{"line":20,"column":19}},"14":{"start":{"line":20,"column":24},"end":{"line":20,"column":null}},"15":{"start":{"line":28,"column":14},"end":{"line":28,"column":15}},"16":{"start":{"line":28,"column":20},"end":{"line":28,"column":null}},"17":{"start":{"line":31,"column":27},"end":{"line":31,"column":28}},"18":{"start":{"line":31,"column":33},"end":{"line":31,"column":null}},"19":{"start":{"line":35,"column":0},"end":{"line":35,"column":null}}},"fnMap":{"0":{"name":"(anonymous_7)","decl":{"start":{"line":10,"column":16},"end":{"line":10,"column":17}},"loc":{"start":{"line":10,"column":24},"end":{"line":10,"column":34}}},"1":{"name":"(anonymous_8)","decl":{"start":{"line":11,"column":18},"end":{"line":11,"column":19}},"loc":{"start":{"line":11,"column":26},"end":{"line":11,"column":36}}},"2":{"name":"(anonymous_9)","decl":{"start":{"line":12,"column":11},"end":{"line":12,"column":12}},"loc":{"start":{"line":12,"column":19},"end":{"line":12,"column":29}}},"3":{"name":"(anonymous_10)","decl":{"start":{"line":17,"column":16},"end":{"line":17,"column":17}},"loc":{"start":{"line":17,"column":24},"end":{"line":17,"column":34}}},"4":{"name":"(anonymous_11)","decl":{"start":{"line":18,"column":25},"end":{"line":18,"column":26}},"loc":{"start":{"line":18,"column":33},"end":{"line":18,"column":43}}},"5":{"name":"(anonymous_12)","decl":{"start":{"line":20,"column":11},"end":{"line":20,"column":12}},"loc":{"start":{"line":20,"column":19},"end":{"line":20,"column":29}}},"6":{"name":"(anonymous_13)","decl":{"start":{"line":28,"column":4},"end":{"line":28,"column":5}},"loc":{"start":{"line":28,"column":15},"end":{"line":28,"column":21}}},"7":{"name":"(anonymous_14)","decl":{"start":{"line":31,"column":18},"end":{"line":31,"column":19}},"loc":{"start":{"line":31,"column":28},"end":{"line":31,"column":34}}}},"branchMap":{"0":{"loc":{"start":{"line":9,"column":25},"end":{"line":9,"column":46}},"type":"binary-expr","locations":[{"start":{"line":9,"column":25},"end":{"line":9,"column":46}},{"start":{"line":9,"column":25},"end":{"line":13,"column":null}}]},"1":{"loc":{"start":{"line":15,"column":34},"end":{"line":15,"column":42}},"type":"binary-expr","locations":[{"start":{"line":15,"column":34},"end":{"line":15,"column":42}},{"start":{"line":15,"column":34},"end":{"line":33,"column":null}}]},"2":{"loc":{"start":{"line":28,"column":32},"end":{"line":28,"column":45}},"type":"cond-expr","locations":[{"start":{"line":28,"column":32},"end":{"line":28,"column":45}},{"start":{"line":28,"column":48},"end":{"line":28,"column":50}}]},"3":{"loc":{"start":{"line":31,"column":44},"end":{"line":31,"column":53}},"type":"cond-expr","locations":[{"start":{"line":31,"column":44},"end":{"line":31,"column":53}},{"start":{"line":31,"column":56},"end":{"line":31,"column":64}}]}},"s":{"0":2,"1":2,"2":4,"3":4,"4":4,"5":4,"6":4,"7":4,"8":2,"9":10,"10":10,"11":10,"12":10,"13":10,"14":10,"15":10,"16":10,"17":10,"18":10,"19":2},"f":{"0":4,"1":4,"2":4,"3":10,"4":10,"5":10,"6":10,"7":10},"b":{"0":[2,2],"1":[2,2],"2":[4,6],"3":[8,2]}}
,"/home/senior/projects/linda-platform/packages/ui/src/components/Dropdown/Dropdown.tsx": {"path":"/home/senior/projects/linda-platform/packages/ui/src/components/Dropdown/Dropdown.tsx","statementMap":{"0":{"start":{"line":1,"column":0},"end":{"line":1,"column":null}},"1":{"start":{"line":10,"column":0},"end":{"line":10,"column":37}},"2":{"start":{"line":11,"column":0},"end":{"line":11,"column":33}},"3":{"start":{"line":12,"column":0},"end":{"line":12,"column":39}},"4":{"start":{"line":23,"column":44},"end":{"line":73,"column":1}},"5":{"start":{"line":24,"column":34},"end":{"line":24,"column":58}},"6":{"start":{"line":24,"column":17},"end":{"line":24,"column":19}},"7":{"start":{"line":24,"column":30},"end":{"line":24,"column":34}},"8":{"start":{"line":25,"column":32},"end":{"line":25,"column":61}},"9":{"start":{"line":25,"column":16},"end":{"line":25,"column":18}},"10":{"start":{"line":25,"column":28},"end":{"line":25,"column":32}},"11":{"start":{"line":26,"column":64},"end":{"line":26,"column":null}},"12":{"start":{"line":28,"column":15},"end":{"line":34,"column":null}},"13":{"start":{"line":29,"column":8},"end":{"line":29,"column":21}},"14":{"start":{"line":30,"column":6},"end":{"line":30,"column":null}},"15":{"start":{"line":33,"column":4},"end":{"line":33,"column":null}},"16":{"start":{"line":36,"column":23},"end":{"line":42,"column":3}},"17":{"start":{"line":37,"column":4},"end":{"line":41,"column":null}},"18":{"start":{"line":38,"column":6},"end":{"line":38,"column":null}},"19":{"start":{"line":40,"column":6},"end":{"line":40,"column":null}},"20":{"start":{"line":44,"column":26},"end":{"line":48,"column":3}},"21":{"start":{"line":45,"column":4},"end":{"line":47,"column":null}},"22":{"start":{"line":46,"column":6},"end":{"line":46,"column":null}},"23":{"start":{"line":50,"column":2},"end":{"line":54,"column":null}},"24":{"start":{"line":51,"column":4},"end":{"line":53,"column":null}},"25":{"start":{"line":52,"column":6},"end":{"line":52,"column":null}},"26":{"start":{"line":56,"column":2},"end":{"line":72,"column":null}},"27":{"start":{"line":75,"column":0},"end":{"line":75,"column":null}}},"fnMap":{"0":{"name":"(anonymous_20)","decl":{"start":{"line":23,"column":44},"end":{"line":23,"column":45}},"loc":{"start":{"line":23,"column":50},"end":{"line":73,"column":1}}},"1":{"name":"(anonymous_21)","decl":{"start":{"line":28,"column":15},"end":{"line":28,"column":null}},"loc":{"start":{"line":28,"column":15},"end":{"line":34,"column":null}}},"2":{"name":"(anonymous_24)","decl":{"start":{"line":36,"column":23},"end":{"line":36,"column":null}},"loc":{"start":{"line":36,"column":23},"end":{"line":42,"column":3}}},"3":{"name":"(anonymous_25)","decl":{"start":{"line":44,"column":26},"end":{"line":44,"column":27}},"loc":{"start":{"line":44,"column":65},"end":{"line":48,"column":3}}},"4":{"name":"(anonymous_26)","decl":{"start":{"line":50,"column":12},"end":{"line":50,"column":null}},"loc":{"start":{"line":50,"column":12},"end":{"line":54,"column":3}}}},"branchMap":{"0":{"loc":{"start":{"line":29,"column":8},"end":{"line":29,"column":21}},"type":"if","locations":[{"start":{"line":29,"column":8},"end":{"line":29,"column":21}},{"start":{"line":29,"column":8},"end":{"line":29,"column":21}}]},"1":{"loc":{"start":{"line":37,"column":4},"end":{"line":41,"column":null}},"type":"if","locations":[{"start":{"line":37,"column":4},"end":{"line":41,"column":null}},{"start":{"line":37,"column":4},"end":{"line":41,"column":null}}]},"2":{"loc":{"start":{"line":45,"column":4},"end":{"line":47,"column":null}},"type":"if","locations":[{"start":{"line":45,"column":4},"end":{"line":47,"column":null}},{"start":{"line":45,"column":4},"end":{"line":47,"column":null}}]},"3":{"loc":{"start":{"line":45,"column":8},"end":{"line":45,"column":40}},"type":"binary-expr","locations":[{"start":{"line":45,"column":8},"end":{"line":45,"column":40}},{"start":{"line":45,"column":44},"end":{"line":45,"column":53}}]},"4":{"loc":{"start":{"line":51,"column":4},"end":{"line":53,"column":null}},"type":"if","locations":[{"start":{"line":51,"column":4},"end":{"line":53,"column":null}},{"start":{"line":51,"column":4},"end":{"line":53,"column":null}}]}},"s":{"0":3,"1":3,"2":3,"3":3,"4":3,"5":4,"6":4,"7":4,"8":4,"9":4,"10":4,"11":20,"12":4,"13":0,"14":0,"15":0,"16":4,"17":0,"18":0,"19":0,"20":4,"21":0,"22":0,"23":4,"24":4,"25":0,"26":4,"27":3},"f":{"0":4,"1":0,"2":0,"3":0,"4":4},"b":{"0":[0,0],"1":[0,0],"2":[0,0],"3":[0,0],"4":[0,4]}}
,"/home/senior/projects/linda-platform/packages/ui/src/components/Dropdown/DropdownMenuItem.tsx": {"path":"/home/senior/projects/linda-platform/packages/ui/src/components/Dropdown/DropdownMenuItem.tsx","statementMap":{"0":{"start":{"line":1,"column":0},"end":{"line":1,"column":38}},"1":{"start":{"line":3,"column":25},"end":{"line":14,"column":null}},"2":{"start":{"line":4,"column":29},"end":{"line":4,"column":30}},"3":{"start":{"line":4,"column":35},"end":{"line":4,"column":null}},"4":{"start":{"line":5,"column":32},"end":{"line":5,"column":33}},"5":{"start":{"line":5,"column":38},"end":{"line":5,"column":null}},"6":{"start":{"line":14,"column":31},"end":{"line":14,"column":32}},"7":{"start":{"line":14,"column":37},"end":{"line":14,"column":null}},"8":{"start":{"line":18,"column":0},"end":{"line":18,"column":null}}},"fnMap":{"0":{"name":"(anonymous_2)","decl":{"start":{"line":4,"column":22},"end":{"line":4,"column":23}},"loc":{"start":{"line":4,"column":30},"end":{"line":4,"column":40}}},"1":{"name":"(anonymous_3)","decl":{"start":{"line":5,"column":25},"end":{"line":5,"column":26}},"loc":{"start":{"line":5,"column":33},"end":{"line":5,"column":43}}},"2":{"name":"(anonymous_4)","decl":{"start":{"line":14,"column":24},"end":{"line":14,"column":25}},"loc":{"start":{"line":14,"column":32},"end":{"line":14,"column":42}}}},"branchMap":{"0":{"loc":{"start":{"line":3,"column":33},"end":{"line":3,"column":null}},"type":"binary-expr","locations":[{"start":{"line":3,"column":33},"end":{"line":3,"column":null}},{"start":{"line":3,"column":33},"end":{"line":16,"column":null}}]}},"s":{"0":3,"1":3,"2":8,"3":8,"4":8,"5":8,"6":8,"7":8,"8":3},"f":{"0":8,"1":8,"2":8},"b":{"0":[3,3]}}
,"/home/senior/projects/linda-platform/packages/ui/src/components/Dropdown/Button/DropdownButton.tsx": {"path":"/home/senior/projects/linda-platform/packages/ui/src/components/Dropdown/Button/DropdownButton.tsx","statementMap":{"0":{"start":{"line":1,"column":0},"end":{"line":1,"column":46}},"1":{"start":{"line":2,"column":0},"end":{"line":2,"column":60}},"2":{"start":{"line":3,"column":0},"end":{"line":3,"column":62}},"3":{"start":{"line":4,"column":0},"end":{"line":4,"column":33}},"4":{"start":{"line":5,"column":0},"end":{"line":5,"column":43}},"5":{"start":{"line":13,"column":50},"end":{"line":19,"column":null}},"6":{"start":{"line":14,"column":6},"end":{"line":14,"column":null}},"7":{"start":{"line":15,"column":15},"end":{"line":15,"column":null}},"8":{"start":{"line":16,"column":14},"end":{"line":16,"column":null}},"9":{"start":{"line":17,"column":7},"end":{"line":17,"column":null}},"10":{"start":{"line":18,"column":10},"end":{"line":18,"column":null}},"11":{"start":{"line":19,"column":6},"end":{"line":32,"column":null}},"12":{"start":{"line":34,"column":0},"end":{"line":34,"column":null}}},"fnMap":{"0":{"name":"(anonymous_1)","decl":{"start":{"line":13,"column":50},"end":{"line":13,"column":51}},"loc":{"start":{"line":19,"column":1},"end":{"line":19,"column":null}}}},"branchMap":{"0":{"loc":{"start":{"line":28,"column":29},"end":{"line":28,"column":32}},"type":"cond-expr","locations":[{"start":{"line":28,"column":29},"end":{"line":28,"column":32}},{"start":{"line":28,"column":35},"end":{"line":28,"column":44}}]}},"s":{"0":3,"1":3,"2":3,"3":3,"4":3,"5":3,"6":4,"7":4,"8":4,"9":4,"10":4,"11":4,"12":3},"f":{"0":4},"b":{"0":[0,4]}}
,"/home/senior/projects/linda-platform/packages/ui/src/components/Dropdown/Menu/DropdownMenu.tsx": {"path":"/home/senior/projects/linda-platform/packages/ui/src/components/Dropdown/Menu/DropdownMenu.tsx","statementMap":{"0":{"start":{"line":2,"column":0},"end":{"line":2,"column":45}},"1":{"start":{"line":10,"column":20},"end":{"line":13,"column":null}},"2":{"start":{"line":15,"column":21},"end":{"line":25,"column":null}},"3":{"start":{"line":16,"column":27},"end":{"line":16,"column":28}},"4":{"start":{"line":16,"column":33},"end":{"line":16,"column":null}},"5":{"start":{"line":25,"column":14},"end":{"line":25,"column":15}},"6":{"start":{"line":25,"column":20},"end":{"line":25,"column":null}},"7":{"start":{"line":28,"column":0},"end":{"line":28,"column":null}}},"fnMap":{"0":{"name":"(anonymous_7)","decl":{"start":{"line":16,"column":13},"end":{"line":16,"column":14}},"loc":{"start":{"line":16,"column":28},"end":{"line":16,"column":45}}},"1":{"name":"(anonymous_8)","decl":{"start":{"line":25,"column":4},"end":{"line":25,"column":5}},"loc":{"start":{"line":25,"column":15},"end":{"line":25,"column":21}}}},"branchMap":{"0":{"loc":{"start":{"line":10,"column":23},"end":{"line":10,"column":null}},"type":"binary-expr","locations":[{"start":{"line":10,"column":23},"end":{"line":10,"column":null}},{"start":{"line":10,"column":23},"end":{"line":13,"column":null}}]},"1":{"loc":{"start":{"line":15,"column":31},"end":{"line":15,"column":39}},"type":"binary-expr","locations":[{"start":{"line":15,"column":31},"end":{"line":15,"column":39}},{"start":{"line":15,"column":31},"end":{"line":26,"column":null}}]},"2":{"loc":{"start":{"line":25,"column":32},"end":{"line":25,"column":43}},"type":"cond-expr","locations":[{"start":{"line":25,"column":32},"end":{"line":25,"column":43}},{"start":{"line":25,"column":46},"end":{"line":25,"column":48}}]}},"s":{"0":3,"1":3,"2":3,"3":4,"4":4,"5":4,"6":4,"7":3},"f":{"0":4,"1":4},"b":{"0":[3,3],"1":[3,3],"2":[0,4]}}
,"/home/senior/projects/linda-platform/packages/ui/src/components/Dropdown/Wrapper/DropdownWrapper.tsx": {"path":"/home/senior/projects/linda-platform/packages/ui/src/components/Dropdown/Wrapper/DropdownWrapper.tsx","statementMap":{"0":{"start":{"line":2,"column":0},"end":{"line":2,"column":38}},"1":{"start":{"line":4,"column":24},"end":{"line":9,"column":null}},"2":{"start":{"line":11,"column":0},"end":{"line":11,"column":null}}},"fnMap":{},"branchMap":{"0":{"loc":{"start":{"line":4,"column":34},"end":{"line":4,"column":66}},"type":"binary-expr","locations":[{"start":{"line":4,"column":34},"end":{"line":4,"column":66}},{"start":{"line":4,"column":34},"end":{"line":9,"column":null}}]}},"s":{"0":3,"1":3,"2":3},"f":{},"b":{"0":[3,3]}}
,"/home/senior/projects/linda-platform/packages/ui/src/components/Grid/Col.tsx": {"path":"/home/senior/projects/linda-platform/packages/ui/src/components/Grid/Col.tsx","statementMap":{"0":{"start":{"line":2,"column":0},"end":{"line":2,"column":23}},"1":{"start":{"line":3,"column":0},"end":{"line":3,"column":22}},"2":{"start":{"line":4,"column":0},"end":{"line":4,"column":58}},"3":{"start":{"line":6,"column":0},"end":{"line":6,"column":56}},"4":{"start":{"line":7,"column":0},"end":{"line":7,"column":51}},"5":{"start":{"line":9,"column":49},"end":{"line":9,"column":79}},"6":{"start":{"line":28,"column":19},"end":{"line":122,"column":null}},"7":{"start":{"line":34,"column":8},"end":{"line":34,"column":null}},"8":{"start":{"line":32,"column":26},"end":{"line":32,"column":28}},"9":{"start":{"line":32,"column":35},"end":{"line":32,"column":36}},"10":{"start":{"line":36,"column":4},"end":{"line":121,"column":null}},"11":{"start":{"line":38,"column":26},"end":{"line":38,"column":43}},"12":{"start":{"line":40,"column":8},"end":{"line":111,"column":null}},"13":{"start":{"line":41,"column":40},"end":{"line":41,"column":null}},"14":{"start":{"line":42,"column":45},"end":{"line":42,"column":47}},"15":{"start":{"line":45,"column":10},"end":{"line":77,"column":null}},"16":{"start":{"line":47,"column":14},"end":{"line":55,"column":null}},"17":{"start":{"line":56,"column":14},"end":{"line":56,"column":19}},"18":{"start":{"line":58,"column":14},"end":{"line":65,"column":null}},"19":{"start":{"line":66,"column":14},"end":{"line":66,"column":19}},"20":{"start":{"line":68,"column":14},"end":{"line":76,"column":null}},"21":{"start":{"line":80,"column":10},"end":{"line":97,"column":null}},"22":{"start":{"line":82,"column":14},"end":{"line":84,"column":null}},"23":{"start":{"line":85,"column":14},"end":{"line":85,"column":19}},"24":{"start":{"line":87,"column":14},"end":{"line":89,"column":null}},"25":{"start":{"line":90,"column":14},"end":{"line":90,"column":19}},"26":{"start":{"line":92,"column":14},"end":{"line":94,"column":null}},"27":{"start":{"line":95,"column":14},"end":{"line":95,"column":19}},"28":{"start":{"line":100,"column":10},"end":{"line":108,"column":null}},"29":{"start":{"line":101,"column":12},"end":{"line":107,"column":null}},"30":{"start":{"line":110,"column":10},"end":{"line":110,"column":null}},"31":{"start":{"line":113,"column":8},"end":{"line":119,"column":null}},"32":{"start":{"line":125,"column":12},"end":{"line":177,"column":null}},"33":{"start":{"line":126,"column":42},"end":{"line":126,"column":null}},"34":{"start":{"line":128,"column":2},"end":{"line":156,"column":null}},"35":{"start":{"line":161,"column":8},"end":{"line":161,"column":null}},"36":{"start":{"line":162,"column":28},"end":{"line":162,"column":null}},"37":{"start":{"line":163,"column":35},"end":{"line":163,"column":null}},"38":{"start":{"line":165,"column":12},"end":{"line":165,"column":null}},"39":{"start":{"line":169,"column":8},"end":{"line":169,"column":null}},"40":{"start":{"line":170,"column":28},"end":{"line":170,"column":null}},"41":{"start":{"line":171,"column":35},"end":{"line":171,"column":null}},"42":{"start":{"line":173,"column":12},"end":{"line":173,"column":null}},"43":{"start":{"line":180,"column":0},"end":{"line":180,"column":null}}},"fnMap":{"0":{"name":"(anonymous_8)","decl":{"start":{"line":29,"column":4},"end":{"line":29,"column":5}},"loc":{"start":{"line":29,"column":10},"end":{"line":122,"column":3}}},"1":{"name":"(anonymous_9)","decl":{"start":{"line":37,"column":11},"end":{"line":37,"column":12}},"loc":{"start":{"line":37,"column":22},"end":{"line":120,"column":7}}},"2":{"name":"(anonymous_10)","decl":{"start":{"line":125,"column":45},"end":{"line":125,"column":46}},"loc":{"start":{"line":125,"column":51},"end":{"line":157,"column":1}}},"3":{"name":"(anonymous_11)","decl":{"start":{"line":160,"column":6},"end":{"line":160,"column":7}},"loc":{"start":{"line":165,"column":7},"end":{"line":165,"column":19}}},"4":{"name":"(anonymous_12)","decl":{"start":{"line":168,"column":6},"end":{"line":168,"column":7}},"loc":{"start":{"line":173,"column":7},"end":{"line":173,"column":19}}}},"branchMap":{"0":{"loc":{"start":{"line":28,"column":22},"end":{"line":28,"column":43}},"type":"binary-expr","locations":[{"start":{"line":28,"column":22},"end":{"line":28,"column":43}},{"start":{"line":28,"column":22},"end":{"line":123,"column":null}}]},"1":{"loc":{"start":{"line":40,"column":8},"end":{"line":111,"column":null}},"type":"if","locations":[{"start":{"line":40,"column":8},"end":{"line":111,"column":null}},{"start":{"line":40,"column":8},"end":{"line":111,"column":null}}]},"2":{"loc":{"start":{"line":46,"column":12},"end":{"line":56,"column":19}},"type":"switch","locations":[{"start":{"line":46,"column":12},"end":{"line":56,"column":19}},{"start":{"line":57,"column":12},"end":{"line":66,"column":19}},{"start":{"line":67,"column":12},"end":{"line":76,"column":null}}]},"3":{"loc":{"start":{"line":81,"column":12},"end":{"line":85,"column":19}},"type":"switch","locations":[{"start":{"line":81,"column":12},"end":{"line":85,"column":19}},{"start":{"line":86,"column":12},"end":{"line":90,"column":19}},{"start":{"line":91,"column":12},"end":{"line":95,"column":19}},{"start":{"line":96,"column":12},"end":{"line":96,"column":20}}]},"4":{"loc":{"start":{"line":100,"column":10},"end":{"line":108,"column":null}},"type":"if","locations":[{"start":{"line":100,"column":10},"end":{"line":108,"column":null}},{"start":{"line":100,"column":10},"end":{"line":108,"column":null}}]},"5":{"loc":{"start":{"line":100,"column":14},"end":{"line":100,"column":30}},"type":"binary-expr","locations":[{"start":{"line":100,"column":14},"end":{"line":100,"column":30}},{"start":{"line":100,"column":34},"end":{"line":100,"column":52}}]},"6":{"loc":{"start":{"line":132,"column":16},"end":{"line":132,"column":18}},"type":"cond-expr","locations":[{"start":{"line":132,"column":16},"end":{"line":132,"column":18}},{"start":{"line":132,"column":14},"end":{"line":132,"column":22}}]},"7":{"loc":{"start":{"line":132,"column":14},"end":{"line":132,"column":18}},"type":"binary-expr","locations":[{"start":{"line":132,"column":14},"end":{"line":132,"column":18}},{"start":{"line":132,"column":14},"end":{"line":132,"column":18}}]},"8":{"loc":{"start":{"line":132,"column":27},"end":{"line":132,"column":45}},"type":"binary-expr","locations":[{"start":{"line":132,"column":27},"end":{"line":132,"column":45}},{"start":{"line":132,"column":49},"end":{"line":132,"column":66}}]},"9":{"loc":{"start":{"line":132,"column":38},"end":{"line":132,"column":40}},"type":"cond-expr","locations":[{"start":{"line":132,"column":38},"end":{"line":132,"column":40}},{"start":{"line":132,"column":36},"end":{"line":132,"column":44}}]},"10":{"loc":{"start":{"line":132,"column":36},"end":{"line":132,"column":40}},"type":"binary-expr","locations":[{"start":{"line":132,"column":36},"end":{"line":132,"column":40}},{"start":{"line":132,"column":36},"end":{"line":132,"column":40}}]},"11":{"loc":{"start":{"line":132,"column":51},"end":{"line":132,"column":53}},"type":"cond-expr","locations":[{"start":{"line":132,"column":51},"end":{"line":132,"column":53}},{"start":{"line":132,"column":49},"end":{"line":132,"column":57}}]},"12":{"loc":{"start":{"line":132,"column":49},"end":{"line":132,"column":53}},"type":"binary-expr","locations":[{"start":{"line":132,"column":49},"end":{"line":132,"column":53}},{"start":{"line":132,"column":49},"end":{"line":132,"column":53}}]},"13":{"loc":{"start":{"line":133,"column":21},"end":{"line":133,"column":23}},"type":"cond-expr","locations":[{"start":{"line":133,"column":21},"end":{"line":133,"column":23}},{"start":{"line":133,"column":19},"end":{"line":133,"column":28}}]},"14":{"loc":{"start":{"line":133,"column":19},"end":{"line":133,"column":23}},"type":"binary-expr","locations":[{"start":{"line":133,"column":19},"end":{"line":133,"column":23}},{"start":{"line":133,"column":19},"end":{"line":133,"column":23}}]},"15":{"loc":{"start":{"line":133,"column":44},"end":{"line":133,"column":46}},"type":"cond-expr","locations":[{"start":{"line":133,"column":44},"end":{"line":133,"column":46}},{"start":{"line":133,"column":42},"end":{"line":133,"column":51}}]},"16":{"loc":{"start":{"line":133,"column":42},"end":{"line":133,"column":46}},"type":"binary-expr","locations":[{"start":{"line":133,"column":42},"end":{"line":133,"column":46}},{"start":{"line":133,"column":42},"end":{"line":133,"column":46}}]},"17":{"loc":{"start":{"line":134,"column":22},"end":{"line":134,"column":24}},"type":"cond-expr","locations":[{"start":{"line":134,"column":22},"end":{"line":134,"column":24}},{"start":{"line":134,"column":20},"end":{"line":134,"column":30}}]},"18":{"loc":{"start":{"line":134,"column":20},"end":{"line":134,"column":24}},"type":"binary-expr","locations":[{"start":{"line":134,"column":20},"end":{"line":134,"column":24}},{"start":{"line":134,"column":20},"end":{"line":134,"column":24}}]},"19":{"loc":{"start":{"line":134,"column":46},"end":{"line":134,"column":48}},"type":"cond-expr","locations":[{"start":{"line":134,"column":46},"end":{"line":134,"column":48}},{"start":{"line":134,"column":44},"end":{"line":134,"column":54}}]},"20":{"loc":{"start":{"line":134,"column":44},"end":{"line":134,"column":48}},"type":"binary-expr","locations":[{"start":{"line":134,"column":44},"end":{"line":134,"column":48}},{"start":{"line":134,"column":44},"end":{"line":134,"column":48}}]},"21":{"loc":{"start":{"line":136,"column":16},"end":{"line":136,"column":34}},"type":"binary-expr","locations":[{"start":{"line":136,"column":16},"end":{"line":136,"column":34}},{"start":{"line":136,"column":38},"end":{"line":136,"column":55}}]},"22":{"loc":{"start":{"line":136,"column":27},"end":{"line":136,"column":29}},"type":"cond-expr","locations":[{"start":{"line":136,"column":27},"end":{"line":136,"column":29}},{"start":{"line":136,"column":25},"end":{"line":136,"column":33}}]},"23":{"loc":{"start":{"line":136,"column":25},"end":{"line":136,"column":29}},"type":"binary-expr","locations":[{"start":{"line":136,"column":25},"end":{"line":136,"column":29}},{"start":{"line":136,"column":25},"end":{"line":136,"column":29}}]},"24":{"loc":{"start":{"line":136,"column":40},"end":{"line":136,"column":42}},"type":"cond-expr","locations":[{"start":{"line":136,"column":40},"end":{"line":136,"column":42}},{"start":{"line":136,"column":38},"end":{"line":136,"column":46}}]},"25":{"loc":{"start":{"line":136,"column":38},"end":{"line":136,"column":42}},"type":"binary-expr","locations":[{"start":{"line":136,"column":38},"end":{"line":136,"column":42}},{"start":{"line":136,"column":38},"end":{"line":136,"column":42}}]},"26":{"loc":{"start":{"line":137,"column":19},"end":{"line":137,"column":21}},"type":"cond-expr","locations":[{"start":{"line":137,"column":19},"end":{"line":137,"column":21}},{"start":{"line":137,"column":17},"end":{"line":137,"column":25}}]},"27":{"loc":{"start":{"line":137,"column":17},"end":{"line":137,"column":21}},"type":"binary-expr","locations":[{"start":{"line":137,"column":17},"end":{"line":137,"column":21}},{"start":{"line":137,"column":17},"end":{"line":137,"column":21}}]},"28":{"loc":{"start":{"line":137,"column":30},"end":{"line":137,"column":48}},"type":"binary-expr","locations":[{"start":{"line":137,"column":30},"end":{"line":137,"column":48}},{"start":{"line":137,"column":52},"end":{"line":137,"column":69}}]},"29":{"loc":{"start":{"line":137,"column":41},"end":{"line":137,"column":43}},"type":"cond-expr","locations":[{"start":{"line":137,"column":41},"end":{"line":137,"column":43}},{"start":{"line":137,"column":39},"end":{"line":137,"column":47}}]},"30":{"loc":{"start":{"line":137,"column":39},"end":{"line":137,"column":43}},"type":"binary-expr","locations":[{"start":{"line":137,"column":39},"end":{"line":137,"column":43}},{"start":{"line":137,"column":39},"end":{"line":137,"column":43}}]},"31":{"loc":{"start":{"line":137,"column":54},"end":{"line":137,"column":56}},"type":"cond-expr","locations":[{"start":{"line":137,"column":54},"end":{"line":137,"column":56}},{"start":{"line":137,"column":52},"end":{"line":137,"column":60}}]},"32":{"loc":{"start":{"line":137,"column":52},"end":{"line":137,"column":56}},"type":"binary-expr","locations":[{"start":{"line":137,"column":52},"end":{"line":137,"column":56}},{"start":{"line":137,"column":52},"end":{"line":137,"column":56}}]},"33":{"loc":{"start":{"line":138,"column":21},"end":{"line":138,"column":23}},"type":"cond-expr","locations":[{"start":{"line":138,"column":21},"end":{"line":138,"column":23}},{"start":{"line":138,"column":19},"end":{"line":138,"column":28}}]},"34":{"loc":{"start":{"line":138,"column":19},"end":{"line":138,"column":23}},"type":"binary-expr","locations":[{"start":{"line":138,"column":19},"end":{"line":138,"column":23}},{"start":{"line":138,"column":19},"end":{"line":138,"column":23}}]},"35":{"loc":{"start":{"line":138,"column":44},"end":{"line":138,"column":46}},"type":"cond-expr","locations":[{"start":{"line":138,"column":44},"end":{"line":138,"column":46}},{"start":{"line":138,"column":42},"end":{"line":138,"column":51}}]},"36":{"loc":{"start":{"line":138,"column":42},"end":{"line":138,"column":46}},"type":"binary-expr","locations":[{"start":{"line":138,"column":42},"end":{"line":138,"column":46}},{"start":{"line":138,"column":42},"end":{"line":138,"column":46}}]},"37":{"loc":{"start":{"line":139,"column":22},"end":{"line":139,"column":24}},"type":"cond-expr","locations":[{"start":{"line":139,"column":22},"end":{"line":139,"column":24}},{"start":{"line":139,"column":20},"end":{"line":139,"column":30}}]},"38":{"loc":{"start":{"line":139,"column":20},"end":{"line":139,"column":24}},"type":"binary-expr","locations":[{"start":{"line":139,"column":20},"end":{"line":139,"column":24}},{"start":{"line":139,"column":20},"end":{"line":139,"column":24}}]},"39":{"loc":{"start":{"line":139,"column":46},"end":{"line":139,"column":48}},"type":"cond-expr","locations":[{"start":{"line":139,"column":46},"end":{"line":139,"column":48}},{"start":{"line":139,"column":44},"end":{"line":139,"column":54}}]},"40":{"loc":{"start":{"line":139,"column":44},"end":{"line":139,"column":48}},"type":"binary-expr","locations":[{"start":{"line":139,"column":44},"end":{"line":139,"column":48}},{"start":{"line":139,"column":44},"end":{"line":139,"column":48}}]},"41":{"loc":{"start":{"line":141,"column":16},"end":{"line":141,"column":34}},"type":"binary-expr","locations":[{"start":{"line":141,"column":16},"end":{"line":141,"column":34}},{"start":{"line":141,"column":38},"end":{"line":141,"column":55}}]},"42":{"loc":{"start":{"line":141,"column":27},"end":{"line":141,"column":29}},"type":"cond-expr","locations":[{"start":{"line":141,"column":27},"end":{"line":141,"column":29}},{"start":{"line":141,"column":25},"end":{"line":141,"column":33}}]},"43":{"loc":{"start":{"line":141,"column":25},"end":{"line":141,"column":29}},"type":"binary-expr","locations":[{"start":{"line":141,"column":25},"end":{"line":141,"column":29}},{"start":{"line":141,"column":25},"end":{"line":141,"column":29}}]},"44":{"loc":{"start":{"line":141,"column":40},"end":{"line":141,"column":42}},"type":"cond-expr","locations":[{"start":{"line":141,"column":40},"end":{"line":141,"column":42}},{"start":{"line":141,"column":38},"end":{"line":141,"column":46}}]},"45":{"loc":{"start":{"line":141,"column":38},"end":{"line":141,"column":42}},"type":"binary-expr","locations":[{"start":{"line":141,"column":38},"end":{"line":141,"column":42}},{"start":{"line":141,"column":38},"end":{"line":141,"column":42}}]},"46":{"loc":{"start":{"line":142,"column":19},"end":{"line":142,"column":21}},"type":"cond-expr","locations":[{"start":{"line":142,"column":19},"end":{"line":142,"column":21}},{"start":{"line":142,"column":17},"end":{"line":142,"column":25}}]},"47":{"loc":{"start":{"line":142,"column":17},"end":{"line":142,"column":21}},"type":"binary-expr","locations":[{"start":{"line":142,"column":17},"end":{"line":142,"column":21}},{"start":{"line":142,"column":17},"end":{"line":142,"column":21}}]},"48":{"loc":{"start":{"line":142,"column":30},"end":{"line":142,"column":48}},"type":"binary-expr","locations":[{"start":{"line":142,"column":30},"end":{"line":142,"column":48}},{"start":{"line":142,"column":52},"end":{"line":142,"column":69}}]},"49":{"loc":{"start":{"line":142,"column":41},"end":{"line":142,"column":43}},"type":"cond-expr","locations":[{"start":{"line":142,"column":41},"end":{"line":142,"column":43}},{"start":{"line":142,"column":39},"end":{"line":142,"column":47}}]},"50":{"loc":{"start":{"line":142,"column":39},"end":{"line":142,"column":43}},"type":"binary-expr","locations":[{"start":{"line":142,"column":39},"end":{"line":142,"column":43}},{"start":{"line":142,"column":39},"end":{"line":142,"column":43}}]},"51":{"loc":{"start":{"line":142,"column":54},"end":{"line":142,"column":56}},"type":"cond-expr","locations":[{"start":{"line":142,"column":54},"end":{"line":142,"column":56}},{"start":{"line":142,"column":52},"end":{"line":142,"column":60}}]},"52":{"loc":{"start":{"line":142,"column":52},"end":{"line":142,"column":56}},"type":"binary-expr","locations":[{"start":{"line":142,"column":52},"end":{"line":142,"column":56}},{"start":{"line":142,"column":52},"end":{"line":142,"column":56}}]},"53":{"loc":{"start":{"line":143,"column":21},"end":{"line":143,"column":23}},"type":"cond-expr","locations":[{"start":{"line":143,"column":21},"end":{"line":143,"column":23}},{"start":{"line":143,"column":19},"end":{"line":143,"column":28}}]},"54":{"loc":{"start":{"line":143,"column":19},"end":{"line":143,"column":23}},"type":"binary-expr","locations":[{"start":{"line":143,"column":19},"end":{"line":143,"column":23}},{"start":{"line":143,"column":19},"end":{"line":143,"column":23}}]},"55":{"loc":{"start":{"line":143,"column":44},"end":{"line":143,"column":46}},"type":"cond-expr","locations":[{"start":{"line":143,"column":44},"end":{"line":143,"column":46}},{"start":{"line":143,"column":42},"end":{"line":143,"column":51}}]},"56":{"loc":{"start":{"line":143,"column":42},"end":{"line":143,"column":46}},"type":"binary-expr","locations":[{"start":{"line":143,"column":42},"end":{"line":143,"column":46}},{"start":{"line":143,"column":42},"end":{"line":143,"column":46}}]},"57":{"loc":{"start":{"line":144,"column":22},"end":{"line":144,"column":24}},"type":"cond-expr","locations":[{"start":{"line":144,"column":22},"end":{"line":144,"column":24}},{"start":{"line":144,"column":20},"end":{"line":144,"column":30}}]},"58":{"loc":{"start":{"line":144,"column":20},"end":{"line":144,"column":24}},"type":"binary-expr","locations":[{"start":{"line":144,"column":20},"end":{"line":144,"column":24}},{"start":{"line":144,"column":20},"end":{"line":144,"column":24}}]},"59":{"loc":{"start":{"line":144,"column":46},"end":{"line":144,"column":48}},"type":"cond-expr","locations":[{"start":{"line":144,"column":46},"end":{"line":144,"column":48}},{"start":{"line":144,"column":44},"end":{"line":144,"column":54}}]},"60":{"loc":{"start":{"line":144,"column":44},"end":{"line":144,"column":48}},"type":"binary-expr","locations":[{"start":{"line":144,"column":44},"end":{"line":144,"column":48}},{"start":{"line":144,"column":44},"end":{"line":144,"column":48}}]},"61":{"loc":{"start":{"line":146,"column":16},"end":{"line":146,"column":34}},"type":"binary-expr","locations":[{"start":{"line":146,"column":16},"end":{"line":146,"column":34}},{"start":{"line":146,"column":38},"end":{"line":146,"column":55}}]},"62":{"loc":{"start":{"line":146,"column":27},"end":{"line":146,"column":29}},"type":"cond-expr","locations":[{"start":{"line":146,"column":27},"end":{"line":146,"column":29}},{"start":{"line":146,"column":25},"end":{"line":146,"column":33}}]},"63":{"loc":{"start":{"line":146,"column":25},"end":{"line":146,"column":29}},"type":"binary-expr","locations":[{"start":{"line":146,"column":25},"end":{"line":146,"column":29}},{"start":{"line":146,"column":25},"end":{"line":146,"column":29}}]},"64":{"loc":{"start":{"line":146,"column":40},"end":{"line":146,"column":42}},"type":"cond-expr","locations":[{"start":{"line":146,"column":40},"end":{"line":146,"column":42}},{"start":{"line":146,"column":38},"end":{"line":146,"column":46}}]},"65":{"loc":{"start":{"line":146,"column":38},"end":{"line":146,"column":42}},"type":"binary-expr","locations":[{"start":{"line":146,"column":38},"end":{"line":146,"column":42}},{"start":{"line":146,"column":38},"end":{"line":146,"column":42}}]},"66":{"loc":{"start":{"line":147,"column":19},"end":{"line":147,"column":21}},"type":"cond-expr","locations":[{"start":{"line":147,"column":19},"end":{"line":147,"column":21}},{"start":{"line":147,"column":17},"end":{"line":147,"column":25}}]},"67":{"loc":{"start":{"line":147,"column":17},"end":{"line":147,"column":21}},"type":"binary-expr","locations":[{"start":{"line":147,"column":17},"end":{"line":147,"column":21}},{"start":{"line":147,"column":17},"end":{"line":147,"column":21}}]},"68":{"loc":{"start":{"line":147,"column":30},"end":{"line":147,"column":48}},"type":"binary-expr","locations":[{"start":{"line":147,"column":30},"end":{"line":147,"column":48}},{"start":{"line":147,"column":52},"end":{"line":147,"column":69}}]},"69":{"loc":{"start":{"line":147,"column":41},"end":{"line":147,"column":43}},"type":"cond-expr","locations":[{"start":{"line":147,"column":41},"end":{"line":147,"column":43}},{"start":{"line":147,"column":39},"end":{"line":147,"column":47}}]},"70":{"loc":{"start":{"line":147,"column":39},"end":{"line":147,"column":43}},"type":"binary-expr","locations":[{"start":{"line":147,"column":39},"end":{"line":147,"column":43}},{"start":{"line":147,"column":39},"end":{"line":147,"column":43}}]},"71":{"loc":{"start":{"line":147,"column":54},"end":{"line":147,"column":56}},"type":"cond-expr","locations":[{"start":{"line":147,"column":54},"end":{"line":147,"column":56}},{"start":{"line":147,"column":52},"end":{"line":147,"column":60}}]},"72":{"loc":{"start":{"line":147,"column":52},"end":{"line":147,"column":56}},"type":"binary-expr","locations":[{"start":{"line":147,"column":52},"end":{"line":147,"column":56}},{"start":{"line":147,"column":52},"end":{"line":147,"column":56}}]},"73":{"loc":{"start":{"line":148,"column":21},"end":{"line":148,"column":23}},"type":"cond-expr","locations":[{"start":{"line":148,"column":21},"end":{"line":148,"column":23}},{"start":{"line":148,"column":19},"end":{"line":148,"column":28}}]},"74":{"loc":{"start":{"line":148,"column":19},"end":{"line":148,"column":23}},"type":"binary-expr","locations":[{"start":{"line":148,"column":19},"end":{"line":148,"column":23}},{"start":{"line":148,"column":19},"end":{"line":148,"column":23}}]},"75":{"loc":{"start":{"line":148,"column":44},"end":{"line":148,"column":46}},"type":"cond-expr","locations":[{"start":{"line":148,"column":44},"end":{"line":148,"column":46}},{"start":{"line":148,"column":42},"end":{"line":148,"column":51}}]},"76":{"loc":{"start":{"line":148,"column":42},"end":{"line":148,"column":46}},"type":"binary-expr","locations":[{"start":{"line":148,"column":42},"end":{"line":148,"column":46}},{"start":{"line":148,"column":42},"end":{"line":148,"column":46}}]},"77":{"loc":{"start":{"line":149,"column":22},"end":{"line":149,"column":24}},"type":"cond-expr","locations":[{"start":{"line":149,"column":22},"end":{"line":149,"column":24}
[...]
,"/home/senior/projects/linda-platform/packages/ui/src/modules/Navbar/NavItem.tsx": {"path":"/home/senior/projects/linda-platform/packages/ui/src/modules/Navbar/NavItem.tsx","statementMap":{"0":{"start":{"line":1,"column":0},"end":{"line":1,"column":58}},"1":{"start":{"line":2,"column":0},"end":{"line":2,"column":40}},"2":{"start":{"line":3,"column":0},"end":{"line":3,"column":58}},"3":{"start":{"line":7,"column":19},"end":{"line":9,"column":null}},"4":{"start":{"line":8,"column":11},"end":{"line":8,"column":12}},"5":{"start":{"line":9,"column":4},"end":{"line":9,"column":null}},"6":{"start":{"line":12,"column":16},"end":{"line":17,"column":null}},"7":{"start":{"line":20,"column":0},"end":{"line":20,"column":null}}},"fnMap":{"0":{"name":"(anonymous_8)","decl":{"start":{"line":8,"column":4},"end":{"line":8,"column":5}},"loc":{"start":{"line":8,"column":12},"end":{"line":9,"column":23}}}},"branchMap":{"0":{"loc":{"start":{"line":7,"column":22},"end":{"line":7,"column":43}},"type":"binary-expr","locations":[{"start":{"line":7,"column":22},"end":{"line":7,"column":43}},{"start":{"line":7,"column":22},"end":{"line":10,"column":null}}]},"1":{"loc":{"start":{"line":12,"column":35},"end":{"line":12,"column":null}},"type":"binary-expr","locations":[{"start":{"line":12,"column":35},"end":{"line":12,"column":null}},{"start":{"line":12,"column":35},"end":{"line":18,"column":null}}]}},"s":{"0":2,"1":2,"2":2,"3":2,"4":2,"5":2,"6":2,"7":2},"f":{"0":2},"b":{"0":[2,2],"1":[2,2]}}
,"/home/senior/projects/linda-platform/packages/ui/src/modules/Navbar/NavTitle.tsx": {"path":"/home/senior/projects/linda-platform/packages/ui/src/modules/Navbar/NavTitle.tsx","statementMap":{"0":{"start":{"line":2,"column":0},"end":{"line":2,"column":58}},"1":{"start":{"line":3,"column":0},"end":{"line":3,"column":47}},"2":{"start":{"line":4,"column":0},"end":{"line":4,"column":58}},"3":{"start":{"line":8,"column":19},"end":{"line":14,"column":null}},"4":{"start":{"line":9,"column":11},"end":{"line":9,"column":12}},"5":{"start":{"line":10,"column":4},"end":{"line":14,"column":null}},"6":{"start":{"line":17,"column":17},"end":{"line":21,"column":null}},"7":{"start":{"line":24,"column":0},"end":{"line":24,"column":null}}},"fnMap":{"0":{"name":"(anonymous_7)","decl":{"start":{"line":9,"column":4},"end":{"line":9,"column":5}},"loc":{"start":{"line":9,"column":12},"end":{"line":10,"column":23}}}},"branchMap":{"0":{"loc":{"start":{"line":8,"column":22},"end":{"line":8,"column":43}},"type":"binary-expr","locations":[{"start":{"line":8,"column":22},"end":{"line":8,"column":43}},{"start":{"line":8,"column":22},"end":{"line":15,"column":null}}]},"1":{"loc":{"start":{"line":17,"column":28},"end":{"line":17,"column":36}},"type":"binary-expr","locations":[{"start":{"line":17,"column":28},"end":{"line":17,"column":36}},{"start":{"line":17,"column":28},"end":{"line":22,"column":null}}]}},"s":{"0":2,"1":2,"2":2,"3":2,"4":1,"5":1,"6":2,"7":2},"f":{"0":1},"b":{"0":[2,2],"1":[2,2]}}
,"/home/senior/projects/linda-platform/packages/ui/src/modules/Navbar/Navbar.tsx": {"path":"/home/senior/projects/linda-platform/packages/ui/src/modules/Navbar/Navbar.tsx","statementMap":{"0":{"start":{"line":2,"column":0},"end":{"line":2,"column":58}},"1":{"start":{"line":3,"column":0},"end":{"line":3,"column":58}},"2":{"start":{"line":9,"column":19},"end":{"line":15,"column":null}},"3":{"start":{"line":10,"column":11},"end":{"line":10,"column":13}},"4":{"start":{"line":10,"column":27},"end":{"line":10,"column":28}},"5":{"start":{"line":11,"column":4},"end":{"line":15,"column":null}},"6":{"start":{"line":18,"column":15},"end":{"line":28,"column":null}},"7":{"start":{"line":20,"column":29},"end":{"line":20,"column":30}},"8":{"start":{"line":20,"column":35},"end":{"line":20,"column":null}},"9":{"start":{"line":21,"column":39},"end":{"line":21,"column":40}},"10":{"start":{"line":21,"column":45},"end":{"line":21,"column":null}},"11":{"start":{"line":31,"column":0},"end":{"line":31,"column":null}}},"fnMap":{"0":{"name":"(anonymous_7)","decl":{"start":{"line":10,"column":4},"end":{"line":10,"column":5}},"loc":{"start":{"line":10,"column":28},"end":{"line":11,"column":23}}},"1":{"name":"(anonymous_8)","decl":{"start":{"line":20,"column":22},"end":{"line":20,"column":23}},"loc":{"start":{"line":20,"column":30},"end":{"line":20,"column":40}}},"2":{"name":"(anonymous_9)","decl":{"start":{"line":21,"column":32},"end":{"line":21,"column":33}},"loc":{"start":{"line":21,"column":40},"end":{"line":21,"column":50}}}},"branchMap":{"0":{"loc":{"start":{"line":9,"column":22},"end":{"line":9,"column":43}},"type":"binary-expr","locations":[{"start":{"line":9,"column":22},"end":{"line":9,"column":43}},{"start":{"line":9,"column":22},"end":{"line":16,"column":null}}]},"1":{"loc":{"start":{"line":14,"column":23},"end":{"line":14,"column":39}},"type":"cond-expr","locations":[{"start":{"line":14,"column":23},"end":{"line":14,"column":39}},{"start":{"line":14,"column":42},"end":{"line":14,"column":44}}]},"2":{"loc":{"start":{"line":18,"column":25},"end":{"line":18,"column":33}},"type":"binary-expr","locations":[{"start":{"line":18,"column":25},"end":{"line":18,"column":33}},{"start":{"line":18,"column":25},"end":{"line":29,"column":null}}]}},"s":{"0":2,"1":2,"2":2,"3":1,"4":1,"5":1,"6":2,"7":1,"8":1,"9":1,"10":1,"11":2},"f":{"0":1,"1":1,"2":1},"b":{"0":[2,2],"1":[0,1],"2":[2,2]}}
,"/home/senior/projects/linda-platform/packages/ui/src/modules/Sidebar/Sidebar.tsx": {"path":"/home/senior/projects/linda-platform/packages/ui/src/modules/Sidebar/Sidebar.tsx","statementMap":{"0":{"start":{"line":1,"column":0},"end":{"line":1,"column":null}},"1":{"start":{"line":8,"column":0},"end":{"line":8,"column":23}},"2":{"start":{"line":9,"column":0},"end":{"line":9,"column":45}},"3":{"start":{"line":10,"column":0},"end":{"line":10,"column":39}},"4":{"start":{"line":11,"column":0},"end":{"line":11,"column":45}},"5":{"start":{"line":18,"column":43},"end":{"line":66,"column":1}},"6":{"start":{"line":19,"column":48},"end":{"line":19,"column":null}},"7":{"start":{"line":20,"column":38},"end":{"line":20,"column":62}},"8":{"start":{"line":20,"column":19},"end":{"line":20,"column":21}},"9":{"start":{"line":20,"column":34},"end":{"line":20,"column":38}},"10":{"start":{"line":22,"column":23},"end":{"line":24,"column":3}},"11":{"start":{"line":23,"column":4},"end":{"line":23,"column":null}},"12":{"start":{"line":23,"column":28},"end":{"line":23,"column":34}},"13":{"start":{"line":26,"column":23},"end":{"line":50,"column":4}},"14":{"start":{"line":27,"column":4},"end":{"line":34,"column":null}},"15":{"start":{"line":31,"column":6},"end":{"line":33,"column":null}},"16":{"start":{"line":36,"column":4},"end":{"line":38,"column":null}},"17":{"start":{"line":37,"column":6},"end":{"line":37,"column":null}},"18":{"start":{"line":40,"column":4},"end":{"line":49,"column":null}},"19":{"start":{"line":43,"column":8},"end":{"line":43,"column":null}},"20":{"start":{"line":45,"column":8},"end":{"line":47,"column":null}},"21":{"start":{"line":46,"column":10},"end":{"line":46,"column":null}},"22":{"start":{"line":52,"column":2},"end":{"line":65,"column":null}},"23":{"start":{"line":68,"column":0},"end":{"line":70,"column":null}},"24":{"start":{"line":72,"column":0},"end":{"line":72,"column":null}}},"fnMap":{"0":{"name":"(anonymous_7)","decl":{"start":{"line":18,"column":43},"end":{"line":18,"column":44}},"loc":{"start":{"line":18,"column":49},"end":{"line":66,"column":1}}},"1":{"name":"(anonymous_8)","decl":{"start":{"line":22,"column":23},"end":{"line":22,"column":null}},"loc":{"start":{"line":22,"column":23},"end":{"line":24,"column":3}}},"2":{"name":"(anonymous_9)","decl":{"start":{"line":23,"column":18},"end":{"line":23,"column":19}},"loc":{"start":{"line":23,"column":23},"end":{"line":23,"column":29}}},"3":{"name":"(anonymous_10)","decl":{"start":{"line":26,"column":52},"end":{"line":26,"column":53}},"loc":{"start":{"line":26,"column":62},"end":{"line":50,"column":3}}},"4":{"name":"(anonymous_11)","decl":{"start":{"line":42,"column":6},"end":{"line":42,"column":13}},"loc":{"start":{"line":42,"column":47},"end":{"line":48,"column":7}}}},"branchMap":{"0":{"loc":{"start":{"line":27,"column":4},"end":{"line":34,"column":null}},"type":"if","locations":[{"start":{"line":27,"column":4},"end":{"line":34,"column":null}},{"start":{"line":27,"column":4},"end":{"line":34,"column":null}}]},"1":{"loc":{"start":{"line":28,"column":6},"end":{"line":28,"column":30}},"type":"binary-expr","locations":[{"start":{"line":28,"column":6},"end":{"line":28,"column":30}},{"start":{"line":29,"column":7},"end":{"line":29,"column":32}},{"start":{"line":29,"column":36},"end":{"line":29,"column":64}}]},"2":{"loc":{"start":{"line":36,"column":4},"end":{"line":38,"column":null}},"type":"if","locations":[{"start":{"line":36,"column":4},"end":{"line":38,"column":null}},{"start":{"line":36,"column":4},"end":{"line":38,"column":null}}]},"3":{"loc":{"start":{"line":45,"column":8},"end":{"line":47,"column":null}},"type":"if","locations":[{"start":{"line":45,"column":8},"end":{"line":47,"column":null}},{"start":{"line":45,"column":8},"end":{"line":47,"column":null}}]}},"s":{"0":2,"1":2,"2":2,"3":2,"4":2,"5":2,"6":3,"7":1,"8":1,"9":1,"10":1,"11":0,"12":0,"13":1,"14":5,"15":0,"16":5,"17":1,"18":4,"19":0,"20":0,"21":0,"22":1,"23":2,"24":2},"f":{"0":1,"1":0,"2":0,"3":5,"4":0},"b":{"0":[0,5],"1":[5,5,1],"2":[1,4],"3":[0,0]}}
,"/home/senior/projects/linda-platform/packages/ui/src/modules/Sidebar/SidebarDivider.tsx": {"path":"/home/senior/projects/linda-platform/packages/ui/src/modules/Sidebar/SidebarDivider.tsx","statementMap":{"0":{"start":{"line":2,"column":0},"end":{"line":2,"column":38}},"1":{"start":{"line":6,"column":23},"end":{"line":7,"column":null}},"2":{"start":{"line":7,"column":25},"end":{"line":7,"column":26}},"3":{"start":{"line":7,"column":31},"end":{"line":7,"column":null}},"4":{"start":{"line":13,"column":0},"end":{"line":13,"column":null}}},"fnMap":{"0":{"name":"(anonymous_2)","decl":{"start":{"line":7,"column":18},"end":{"line":7,"column":19}},"loc":{"start":{"line":7,"column":26},"end":{"line":7,"column":36}}}},"branchMap":{"0":{"loc":{"start":{"line":6,"column":32},"end":{"line":6,"column":40}},"type":"binary-expr","locations":[{"start":{"line":6,"column":32},"end":{"line":6,"column":40}},{"start":{"line":6,"column":32},"end":{"line":11,"column":null}}]}},"s":{"0":2,"1":2,"2":1,"3":1,"4":2},"f":{"0":1},"b":{"0":[2,2]}}
,"/home/senior/projects/linda-platform/packages/ui/src/modules/Sidebar/SidebarItem.tsx": {"path":"/home/senior/projects/linda-platform/packages/ui/src/modules/Sidebar/SidebarItem.tsx","statementMap":{"0":{"start":{"line":1,"column":0},"end":{"line":1,"column":57}},"1":{"start":{"line":2,"column":0},"end":{"line":2,"column":null}},"2":{"start":{"line":11,"column":47},"end":{"line":24,"column":1}},"3":{"start":{"line":12,"column":33},"end":{"line":12,"column":null}},"4":{"start":{"line":12,"column":29},"end":{"line":12,"column":33}},"5":{"start":{"line":14,"column":2},"end":{"line":23,"column":null}},"6":{"start":{"line":26,"column":0},"end":{"line":26,"column":null}}},"fnMap":{"0":{"name":"(anonymous_4)","decl":{"start":{"line":11,"column":47},"end":{"line":11,"column":48}},"loc":{"start":{"line":11,"column":53},"end":{"line":24,"column":1}}}},"branchMap":{"0":{"loc":{"start":{"line":17,"column":7},"end":{"line":17,"column":12}},"type":"binary-expr","locations":[{"start":{"line":17,"column":7},"end":{"line":17,"column":12}},{"start":{"line":18,"column":8},"end":{"line":19,"column":null}}]}},"s":{"0":2,"1":2,"2":2,"3":8,"4":4,"5":4,"6":2},"f":{"0":4},"b":{"0":[4,4]}}
,"/home/senior/projects/linda-platform/packages/ui/src/modules/Sidebar/ItemWrapper/SidebarItemWrapper.tsx": {"path":"/home/senior/projects/linda-platform/packages/ui/src/modules/Sidebar/ItemWrapper/SidebarItemWrapper.tsx","statementMap":{"0":{"start":{"line":2,"column":0},"end":{"line":2,"column":58}},"1":{"start":{"line":10,"column":17},"end":{"line":12,"column":null}},"2":{"start":{"line":14,"column":20},"end":{"line":16,"column":null}},"3":{"start":{"line":18,"column":18},"end":{"line":21,"column":null}},"4":{"start":{"line":23,"column":27},"end":{"line":41,"column":null}},"5":{"start":{"line":27,"column":21},"end":{"line":27,"column":22}},"6":{"start":{"line":28,"column":4},"end":{"line":37,"column":null}},"7":{"start":{"line":30,"column":8},"end":{"line":30,"column":null}},"8":{"start":{"line":32,"column":8},"end":{"line":32,"column":null}},"9":{"start":{"line":34,"column":8},"end":{"line":34,"column":null}},"10":{"start":{"line":36,"column":8},"end":{"line":36,"column":null}},"11":{"start":{"line":41,"column":31},"end":{"line":41,"column":32}},"12":{"start":{"line":41,"column":37},"end":{"line":41,"column":null}},"13":{"start":{"line":64,"column":0},"end":{"line":64,"column":null}}},"fnMap":{"0":{"name":"(anonymous_7)","decl":{"start":{"line":27,"column":4},"end":{"line":27,"column":5}},"loc":{"start":{"line":27,"column":22},"end":{"line":38,"column":3}}},"1":{"name":"(anonymous_8)","decl":{"start":{"line":41,"column":24},"end":{"line":41,"column":25}},"loc":{"start":{"line":41,"column":32},"end":{"line":41,"column":42}}}},"branchMap":{"0":{"loc":{"start":{"line":10,"column":20},"end":{"line":10,"column":41}},"type":"binary-expr","locations":[{"start":{"line":10,"column":20},"end":{"line":10,"column":41}},{"start":{"line":10,"column":20},"end":{"line":12,"column":null}}]},"1":{"loc":{"start":{"line":14,"column":23},"end":{"line":14,"column":44}},"type":"binary-expr","locations":[{"start":{"line":14,"column":23},"end":{"line":14,"column":44}},{"start":{"line":14,"column":23},"end":{"line":16,"column":null}}]},"2":{"loc":{"start":{"line":18,"column":21},"end":{"line":18,"column":42}},"type":"binary-expr","locations":[{"start":{"line":18,"column":21},"end":{"line":18,"column":42}},{"start":{"line":18,"column":21},"end":{"line":21,"column":null}}]},"3":{"loc":{"start":{"line":23,"column":37},"end":{"line":23,"column":45}},"type":"binary-expr","locations":[{"start":{"line":23,"column":37},"end":{"line":23,"column":45}},{"start":{"line":23,"column":37},"end":{"line":62,"column":null}}]},"4":{"loc":{"start":{"line":29,"column":6},"end":{"line":30,"column":null}},"type":"switch","locations":[{"start":{"line":29,"column":6},"end":{"line":30,"column":null}},{"start":{"line":31,"column":6},"end":{"line":32,"column":null}},{"start":{"line":33,"column":6},"end":{"line":34,"column":null}},{"start":{"line":35,"column":6},"end":{"line":36,"column":null}}]}},"s":{"0":2,"1":2,"2":2,"3":2,"4":2,"5":4,"6":4,"7":1,"8":1,"9":1,"10":1,"11":4,"12":4,"13":2},"f":{"0":4,"1":4},"b":{"0":[2,2],"1":[2,2],"2":[2,2],"3":[2,2],"4":[1,1,1,1]}}
,"/home/senior/projects/linda-platform/packages/ui/src/modules/Sidebar/SidebarWrapper/SidebarWrapper.tsx": {"path":"/home/senior/projects/linda-platform/packages/ui/src/modules/Sidebar/SidebarWrapper/SidebarWrapper.tsx","statementMap":{"0":{"start":{"line":1,"column":0},"end":{"line":1,"column":38}},"1":{"start":{"line":2,"column":0},"end":{"line":2,"column":61}},"2":{"start":{"line":4,"column":20},"end":{"line":4,"column":null}},"3":{"start":{"line":27,"column":23},"end":{"line":71,"column":null}},"4":{"start":{"line":28,"column":29},"end":{"line":28,"column":30}},"5":{"start":{"line":28,"column":35},"end":{"line":28,"column":null}},"6":{"start":{"line":30,"column":18},"end":{"line":30,"column":19}},"7":{"start":{"line":30,"column":24},"end":{"line":30,"column":null}},"8":{"start":{"line":66,"column":23},"end":{"line":66,"column":24}},"9":{"start":{"line":66,"column":29},"end":{"line":66,"column":null}},"10":{"start":{"line":71,"column":11},"end":{"line":71,"column":12}},"11":{"start":{"line":71,"column":17},"end":{"line":71,"column":null}},"12":{"start":{"line":74,"column":0},"end":{"line":74,"column":null}}},"fnMap":{"0":{"name":"(anonymous_2)","decl":{"start":{"line":28,"column":22},"end":{"line":28,"column":23}},"loc":{"start":{"line":28,"column":30},"end":{"line":28,"column":40}}},"1":{"name":"(anonymous_3)","decl":{"start":{"line":30,"column":11},"end":{"line":30,"column":12}},"loc":{"start":{"line":30,"column":19},"end":{"line":30,"column":29}}},"2":{"name":"(anonymous_4)","decl":{"start":{"line":66,"column":16},"end":{"line":66,"column":17}},"loc":{"start":{"line":66,"column":24},"end":{"line":66,"column":34}}},"3":{"name":"(anonymous_5)","decl":{"start":{"line":71,"column":4},"end":{"line":71,"column":5}},"loc":{"start":{"line":71,"column":12},"end":{"line":71,"column":36}}}},"branchMap":{"0":{"loc":{"start":{"line":27,"column":33},"end":{"line":27,"column":null}},"type":"binary-expr","locations":[{"start":{"line":27,"column":33},"end":{"line":27,"column":null}},{"start":{"line":27,"column":33},"end":{"line":72,"column":null}}]}},"s":{"0":2,"1":2,"2":2,"3":2,"4":1,"5":1,"6":1,"7":1,"8":1,"9":1,"10":1,"11":1,"12":2},"f":{"0":1,"1":1,"2":1,"3":1},"b":{"0":[2,2]}}
,"/home/senior/projects/linda-platform/packages/ui/src/modules/Slider/Slider.tsx": {"path":"/home/senior/projects/linda-platform/packages/ui/src/modules/Slider/Slider.tsx","statementMap":{"0":{"start":{"line":1,"column":0},"end":{"line":1,"column":null}},"1":{"start":{"line":7,"column":0},"end":{"line":7,"column":38}},"2":{"start":{"line":8,"column":0},"end":{"line":8,"column":41}},"3":{"start":{"line":9,"column":0},"end":{"line":9,"column":31}},"4":{"start":{"line":10,"column":0},"end":{"line":10,"column":51}},"5":{"start":{"line":11,"column":0},"end":{"line":11,"column":37}},"6":{"start":{"line":17,"column":42},"end":{"line":46,"column":1}},"7":{"start":{"line":18,"column":19},"end":{"line":18,"column":null}},"8":{"start":{"line":20,"column":42},"end":{"line":20,"column":61}},"9":{"start":{"line":20,"column":21},"end":{"line":20,"column":23}},"10":{"start":{"line":20,"column":38},"end":{"line":20,"column":42}},"11":{"start":{"line":22,"column":25},"end":{"line":26,"column":4}},"12":{"start":{"line":23,"column":4},"end":{"line":25,"column":null}},"13":{"start":{"line":28,"column":2},"end":{"line":45,"column":null}},"14":{"start":{"line":48,"column":0},"end":{"line":48,"column":null}}},"fnMap":{"0":{"name":"(anonymous_7)","decl":{"start":{"line":17,"column":42},"end":{"line":17,"column":43}},"loc":{"start":{"line":17,"column":48},"end":{"line":46,"column":1}}},"1":{"name":"(anonymous_8)","decl":{"start":{"line":22,"column":52},"end":{"line":22,"column":53}},"loc":{"start":{"line":22,"column":65},"end":{"line":26,"column":3}}}},"branchMap":{},"s":{"0":1,"1":1,"2":1,"3":1,"4":1,"5":1,"6":1,"7":1,"8":1,"9":1,"10":1,"11":1,"12":2,"13":1,"14":1},"f":{"0":1,"1":2},"b":{}}
,"/home/senior/projects/linda-platform/packages/ui/src/modules/Toolbar/Toolbar.tsx": {"path":"/home/senior/projects/linda-platform/packages/ui/src/modules/Toolbar/Toolbar.tsx","statementMap":{"0":{"start":{"line":1,"column":0},"end":{"line":1,"column":38}},"1":{"start":{"line":3,"column":16},"end":{"line":19,"column":null}},"2":{"start":{"line":5,"column":39},"end":{"line":5,"column":40}},"3":{"start":{"line":5,"column":45},"end":{"line":5,"column":null}},"4":{"start":{"line":19,"column":32},"end":{"line":19,"column":33}},"5":{"start":{"line":19,"column":38},"end":{"line":19,"column":null}},"6":{"start":{"line":25,"column":0},"end":{"line":25,"column":null}}},"fnMap":{"0":{"name":"(anonymous_2)","decl":{"start":{"line":5,"column":32},"end":{"line":5,"column":33}},"loc":{"start":{"line":5,"column":40},"end":{"line":5,"column":50}}},"1":{"name":"(anonymous_3)","decl":{"start":{"line":19,"column":25},"end":{"line":19,"column":26}},"loc":{"start":{"line":19,"column":33},"end":{"line":19,"column":43}}}},"branchMap":{"0":{"loc":{"start":{"line":3,"column":26},"end":{"line":3,"column":null}},"type":"binary-expr","locations":[{"start":{"line":3,"column":26},"end":{"line":3,"column":null}},{"start":{"line":3,"column":26},"end":{"line":23,"column":null}}]}},"s":{"0":2,"1":2,"2":1,"3":1,"4":1,"5":1,"6":2},"f":{"0":1,"1":1},"b":{"0":[2,2]}}
}
