TN:
SF:src/components/Accordion/Accordion.tsx
FN:16,(anonymous_10)
FN:24,(anonymous_11)
FNF:2
FNH:1
FNDA:1,(anonymous_10)
FNDA:0,(anonymous_11)
DA:1,2
DA:7,2
DA:8,2
DA:9,2
DA:16,2
DA:17,2
DA:18,1
DA:20,1
DA:24,0
DA:32,2
LF:10
LH:9
BRF:0
BRH:0
end_of_record
TN:
SF:src/components/Accordion/AccordionContent/AccordionContent.tsx
FN:15,(anonymous_7)
FN:20,(anonymous_8)
FNF:2
FNH:2
FNDA:1,(anonymous_7)
FNDA:1,(anonymous_8)
DA:2,2
DA:8,2
DA:14,2
DA:15,1
DA:20,1
DA:23,2
LF:6
LH:6
BRDA:8,0,0,2
BRDA:8,0,1,2
BRDA:14,1,0,2
BRDA:14,1,1,2
BRDA:20,2,0,1
BRDA:20,2,1,0
BRF:6
BRH:5
end_of_record
TN:
SF:src/components/Accordion/AccordionLabel/AccordionLabel.tsx
FN:16,(anonymous_7)
FN:23,(anonymous_8)
FN:34,(anonymous_9)
FNF:3
FNH:3
FNDA:1,(anonymous_7)
FNDA:1,(anonymous_8)
FNDA:1,(anonymous_9)
DA:2,2
DA:3,2
DA:9,2
DA:15,2
DA:16,1
DA:23,1
DA:34,1
DA:37,2
LF:8
LH:8
BRDA:9,0,0,2
BRDA:9,0,1,2
BRDA:15,1,0,2
BRDA:15,1,1,2
BRDA:34,2,0,1
BRDA:34,2,1,0
BRF:6
BRH:5
end_of_record
TN:
SF:src/components/Accordion/AccordionWrapper/AccordionWrapper.tsx
FN:9,(anonymous_2)
FN:10,(anonymous_3)
FN:12,(anonymous_4)
FNF:3
FNH:3
FNDA:1,(anonymous_2)
FNDA:1,(anonymous_3)
FNDA:1,(anonymous_4)
DA:2,2
DA:8,2
DA:9,1
DA:10,1
DA:12,1
DA:18,2
LF:6
LH:6
BRDA:8,0,0,2
BRDA:8,0,1,2
BRF:2
BRH:2
end_of_record
TN:
SF:src/components/Alert/Alert.tsx
FN:13,(anonymous_7)
FN:17,(anonymous_8)
FNF:2
FNH:1
FNDA:20,(anonymous_7)
FNDA:0,(anonymous_8)
DA:1,2
DA:2,2
DA:3,2
DA:4,2
DA:5,2
DA:13,2
DA:14,20
DA:15,80
DA:17,20
DA:18,0
DA:19,0
DA:20,0
DA:24,20
DA:40,2
LF:14
LH:11
BRDA:19,0,0,0
BRDA:19,0,1,0
BRDA:27,1,0,0
BRDA:27,1,1,20
BRDA:28,2,0,20
BRDA:28,2,1,10
BRDA:32,3,0,10
BRDA:32,3,1,10
BRF:8
BRH:5
end_of_record
TN:
SF:src/components/Alert/AlertStyledComponent.tsx
FN:13,(anonymous_7)
FN:17,(anonymous_8)
FN:21,(anonymous_9)
FN:25,(anonymous_10)
FN:29,(anonymous_11)
FN:37,(anonymous_12)
FN:47,(anonymous_13)
FNF:7
FNH:7
FNDA:4,(anonymous_7)
FNDA:4,(anonymous_8)
FNDA:4,(anonymous_9)
FNDA:4,(anonymous_10)
FNDA:4,(anonymous_11)
FNDA:20,(anonymous_12)
FNDA:20,(anonymous_13)
DA:2,2
DA:3,2
DA:12,2
DA:13,4
DA:16,2
DA:17,4
DA:20,2
DA:21,4
DA:24,2
DA:25,4
DA:28,2
DA:29,4
DA:32,2
DA:37,20
DA:47,20
DA:48,20
DA:50,4
DA:52,4
DA:54,4
DA:56,4
DA:59,4
DA:69,2
LF:22
LH:22
BRDA:12,0,0,2
BRDA:12,0,1,2
BRDA:16,1,0,2
BRDA:16,1,1,2
BRDA:20,2,0,2
BRDA:20,2,1,2
BRDA:24,3,0,2
BRDA:24,3,1,2
BRDA:28,4,0,2
BRDA:28,4,1,2
BRDA:32,5,0,2
BRDA:32,5,1,2
BRDA:49,6,0,4
BRDA:49,6,1,4
BRDA:49,6,2,4
BRDA:49,6,3,4
BRDA:49,6,4,0
BRDA:49,6,5,4
BRF:18
BRH:17
end_of_record
TN:
SF:src/components/Alert/CloseButton.tsx
FN:10,(anonymous_7)
FN:14,(anonymous_8)
FN:18,(anonymous_9)
FN:22,(anonymous_10)
FN:26,(anonymous_11)
FN:31,(anonymous_12)
FN:34,(anonymous_13)
FN:42,(anonymous_14)
FNF:8
FNH:8
FNDA:2,(anonymous_7)
FNDA:2,(anonymous_8)
FNDA:2,(anonymous_9)
FNDA:2,(anonymous_10)
FNDA:2,(anonymous_11)
FNDA:10,(anonymous_12)
FNDA:10,(anonymous_13)
FNDA:10,(anonymous_14)
DA:2,2
DA:9,2
DA:10,2
DA:13,2
DA:14,2
DA:17,2
DA:18,2
DA:21,2
DA:22,2
DA:25,2
DA:26,2
DA:29,2
DA:31,10
DA:34,10
DA:42,10
DA:43,10
DA:45,2
DA:47,2
DA:49,2
DA:51,2
DA:54,2
DA:59,2
LF:22
LH:22
BRDA:9,0,0,2
BRDA:9,0,1,2
BRDA:13,1,0,2
BRDA:13,1,1,2
BRDA:17,2,0,2
BRDA:17,2,1,2
BRDA:21,3,0,2
BRDA:21,3,1,2
BRDA:25,4,0,2
BRDA:25,4,1,2
BRDA:29,5,0,2
BRDA:29,5,1,2
BRDA:44,6,0,2
BRDA:44,6,1,2
BRDA:44,6,2,2
BRDA:44,6,3,2
BRDA:44,6,4,0
BRDA:44,6,5,2
BRF:18
BRH:17
end_of_record
TN:
SF:src/components/Button/Button.tsx
FN:37,(anonymous_7)
FN:55,(anonymous_8)
FN:61,(anonymous_9)
FN:66,(anonymous_10)
FN:83,(anonymous_11)
FN:88,(anonymous_12)
FN:92,(anonymous_13)
FN:96,(anonymous_14)
FN:100,(anonymous_15)
FN:107,(anonymous_16)
FN:119,(anonymous_17)
FN:131,(anonymous_18)
FNF:12
FNH:12
FNDA:16,(anonymous_7)
FNDA:16,(anonymous_8)
FNDA:20,(anonymous_9)
FNDA:30,(anonymous_10)
FNDA:30,(anonymous_11)
FNDA:2,(anonymous_12)
FNDA:2,(anonymous_13)
FNDA:2,(anonymous_14)
FNDA:2,(anonymous_15)
FNDA:66,(anonymous_16)
FNDA:66,(anonymous_17)
FNDA:66,(anonymous_18)
DA:2,8
DA:3,8
DA:16,8
DA:22,8
DA:28,8
DA:34,8
DA:37,16
DA:38,16
DA:39,2
DA:42,14
DA:44,1
DA:46,1
DA:48,1
DA:51,11
DA:55,16
DA:56,16
DA:59,8
DA:61,20
DA:62,20
DA:65,8
DA:66,30
DA:67,30
DA:68,2
DA:71,28
DA:73,1
DA:75,1
DA:77,1
DA:80,25
DA:83,30
DA:84,30
DA:87,8
DA:88,2
DA:91,8
DA:92,2
DA:95,8
DA:96,2
DA:99,8
DA:100,2
DA:103,8
DA:107,66
DA:108,66
DA:110,6
DA:112,14
DA:115,46
DA:119,66
DA:120,66
DA:122,16
DA:124,20
DA:127,30
DA:131,66
DA:132,66
DA:133,30
DA:136,36
DA:138,2
DA:140,2
DA:142,2
DA:144,2
DA:146,28
DA:151,8
LF:59
LH:59
BRDA:16,0,0,8
BRDA:16,0,1,8
BRDA:22,1,0,8
BRDA:22,1,1,8
BRDA:28,2,0,8
BRDA:28,2,1,8
BRDA:34,3,0,8
BRDA:34,3,1,8
BRDA:38,4,0,2
BRDA:38,4,1,14
BRDA:43,5,0,1
BRDA:43,5,1,1
BRDA:43,5,2,1
BRDA:43,5,3,1
BRDA:43,5,4,11
BRDA:56,6,0,2
BRDA:56,6,1,14
BRDA:59,7,0,8
BRDA:59,7,1,8
BRDA:62,8,0,2
BRDA:62,8,1,18
BRDA:65,9,0,8
BRDA:65,9,1,8
BRDA:67,10,0,2
BRDA:67,10,1,28
BRDA:72,11,0,1
BRDA:72,11,1,1
BRDA:72,11,2,1
BRDA:72,11,3,1
BRDA:72,11,4,25
BRDA:84,12,0,2
BRDA:84,12,1,28
BRDA:87,13,0,8
BRDA:87,13,1,8
BRDA:91,14,0,8
BRDA:91,14,1,8
BRDA:95,15,0,8
BRDA:95,15,1,8
BRDA:99,16,0,8
BRDA:99,16,1,8
BRDA:103,17,0,8
BRDA:103,17,1,8
BRDA:109,18,0,6
BRDA:109,18,1,14
BRDA:109,18,2,12
BRDA:109,18,3,46
BRDA:121,19,0,16
BRDA:121,19,1,20
BRDA:121,19,2,12
BRDA:121,19,3,30
BRDA:132,20,0,30
BRDA:132,20,1,36
BRDA:132,21,0,66
BRDA:132,21,1,48
BRDA:137,22,0,2
BRDA:137,22,1,2
BRDA:137,22,2,2
BRDA:137,22,3,2
BRDA:137,22,4,28
BRF:59
BRH:59
end_of_record
TN:
SF:src/components/ButtonGroup/ButtonGroup.tsx
FN:26,(anonymous_2)
FN:30,(anonymous_3)
FNF:2
FNH:2
FNDA:9,(anonymous_2)
FNDA:9,(anonymous_3)
DA:2,5
DA:6,5
DA:26,9
DA:30,9
DA:35,5
LF:5
LH:5
BRDA:6,0,0,5
BRDA:6,0,1,5
BRF:2
BRH:2
end_of_record
TN:
SF:src/components/Checkbox/Checkbox.tsx
FN:17,(anonymous_4)
FN:34,(anonymous_5)
FNF:2
FNH:1
FNDA:10,(anonymous_4)
FNDA:0,(anonymous_5)
DA:1,2
DA:2,2
DA:3,2
DA:4,2
DA:5,2
DA:6,2
DA:17,2
DA:18,50
DA:20,10
DA:33,2
DA:34,0
DA:37,2
LF:12
LH:11
BRDA:25,0,0,4
BRDA:25,0,1,6
BRF:2
BRH:2
end_of_record
TN:
SF:src/components/Checkbox/CheckboxContainer.tsx
FN:11,(anonymous_2)
FNF:1
FNH:1
FNDA:10,(anonymous_2)
DA:2,2
DA:3,2
DA:9,2
DA:11,10
DA:12,10
DA:18,2
LF:6
LH:6
BRDA:9,0,0,2
BRDA:9,0,1,2
BRDA:12,1,0,4
BRDA:12,1,1,6
BRF:4
BRH:4
end_of_record
TN:
SF:src/components/Checkbox/HiddenCheckbox.tsx
FNF:0
FNH:0
DA:2,2
DA:6,2
DA:17,2
LF:3
LH:3
BRDA:6,0,0,2
BRDA:6,0,1,2
BRF:2
BRH:2
end_of_record
TN:
SF:src/components/Checkbox/VisibleCheckbox.tsx
FN:10,(anonymous_7)
FN:11,(anonymous_8)
FN:12,(anonymous_9)
FN:17,(anonymous_10)
FN:18,(anonymous_11)
FN:20,(anonymous_12)
FN:28,(anonymous_13)
FN:31,(anonymous_14)
FNF:8
FNH:8
FNDA:4,(anonymous_7)
FNDA:4,(anonymous_8)
FNDA:4,(anonymous_9)
FNDA:10,(anonymous_10)
FNDA:10,(anonymous_11)
FNDA:10,(anonymous_12)
FNDA:10,(anonymous_13)
FNDA:10,(anonymous_14)
DA:2,2
DA:9,2
DA:10,4
DA:11,4
DA:12,4
DA:15,2
DA:17,10
DA:18,10
DA:20,10
DA:28,10
DA:31,10
DA:35,2
LF:12
LH:12
BRDA:9,0,0,2
BRDA:9,0,1,2
BRDA:15,1,0,2
BRDA:15,1,1,2
BRDA:28,2,0,4
BRDA:28,2,1,6
BRDA:31,3,0,8
BRDA:31,3,1,2
BRF:8
BRH:8
end_of_record
TN:
SF:src/components/Dropdown/Dropdown.tsx
FN:23,(anonymous_20)
FN:28,(anonymous_21)
FN:36,(anonymous_24)
FN:44,(anonymous_25)
FN:50,(anonymous_26)
FNF:5
FNH:2
FNDA:4,(anonymous_20)
FNDA:0,(anonymous_21)
FNDA:0,(anonymous_24)
FNDA:0,(anonymous_25)
FNDA:4,(anonymous_26)
DA:1,3
DA:10,3
DA:11,3
DA:12,3
DA:23,3
DA:24,4
DA:25,4
DA:26,20
DA:28,4
DA:29,0
DA:30,0
DA:33,0
DA:36,4
DA:37,0
DA:38,0
DA:40,0
DA:44,4
DA:45,0
DA:46,0
DA:50,4
DA:51,4
DA:52,0
DA:56,4
DA:75,3
LF:24
LH:15
BRDA:29,0,0,0
BRDA:29,0,1,0
BRDA:37,1,0,0
BRDA:37,1,1,0
BRDA:45,2,0,0
BRDA:45,2,1,0
BRDA:45,3,0,0
BRDA:45,3,1,0
BRDA:51,4,0,0
BRDA:51,4,1,4
BRF:10
BRH:1
end_of_record
TN:
SF:src/components/Dropdown/DropdownMenuItem.tsx
FN:4,(anonymous_2)
FN:5,(anonymous_3)
FN:14,(anonymous_4)
FNF:3
FNH:3
FNDA:8,(anonymous_2)
FNDA:8,(anonymous_3)
FNDA:8,(anonymous_4)
DA:1,3
DA:3,3
DA:4,8
DA:5,8
DA:14,8
DA:18,3
LF:6
LH:6
BRDA:3,0,0,3
BRDA:3,0,1,3
BRF:2
BRH:2
end_of_record
TN:
SF:src/components/Dropdown/Button/DropdownButton.tsx
FN:13,(anonymous_1)
FNF:1
FNH:1
FNDA:4,(anonymous_1)
DA:1,3
DA:2,3
DA:3,3
DA:4,3
DA:5,3
DA:13,3
DA:14,4
DA:15,4
DA:16,4
DA:17,4
DA:18,4
DA:19,4
DA:34,3
LF:13
LH:13
BRDA:28,0,0,0
BRDA:28,0,1,4
BRF:2
BRH:1
end_of_record
TN:
SF:src/components/Dropdown/Menu/DropdownMenu.tsx
FN:16,(anonymous_7)
FN:25,(anonymous_8)
FNF:2
FNH:2
FNDA:4,(anonymous_7)
FNDA:4,(anonymous_8)
DA:2,3
DA:10,3
DA:15,3
DA:16,4
DA:25,4
DA:28,3
LF:6
LH:6
BRDA:10,0,0,3
BRDA:10,0,1,3
BRDA:15,1,0,3
BRDA:15,1,1,3
BRDA:25,2,0,0
BRDA:25,2,1,4
BRF:6
BRH:5
end_of_record
TN:
SF:src/components/Dropdown/Wrapper/DropdownWrapper.tsx
FNF:0
FNH:0
DA:2,3
DA:4,3
DA:11,3
LF:3
LH:3
BRDA:4,0,0,3
BRDA:4,0,1,3
BRF:2
BRH:2
end_of_record
TN:
SF:src/components/Grid/Col.tsx
FN:29,(anonymous_8)
FN:37,(anonymous_9)
FN:125,(anonymous_10)
FN:160,(anonymous_11)
FN:168,(anonymous_12)
FNF:5
FNH:5
FNDA:5,(anonymous_8)
FNDA:25,(anonymous_9)
FNDA:5,(anonymous_10)
FNDA:5,(anonymous_11)
FNDA:5,(anonymous_12)
DA:2,2
DA:3,2
DA:4,2
DA:6,2
DA:7,2
DA:9,2
DA:28,2
DA:32,5
DA:34,5
DA:36,5
DA:38,25
DA:40,25
DA:41,12
DA:42,4
DA:45,4
DA:47,0
DA:56,0
DA:58,2
DA:66,2
DA:68,2
DA:80,4
DA:82,0
DA:85,0
DA:87,1
DA:90,1
DA:92,1
DA:95,1
DA:100,4
DA:101,2
DA:110,4
DA:113,21
DA:125,2
DA:126,30
DA:128,5
DA:161,5
DA:162,5
DA:163,5
DA:165,5
DA:169,5
DA:170,5
DA:171,5
DA:173,5
DA:180,2
LF:43
LH:39
BRDA:28,0,0,2
BRDA:28,0,1,2
BRDA:40,1,0,4
BRDA:40,1,1,21
BRDA:46,2,0,0
BRDA:46,2,1,2
BRDA:46,2,2,2
BRDA:81,3,0,0
BRDA:81,3,1,1
BRDA:81,3,2,1
BRDA:81,3,3,2
BRDA:100,4,0,2
BRDA:100,4,1,2
BRDA:100,5,0,4
BRDA:100,5,1,2
BRDA:132,6,0,5
BRDA:132,6,1,0
BRDA:132,7,0,5
BRDA:132,7,1,5
BRDA:132,8,0,5
BRDA:132,8,1,0
BRDA:132,9,0,5
BRDA:132,9,1,0
BRDA:132,10,0,5
BRDA:132,10,1,5
BRDA:132,11,0,0
BRDA:132,11,1,0
BRDA:132,12,0,0
BRDA:132,12,1,0
BRDA:133,13,0,5
BRDA:133,13,1,0
BRDA:133,14,0,5
BRDA:133,14,1,5
BRDA:133,15,0,5
BRDA:133,15,1,0
BRDA:133,16,0,5
BRDA:133,16,1,5
BRDA:134,17,0,5
BRDA:134,17,1,0
BRDA:134,18,0,5
BRDA:134,18,1,5
BRDA:134,19,0,5
BRDA:134,19,1,0
BRDA:134,20,0,5
BRDA:134,20,1,5
BRDA:136,21,0,5
BRDA:136,21,1,2
BRDA:136,22,0,1
BRDA:136,22,1,4
BRDA:136,23,0,5
BRDA:136,23,1,5
BRDA:136,24,0,0
BRDA:136,24,1,2
BRDA:136,25,0,2
BRDA:136,25,1,2
BRDA:137,26,0,1
BRDA:137,26,1,4
BRDA:137,27,0,5
BRDA:137,27,1,5
BRDA:137,28,0,5
BRDA:137,28,1,2
BRDA:137,29,0,1
BRDA:137,29,1,4
BRDA:137,30,0,5
BRDA:137,30,1,5
BRDA:137,31,0,0
BRDA:137,31,1,2
BRDA:137,32,0,2
BRDA:137,32,1,2
BRDA:138,33,0,1
BRDA:138,33,1,4
BRDA:138,34,0,5
BRDA:138,34,1,5
BRDA:138,35,0,1
BRDA:138,35,1,4
BRDA:138,36,0,5
BRDA:138,36,1,5
BRDA:139,37,0,1
BRDA:139,37,1,4
BRDA:139,38,0,5
BRDA:139,38,1,5
BRDA:139,39,0,1
BRDA:139,39,1,4
BRDA:139,40,0,5
BRDA:139,40,1,5
BRDA:141,41,0,5
BRDA:141,41,1,0
BRDA:141,42,0,5
BRDA:141,42,1,0
BRDA:141,43,0,5
BRDA:141,43,1,5
BRDA:141,44,0,0
BRDA:141,44,1,0
BRDA:141,45,0,0
BRDA:141,45,1,0
BRDA:142,46,0,5
BRDA:142,46,1,0
BRDA:142,47,0,5
BRDA:142,47,1,5
BRDA:142,48,0,5
BRDA:142,48,1,0
BRDA:142,49,0,5
BRDA:142,49,1,0
BRDA:142,50,0,5
BRDA:142,50,1,5
BRDA:142,51,0,0
BRDA:142,51,1,0
BRDA:142,52,0,0
BRDA:142,52,1,0
BRDA:143,53,0,5
BRDA:143,53,1,0
BRDA:143,54,0,5
BRDA:143,54,1,5
BRDA:143,55,0,5
BRDA:143,55,1,0
BRDA:143,56,0,5
BRDA:143,56,1,5
BRDA:144,57,0,5
BRDA:144,57,1,0
BRDA:144,58,0,5
BRDA:144,58,1,5
BRDA:144,59,0,5
BRDA:144,59,1,0
BRDA:144,60,0,5
BRDA:144,60,1,5
BRDA:146,61,0,5
BRDA:146,61,1,0
BRDA:146,62,0,5
BRDA:146,62,1,0
BRDA:146,63,0,5
BRDA:146,63,1,5
BRDA:146,64,0,0
BRDA:146,64,1,0
BRDA:146,65,0,0
BRDA:146,65,1,0
BRDA:147,66,0,5
BRDA:147,66,1,0
BRDA:147,67,0,5
BRDA:147,67,1,5
BRDA:147,68,0,5
BRDA:147,68,1,0
BRDA:147,69,0,5
BRDA:147,69,1,0
BRDA:147,70,0,5
BRDA:147,70,1,5
BRDA:147,71,0,0
BRDA:147,71,1,0
BRDA:147,72,0,0
BRDA:147,72,1,0
BRDA:148,73,0,5
BRDA:148,73,1,0
BRDA:148,74,0,5
BRDA:148,74,1,5
BRDA:148,75,0,5
BRDA:148,75,1,0
BRDA:148,76,0,5
BRDA:148,76,1,5
BRDA:149,77,0,5
BRDA:149,77,1,0
BRDA:149,78,0,5
BRDA:149,78,1,5
BRDA:149,79,0,5
BRDA:149,79,1,0
BRDA:149,80,0,5
BRDA:149,80,1,5
BRDA:151,81,0,5
BRDA:151,81,1,0
BRDA:151,82,0,5
BRDA:151,82,1,0
BRDA:151,83,0,5
BRDA:151,83,1,5
BRDA:151,84,0,0
BRDA:151,84,1,0
BRDA:151,85,0,0
BRDA:151,85,1,0
BRDA:152,86,0,5
BRDA:152,86,1,0
BRDA:152,87,0,5
BRDA:152,87,1,5
BRDA:152,88,0,5
BRDA:152,88,1,0
BRDA:152,89,0,5
BRDA:152,89,1,0
BRDA:152,90,0,5
BRDA:152,90,1,5
BRDA:152,91,0,0
BRDA:152,91,1,0
BRDA:152,92,0,0
BRDA:152,92,1,0
BRDA:153,93,0,5
BRDA:153,93,1,0
BRDA:153,94,0,5
BRDA:153,94,1,5
BRDA:153,95,0,5
BRDA:153,95,1,0
BRDA:153,96,0,5
BRDA:153,96,1,5
BRDA:154,97,0,5
BRDA:154,97,1,0
BRDA:154,98,0,5
BRDA:154,98,1,5
BRDA:154,99,0,5
BRDA:154,99,1,0
BRDA:154,100,0,5
BRDA:154,100,1,5
BRDA:157,101,0,2
BRDA:157,101,1,2
BRF:207
BRH:141
end_of_record
TN:
SF:src/components/Grid/Container.tsx
FN:14,(anonymous_8)
FN:28,(anonymous_9)
FN:51,(anonymous_10)
FN:63,(anonymous_11)
FN:71,(anonymous_12)
FNF:5
FNH:5
FNDA:7,(anonymous_8)
FNDA:36,(anonymous_9)
FNDA:7,(anonymous_10)
FNDA:7,(anonymous_11)
FNDA:7,(anonymous_12)
DA:2,2
DA:3,2
DA:4,2
DA:6,2
DA:7,2
DA:13,2
DA:15,7
DA:16,7
DA:17,7
DA:18,7
DA:21,7
DA:22,1
DA:25,6
DA:27,6
DA:29,36
DA:30,5
DA:33,36
DA:35,36
DA:36,24
DA:45,12
DA:51,7
DA:52,7
DA:64,7
DA:65,7
DA:66,7
DA:68,7
DA:72,7
DA:73,7
DA:74,7
DA:76,7
DA:83,2
LF:31
LH:31
BRDA:13,0,0,2
BRDA:13,0,1,2
BRDA:21,1,0,1
BRDA:21,1,1,6
BRDA:29,2,0,5
BRDA:29,2,1,31
BRDA:35,3,0,24
BRDA:35,3,1,12
BRDA:40,4,0,14
BRDA:40,4,1,10
BRDA:55,5,0,7
BRDA:55,5,1,6
BRDA:56,6,0,7
BRDA:56,6,1,6
BRDA:59,7,0,2
BRDA:59,7,1,2
BRF:16
BRH:16
end_of_record
TN:
SF:src/components/Grid/Row.tsx
FN:29,(anonymous_8)
FN:32,(anonymous_9)
FN:43,(anonymous_10)
FN:51,(anonymous_11)
FN:59,(anonymous_12)
FN:60,(anonymous_13)
FNF:6
FNH:6
FNDA:6,(anonymous_8)
FNDA:8,(anonymous_9)
FNDA:8,(anonymous_10)
FNDA:8,(anonymous_11)
FNDA:8,(anonymous_12)
FNDA:8,(anonymous_13)
DA:2,2
DA:3,2
DA:4,2
DA:17,2
DA:28,2
DA:29,6
DA:32,8
DA:33,8
DA:44,8
DA:45,8
DA:46,8
DA:48,8
DA:52,8
DA:53,8
DA:54,8
DA:56,8
DA:59,8
DA:60,8
DA:63,2
LF:19
LH:19
BRDA:17,0,0,2
BRDA:17,0,1,2
BRDA:28,1,0,2
BRDA:28,1,1,2
BRDA:39,2,0,2
BRDA:39,2,1,2
BRDA:59,3,0,1
BRDA:59,3,1,7
BRDA:60,4,0,6
BRDA:60,4,1,2
BRF:10
BRH:10
end_of_record
TN:
SF:src/components/ImageGallery/ImageGallery.tsx
FN:26,(anonymous_10)
FN:33,(anonymous_11)
FN:34,(anonymous_12)
FN:37,(anonymous_13)
FN:45,(anonymous_14)
FN:64,(anonymous_15)
FN:65,(anonymous_16)
FN:68,(anonymous_17)
FN:72,(anonymous_18)
FN:80,(anonymous_19)
FN:97,(anonymous_20)
FN:101,(anonymous_21)
FNF:12
FNH:8
FNDA:2,(anonymous_10)
FNDA:1,(anonymous_11)
FNDA:3,(anonymous_12)
FNDA:1,(anonymous_13)
FNDA:1,(anonymous_14)
FNDA:1,(anonymous_15)
FNDA:1,(anonymous_16)
FNDA:0,(anonymous_17)
FNDA:0,(anonymous_18)
FNDA:0,(anonymous_19)
FNDA:6,(anonymous_20)
FNDA:0,(anonymous_21)
DA:1,2
DA:7,2
DA:8,2
DA:9,2
DA:10,2
DA:12,2
DA:13,2
DA:26,2
DA:27,4
DA:29,2
DA:30,2
DA:31,2
DA:33,2
DA:34,3
DA:37,2
DA:38,1
DA:42,1
DA:45,2
DA:46,1
DA:48,1
DA:49,0
DA:50,1
DA:51,0
DA:54,1
DA:55,0
DA:58,1
DA:59,1
DA:61,1
DA:64,2
DA:65,1
DA:68,2
DA:69,0
DA:72,2
DA:73,0
DA:74,0
DA:76,0
DA:80,2
DA:81,0
DA:82,0
DA:84,0
DA:88,2
DA:97,6
DA:101,0
DA:110,2
DA:114,2
LF:45
LH:34
BRDA:39,0,0,1
BRDA:39,0,1,0
BRDA:42,1,0,1
BRDA:42,1,1,0
BRDA:48,2,0,0
BRDA:48,2,1,1
BRDA:50,3,0,0
BRDA:50,3,1,1
BRDA:54,4,0,0
BRDA:54,4,1,1
BRDA:73,5,0,0
BRDA:73,5,1,0
BRDA:81,6,0,0
BRDA:81,6,1,0
BRDA:91,7,0,0
BRDA:91,7,1,2
BRDA:91,8,0,2
BRDA:91,8,1,2
BRDA:92,9,0,2
BRDA:92,9,1,0
BRF:20
BRH:9
end_of_record
TN:
SF:src/components/ImageGallery/CurrentImage/CurrentImage.tsx
FN:14,(anonymous_1)
FNF:1
FNH:1
FNDA:1,(anonymous_1)
DA:1,2
DA:2,2
DA:3,2
DA:4,2
DA:5,2
DA:14,2
DA:15,4
DA:17,1
DA:34,2
LF:9
LH:9
BRF:0
BRH:0
end_of_record
TN:
SF:src/components/Jumbotron/Jumbotron.tsx
FN:20,(anonymous_7)
FN:22,(anonymous_8)
FN:26,(anonymous_9)
FNF:3
FNH:3
FNDA:1,(anonymous_7)
FNDA:1,(anonymous_8)
FNDA:1,(anonymous_9)
DA:2,2
DA:3,2
DA:11,2
DA:15,2
DA:19,2
DA:20,1
DA:22,1
DA:26,1
DA:27,1
DA:29,0
DA:32,1
DA:37,2
LF:12
LH:11
BRDA:11,0,0,2
BRDA:11,0,1,2
BRDA:15,1,0,2
BRDA:15,1,1,2
BRDA:19,2,0,2
BRDA:19,2,1,2
BRDA:28,3,0,0
BRDA:28,3,1,0
BRDA:28,3,2,1
BRF:9
BRH:7
end_of_record
TN:
SF:src/components/Label/Label.tsx
FNF:0
FNH:0
DA:2,1
DA:3,1
DA:7,1
DA:11,1
LF:4
LH:4
BRDA:7,0,0,1
BRDA:7,0,1,1
BRF:2
BRH:2
end_of_record
TN:
SF:src/components/List/List.tsx
FNF:0
FNH:0
DA:2,2
DA:6,2
DA:18,2
LF:3
LH:3
BRDA:6,0,0,2
BRDA:6,0,1,2
BRF:2
BRH:2
end_of_record
TN:
SF:src/components/List/ListItem.tsx
FN:9,(anonymous_7)
FN:13,(anonymous_8)
FN:14,(anonymous_9)
FN:21,(anonymous_10)
FN:24,(anonymous_11)
FNF:5
FNH:5
FNDA:1,(anonymous_7)
FNDA:6,(anonymous_8)
FNDA:6,(anonymous_9)
FNDA:6,(anonymous_10)
FNDA:6,(anonymous_11)
DA:2,2
DA:8,2
DA:9,1
DA:12,2
DA:13,6
DA:14,6
DA:21,6
DA:24,6
DA:27,2
LF:9
LH:9
BRDA:8,0,0,2
BRDA:8,0,1,2
BRDA:12,1,0,2
BRDA:12,1,1,2
BRDA:24,2,0,1
BRDA:24,2,1,5
BRF:6
BRH:6
end_of_record
TN:
SF:src/components/Pagination/Pagination.tsx
FN:30,(anonymous_7)
FN:40,(anonymous_8)
FN:46,(anonymous_9)
FN:52,(anonymous_10)
FN:52,(anonymous_11)
FN:64,(anonymous_12)
FN:109,(anonymous_13)
FNF:7
FNH:4
FNDA:6,(anonymous_7)
FNDA:0,(anonymous_8)
FNDA:0,(anonymous_9)
FNDA:17,(anonymous_10)
FNDA:0,(anonymous_11)
FNDA:6,(anonymous_12)
FNDA:17,(anonymous_13)
DA:1,2
DA:2,2
DA:3,2
DA:4,2
DA:5,2
DA:6,2
DA:7,2
DA:9,2
DA:22,2
DA:23,2
DA:24,2
DA:25,2
DA:26,2
DA:27,2
DA:28,2
DA:30,2
DA:38,36
DA:40,6
DA:41,0
DA:42,0
DA:46,6
DA:47,0
DA:48,0
DA:52,17
DA:53,0
DA:54,0
DA:55,0
DA:56,0
DA:57,0
DA:59,0
DA:64,6
DA:65,6
DA:66,6
DA:69,0
DA:70,0
DA:76,0
DA:79,6
DA:109,17
DA:152,2
DA:158,2
LF:40
LH:27
BRDA:41,0,0,0
BRDA:41,0,1,0
BRDA:47,1,0,0
BRDA:47,1,1,0
BRDA:53,2,0,0
BRDA:53,2,1,0
BRDA:54,3,0,0
BRDA:54,3,1,0
BRDA:56,4,0,0
BRDA:56,4,1,0
BRDA:65,5,0,6
BRDA:65,5,1,0
BRDA:69,6,0,0
BRDA:69,6,1,0
BRDA:71,7,0,0
BRDA:71,7,1,0
BRDA:89,8,0,6
BRDA:89,8,1,0
BRDA:91,9,0,0
BRDA:91,9,1,0
BRDA:99,10,0,0
BRDA:99,10,1,0
BRDA:117,11,0,17
BRDA:117,11,1,12
BRDA:120,12,0,6
BRDA:120,12,1,0
BRDA:122,13,0,0
BRDA:122,13,1,0
BRDA:130,14,0,0
BRDA:130,14,1,0
BRF:30
BRH:5
end_of_record
TN:
SF:src/components/Pagination/PaginationWrapper/PaginationWrapper.tsx
FNF:0
FNH:0
DA:1,2
DA:3,2
DA:8,2
LF:3
LH:3
BRDA:3,0,0,2
BRDA:3,0,1,2
BRF:2
BRH:2
end_of_record
TN:
SF:src/components/Pill/Pill.tsx
FN:21,(anonymous_7)
FN:22,(anonymous_8)
FN:29,(anonymous_9)
FN:34,(anonymous_10)
FN:36,(anonymous_11)
FNF:5
FNH:5
FNDA:4,(anonymous_7)
FNDA:4,(anonymous_8)
FNDA:8,(anonymous_9)
FNDA:8,(anonymous_10)
FNDA:8,(anonymous_11)
DA:2,3
DA:3,3
DA:12,3
DA:16,3
DA:20,3
DA:21,4
DA:22,4
DA:25,3
DA:29,8
DA:34,8
DA:36,8
DA:37,8
DA:39,2
DA:42,6
DA:47,3
DA:51,3
LF:16
LH:16
BRDA:12,0,0,3
BRDA:12,0,1,3
BRDA:16,1,0,3
BRDA:16,1,1,3
BRDA:20,2,0,3
BRDA:20,2,1,3
BRDA:25,3,0,3
BRDA:25,3,1,3
BRDA:34,4,0,4
BRDA:34,4,1,4
BRDA:38,5,0,2
BRDA:38,5,1,2
BRDA:38,5,2,6
BRF:13
BRH:13
end_of_record
TN:
SF:src/components/RadioSelect/RadioItem.tsx
FN:12,(anonymous_3)
FNF:1
FNH:1
FNDA:9,(anonymous_3)
DA:1,2
DA:2,2
DA:3,2
DA:12,2
DA:13,36
DA:15,9
DA:28,2
LF:7
LH:7
BRDA:23,0,0,9
BRDA:23,0,1,9
BRF:2
BRH:2
end_of_record
TN:
SF:src/components/RadioSelect/RadioSelect.tsx
FN:18,(anonymous_10)
FN:22,(anonymous_11)
FN:32,(anonymous_12)
FNF:3
FNH:2
FNDA:3,(anonymous_10)
FNDA:9,(anonymous_11)
FNDA:0,(anonymous_12)
DA:1,2
DA:9,2
DA:10,2
DA:18,2
DA:19,12
DA:20,3
DA:22,3
DA:23,9
DA:24,0
DA:29,9
DA:31,9
DA:33,0
DA:35,0
DA:37,0
DA:38,0
DA:48,3
DA:51,2
LF:17
LH:12
BRDA:23,0,0,0
BRDA:23,0,1,9
BRDA:23,1,0,9
BRDA:23,1,1,9
BRDA:37,2,0,0
BRDA:37,2,1,0
BRDA:41,3,0,9
BRDA:41,3,1,9
BRDA:42,4,0,9
BRDA:42,4,1,9
BRF:10
BRH:7
end_of_record
TN:
SF:src/components/Table/Table.tsx
FN:12,(anonymous_7)
FN:20,(anonymous_8)
FN:24,(anonymous_9)
FNF:3
FNH:3
FNDA:1,(anonymous_7)
FNDA:2,(anonymous_8)
FNDA:2,(anonymous_9)
DA:2,2
DA:3,2
DA:9,2
DA:12,1
DA:17,2
DA:20,2
DA:24,2
DA:27,2
LF:8
LH:8
BRDA:9,0,0,2
BRDA:9,0,1,2
BRDA:17,1,0,2
BRDA:17,1,1,2
BRDA:24,2,0,1
BRDA:24,2,1,1
BRF:6
BRH:6
end_of_record
TN:
SF:src/components/Table/TableBody/TableBody.tsx
FNF:0
FNH:0
DA:2,2
DA:6,2
DA:8,2
LF:3
LH:3
BRDA:6,0,0,2
BRDA:6,0,1,2
BRF:2
BRH:2
end_of_record
TN:
SF:src/components/Table/TableCell/TableCell.tsx
FNF:0
FNH:0
DA:2,2
DA:6,2
DA:10,2
LF:3
LH:3
BRDA:6,0,0,2
BRDA:6,0,1,2
BRF:2
BRH:2
end_of_record
TN:
SF:src/components/Table/TableHead/TableHead.tsx
FNF:0
FNH:0
DA:2,2
DA:6,2
DA:20,2
LF:3
LH:3
BRDA:6,0,0,2
BRDA:6,0,1,2
BRF:2
BRH:2
end_of_record
TN:
SF:src/components/Table/TableHeadCell/TableHeadCell.tsx
FNF:0
FNH:0
DA:2,2
DA:6,2
DA:10,2
LF:3
LH:3
BRDA:6,0,0,2
BRDA:6,0,1,2
BRF:2
BRH:2
end_of_record
TN:
SF:src/components/Table/TableRow/TableRow.tsx
FN:9,(anonymous_7)
FN:11,(anonymous_8)
FN:15,(anonymous_9)
FN:17,(anonymous_10)
FNF:4
FNH:4
FNDA:2,(anonymous_7)
FNDA:2,(anonymous_8)
FNDA:8,(anonymous_9)
FNDA:8,(anonymous_10)
DA:2,2
DA:8,2
DA:9,2
DA:10,2
DA:11,2
DA:14,2
DA:15,8
DA:17,8
DA:33,2
LF:9
LH:9
BRDA:8,0,0,2
BRDA:8,0,1,2
BRDA:14,1,0,2
BRDA:14,1,1,2
BRDA:17,2,0,2
BRDA:17,2,1,6
BRF:6
BRH:6
end_of_record
TN:
SF:src/components/TextInput/TextInput.tsx
FN:15,(anonymous_4)
FNF:1
FNH:1
FNDA:2,(anonymous_4)
DA:1,2
DA:2,2
DA:3,2
DA:15,2
DA:25,2
DA:26,16
DA:27,2
DA:29,2
DA:48,2
LF:9
LH:9
BRDA:27,0,0,2
BRDA:27,0,1,1
BRF:2
BRH:2
end_of_record
TN:
SF:src/components/TextInput/Input/Input.tsx
FN:12,(anonymous_2)
FN:13,(anonymous_3)
FN:15,(anonymous_4)
FN:22,(anonymous_5)
FN:23,(anonymous_6)
FN:27,(anonymous_7)
FN:28,(anonymous_8)
FN:29,(anonymous_9)
FN:33,(anonymous_10)
FNF:9
FNH:9
FNDA:2,(anonymous_2)
FNDA:2,(anonymous_3)
FNDA:2,(anonymous_4)
FNDA:2,(anonymous_5)
FNDA:2,(anonymous_6)
FNDA:2,(anonymous_7)
FNDA:2,(anonymous_8)
FNDA:2,(anonymous_9)
FNDA:2,(anonymous_10)
DA:2,2
DA:3,2
DA:11,2
DA:12,2
DA:13,2
DA:15,2
DA:22,2
DA:23,2
DA:27,2
DA:28,2
DA:29,2
DA:33,2
DA:37,2
LF:13
LH:13
BRDA:11,0,0,2
BRDA:11,0,1,2
BRF:2
BRH:2
end_of_record
TN:
SF:src/components/TextInput/Label/Label.tsx
FN:28,(anonymous_7)
FN:31,(anonymous_8)
FNF:2
FNH:2
FNDA:2,(anonymous_7)
FNDA:2,(anonymous_8)
DA:2,2
DA:3,2
DA:11,2
DA:15,2
DA:19,2
DA:23,2
DA:27,2
DA:28,2
DA:29,2
DA:31,2
DA:32,2
DA:34,0
DA:36,0
DA:38,1
DA:41,1
DA:48,2
LF:16
LH:14
BRDA:11,0,0,2
BRDA:11,0,1,2
BRDA:15,1,0,2
BRDA:15,1,1,2
BRDA:19,2,0,2
BRDA:19,2,1,2
BRDA:23,3,0,2
BRDA:23,3,1,2
BRDA:27,4,0,2
BRDA:27,4,1,2
BRDA:29,5,0,1
BRDA:29,5,1,1
BRDA:33,6,0,0
BRDA:33,6,1,0
BRDA:33,6,2,1
BRDA:33,6,3,0
BRDA:33,6,4,1
BRF:17
BRH:14
end_of_record
TN:
SF:src/components/Toggle/Toggle.tsx
FN:19,(anonymous_7)
FN:24,(anonymous_8)
FN:34,(anonymous_9)
FNF:3
FNH:2
FNDA:4,(anonymous_7)
FNDA:12,(anonymous_8)
FNDA:0,(anonymous_9)
DA:1,1
DA:7,1
DA:8,1
DA:9,1
DA:19,1
DA:20,16
DA:22,4
DA:24,4
DA:25,12
DA:26,0
DA:29,12
DA:35,0
DA:37,0
DA:38,0
DA:41,0
DA:42,0
DA:50,4
DA:53,1
LF:18
LH:12
BRDA:22,0,0,4
BRDA:22,0,1,2
BRDA:25,1,0,0
BRDA:25,1,1,12
BRDA:25,2,0,12
BRDA:25,2,1,12
BRDA:37,3,0,0
BRDA:37,3,1,0
BRDA:41,4,0,0
BRDA:41,4,1,0
BRDA:45,5,0,8
BRDA:45,5,1,4
BRF:12
BRH:7
end_of_record
TN:
SF:src/components/ToggleSwitch/ToggleSwitch.tsx
FN:13,(anonymous_3)
FNF:1
FNH:1
FNDA:4,(anonymous_3)
DA:1,2
DA:2,2
DA:3,2
DA:4,2
DA:13,2
DA:14,16
DA:16,4
DA:31,2
LF:8
LH:8
BRF:0
BRH:0
end_of_record
TN:
SF:src/components/Tooltip/Tooltip.tsx
FN:22,(anonymous_9)
FN:61,(anonymous_10)
FN:81,(anonymous_11)
FNF:3
FNH:3
FNDA:5,(anonymous_9)
FNDA:6,(anonymous_10)
FNDA:5,(anonymous_11)
DA:1,2
DA:10,2
DA:11,2
DA:12,2
DA:22,2
DA:32,40
DA:34,5
DA:35,0
DA:39,5
DA:41,5
DA:42,4
DA:45,5
DA:62,6
DA:63,6
DA:64,6
DA:65,6
DA:66,6
DA:67,6
DA:81,5
DA:82,5
DA:95,2
DA:100,2
LF:22
LH:21
BRDA:34,0,0,0
BRDA:34,0,1,5
BRDA:39,1,0,5
BRDA:39,1,1,0
BRDA:39,2,0,0
BRDA:39,2,1,5
BRDA:41,3,0,4
BRDA:41,3,1,1
BRDA:83,4,0,5
BRDA:83,4,1,0
BRF:10
BRH:6
end_of_record
TN:
SF:src/modules/Navbar/Nav.tsx
FN:8,(anonymous_7)
FNF:1
FNH:1
FNDA:1,(anonymous_7)
DA:2,2
DA:3,2
DA:7,2
DA:8,1
DA:9,1
DA:16,2
DA:22,2
LF:7
LH:7
BRDA:7,0,0,2
BRDA:7,0,1,2
BRDA:16,1,0,2
BRDA:16,1,1,2
BRF:4
BRH:4
end_of_record
TN:
SF:src/modules/Navbar/NavItem.tsx
FN:8,(anonymous_8)
FNF:1
FNH:1
FNDA:2,(anonymous_8)
DA:1,2
DA:2,2
DA:3,2
DA:7,2
DA:8,2
DA:9,2
DA:12,2
DA:20,2
LF:8
LH:8
BRDA:7,0,0,2
BRDA:7,0,1,2
BRDA:12,1,0,2
BRDA:12,1,1,2
BRF:4
BRH:4
end_of_record
TN:
SF:src/modules/Navbar/NavTitle.tsx
FN:9,(anonymous_7)
FNF:1
FNH:1
FNDA:1,(anonymous_7)
DA:2,2
DA:3,2
DA:4,2
DA:8,2
DA:9,1
DA:10,1
DA:17,2
DA:24,2
LF:8
LH:8
BRDA:8,0,0,2
BRDA:8,0,1,2
BRDA:17,1,0,2
BRDA:17,1,1,2
BRF:4
BRH:4
end_of_record
TN:
SF:src/modules/Navbar/Navbar.tsx
FN:10,(anonymous_7)
FN:20,(anonymous_8)
FN:21,(anonymous_9)
FNF:3
FNH:3
FNDA:1,(anonymous_7)
FNDA:1,(anonymous_8)
FNDA:1,(anonymous_9)
DA:2,2
DA:3,2
DA:9,2
DA:10,1
DA:11,1
DA:18,2
DA:20,1
DA:21,1
DA:31,2
LF:9
LH:9
BRDA:9,0,0,2
BRDA:9,0,1,2
BRDA:14,1,0,0
BRDA:14,1,1,1
BRDA:18,2,0,2
BRDA:18,2,1,2
BRF:6
BRH:5
end_of_record
TN:
SF:src/modules/Sidebar/Sidebar.tsx
FN:18,(anonymous_7)
FN:22,(anonymous_8)
FN:23,(anonymous_9)
FN:26,(anonymous_10)
FN:42,(anonymous_11)
FNF:5
FNH:2
FNDA:1,(anonymous_7)
FNDA:0,(anonymous_8)
FNDA:0,(anonymous_9)
FNDA:5,(anonymous_10)
FNDA:0,(anonymous_11)
DA:1,2
DA:8,2
DA:9,2
DA:10,2
DA:11,2
DA:18,2
DA:19,3
DA:20,1
DA:22,1
DA:23,0
DA:26,1
DA:27,5
DA:31,0
DA:36,5
DA:37,1
DA:40,4
DA:43,0
DA:45,0
DA:46,0
DA:52,1
DA:68,2
DA:72,2
LF:22
LH:17
BRDA:27,0,0,0
BRDA:27,0,1,5
BRDA:28,1,0,5
BRDA:28,1,1,5
BRDA:28,1,2,1
BRDA:36,2,0,1
BRDA:36,2,1,4
BRDA:45,3,0,0
BRDA:45,3,1,0
BRF:9
BRH:6
end_of_record
TN:
SF:src/modules/Sidebar/SidebarDivider.tsx
FN:7,(anonymous_2)
FNF:1
FNH:1
FNDA:1,(anonymous_2)
DA:2,2
DA:6,2
DA:7,1
DA:13,2
LF:4
LH:4
BRDA:6,0,0,2
BRDA:6,0,1,2
BRF:2
BRH:2
end_of_record
TN:
SF:src/modules/Sidebar/SidebarItem.tsx
FN:11,(anonymous_4)
FNF:1
FNH:1
FNDA:4,(anonymous_4)
DA:1,2
DA:2,2
DA:11,2
DA:12,8
DA:14,4
DA:26,2
LF:6
LH:6
BRDA:17,0,0,4
BRDA:17,0,1,4
BRF:2
BRH:2
end_of_record
TN:
SF:src/modules/Sidebar/ItemWrapper/SidebarItemWrapper.tsx
FN:27,(anonymous_7)
FN:41,(anonymous_8)
FNF:2
FNH:2
FNDA:4,(anonymous_7)
FNDA:4,(anonymous_8)
DA:2,2
DA:10,2
DA:14,2
DA:18,2
DA:23,2
DA:27,4
DA:28,4
DA:30,1
DA:32,1
DA:34,1
DA:36,1
DA:41,4
DA:64,2
LF:13
LH:13
BRDA:10,0,0,2
BRDA:10,0,1,2
BRDA:14,1,0,2
BRDA:14,1,1,2
BRDA:18,2,0,2
BRDA:18,2,1,2
BRDA:23,3,0,2
BRDA:23,3,1,2
BRDA:29,4,0,1
BRDA:29,4,1,1
BRDA:29,4,2,1
BRDA:29,4,3,1
BRF:12
BRH:12
end_of_record
TN:
SF:src/modules/Sidebar/SidebarWrapper/SidebarWrapper.tsx
FN:28,(anonymous_2)
FN:30,(anonymous_3)
FN:66,(anonymous_4)
FN:71,(anonymous_5)
FNF:4
FNH:4
FNDA:1,(anonymous_2)
FNDA:1,(anonymous_3)
FNDA:1,(anonymous_4)
FNDA:1,(anonymous_5)
DA:1,2
DA:2,2
DA:4,2
DA:27,2
DA:28,1
DA:30,1
DA:66,1
DA:71,1
DA:74,2
LF:9
LH:9
BRDA:27,0,0,2
BRDA:27,0,1,2
BRF:2
BRH:2
end_of_record
TN:
SF:src/modules/Slider/Slider.tsx
FN:17,(anonymous_7)
FN:22,(anonymous_8)
FNF:2
FNH:2
FNDA:1,(anonymous_7)
FNDA:2,(anonymous_8)
DA:1,1
DA:7,1
DA:8,1
DA:9,1
DA:10,1
DA:11,1
DA:17,1
DA:18,1
DA:20,1
DA:22,1
DA:23,2
DA:28,1
DA:48,1
LF:13
LH:13
BRF:0
BRH:0
end_of_record
TN:
SF:src/modules/Toolbar/Toolbar.tsx
FN:5,(anonymous_2)
FN:19,(anonymous_3)
FNF:2
FNH:2
FNDA:1,(anonymous_2)
FNDA:1,(anonymous_3)
DA:1,2
DA:3,2
DA:5,1
DA:19,1
DA:25,2
LF:5
LH:5
BRDA:3,0,0,2
BRDA:3,0,1,2
BRF:2
BRH:2
end_of_record
